This is pdfTeX, Version 3.141592653-2.6-1.40.24 (MiKTeX 22.1) (preloaded format=pdflatex 2022.2.13)  10 APR 2022 17:48
entering extended mode
 restricted \write18 enabled.
 %&-line parsing enabled.
**./Beamer.tex
(Beamer.tex
LaTeX2e <2021-11-15> patch level 1
L3 programming layer <2022-02-05>
(C:\Users\Fabrizio\AppData\Local\Programs\MiKTeX 2.9\tex/latex/beamer\beamer.cl
s
Document Class: beamer 2022/01/21 v3.65 A class for typesetting presentations

(C:\Users\Fabrizio\AppData\Local\Programs\MiKTeX 2.9\tex/latex/beamer\beamerbas
emodes.sty
(C:\Users\Fabrizio\AppData\Local\Programs\MiKTeX 2.9\tex/latex/etoolbox\etoolbo
x.sty
Package: etoolbox 2020/10/05 v2.5k e-TeX tools for LaTeX (JAW)
\etb@tempcnta=\count185
)
\beamer@tempbox=\box50
\beamer@tempcount=\count186
\c@beamerpauses=\count187

(C:\Users\Fabrizio\AppData\Local\Programs\MiKTeX 2.9\tex/latex/beamer\beamerbas
edecode.sty
\beamer@slideinframe=\count188
\beamer@minimum=\count189
\beamer@decode@box=\box51
)
\beamer@commentbox=\box52
\beamer@modecount=\count190
)
(C:\Users\Fabrizio\AppData\Local\Programs\MiKTeX 2.9\tex/generic/iftex\ifpdf.st
y
Package: ifpdf 2019/10/25 v3.4 ifpdf legacy package. Use iftex instead.

(C:\Users\Fabrizio\AppData\Local\Programs\MiKTeX 2.9\tex/generic/iftex\iftex.st
y
Package: iftex 2022/02/03 v1.0f TeX engine tests
))
\headdp=\dimen138
\footheight=\dimen139
\sidebarheight=\dimen140
\beamer@tempdim=\dimen141
\beamer@finalheight=\dimen142
\beamer@animht=\dimen143
\beamer@animdp=\dimen144
\beamer@animwd=\dimen145
\beamer@leftmargin=\dimen146
\beamer@rightmargin=\dimen147
\beamer@leftsidebar=\dimen148
\beamer@rightsidebar=\dimen149
\beamer@boxsize=\dimen150
\beamer@vboxoffset=\dimen151
\beamer@descdefault=\dimen152
\beamer@descriptionwidth=\dimen153
\beamer@lastskip=\skip47
\beamer@areabox=\box53
\beamer@animcurrent=\box54
\beamer@animshowbox=\box55
\beamer@sectionbox=\box56
\beamer@logobox=\box57
\beamer@linebox=\box58
\beamer@sectioncount=\count191
\beamer@subsubsectionmax=\count192
\beamer@subsectionmax=\count193
\beamer@sectionmax=\count194
\beamer@totalheads=\count195
\beamer@headcounter=\count196
\beamer@partstartpage=\count197
\beamer@sectionstartpage=\count198
\beamer@subsectionstartpage=\count199
\beamer@animationtempa=\count266
\beamer@animationtempb=\count267
\beamer@xpos=\count268
\beamer@ypos=\count269
\beamer@ypos@offset=\count270
\beamer@showpartnumber=\count271
\beamer@currentsubsection=\count272
\beamer@coveringdepth=\count273
\beamer@sectionadjust=\count274
\beamer@toclastsection=\count275
\beamer@tocsectionnumber=\count276

(C:\Users\Fabrizio\AppData\Local\Programs\MiKTeX 2.9\tex/latex/beamer\beamerbas
eoptions.sty
(C:\Users\Fabrizio\AppData\Local\Programs\MiKTeX 2.9\tex/latex/graphics\keyval.
sty
Package: keyval 2014/10/28 v1.15 key=value parser (DPC)
\KV@toks@=\toks16
))
\beamer@paperwidth=\skip48
\beamer@paperheight=\skip49

(C:\Users\Fabrizio\AppData\Local\Programs\MiKTeX 2.9\tex/latex/geometry\geometr
y.sty
Package: geometry 2020/01/02 v5.9 Page Geometry

(C:\Users\Fabrizio\AppData\Local\Programs\MiKTeX 2.9\tex/generic/iftex\ifvtex.s
ty
Package: ifvtex 2019/10/25 v1.7 ifvtex legacy package. Use iftex instead.
)
\Gm@cnth=\count277
\Gm@cntv=\count278
\c@Gm@tempcnt=\count279
\Gm@bindingoffset=\dimen154
\Gm@wd@mp=\dimen155
\Gm@odd@mp=\dimen156
\Gm@even@mp=\dimen157
\Gm@layoutwidth=\dimen158
\Gm@layoutheight=\dimen159
\Gm@layouthoffset=\dimen160
\Gm@layoutvoffset=\dimen161
\Gm@dimlist=\toks17

(C:\Users\Fabrizio\AppData\Local\Programs\MiKTeX 2.9\tex/latex/geometry\geometr
y.cfg))
(C:\Users\Fabrizio\AppData\Local\Programs\MiKTeX 2.9\tex/latex/pgf/basiclayer\p
gfcore.sty
(C:\Users\Fabrizio\AppData\Local\Programs\MiKTeX 2.9\tex/latex/graphics\graphic
x.sty
Package: graphicx 2021/09/16 v1.2d Enhanced LaTeX Graphics (DPC,SPQR)

(C:\Users\Fabrizio\AppData\Local\Programs\MiKTeX 2.9\tex/latex/graphics\graphic
s.sty
Package: graphics 2021/03/04 v1.4d Standard LaTeX Graphics (DPC,SPQR)

(C:\Users\Fabrizio\AppData\Local\Programs\MiKTeX 2.9\tex/latex/graphics\trig.st
y
Package: trig 2021/08/11 v1.11 sin cos tan (DPC)
)
(C:\Users\Fabrizio\AppData\Local\Programs\MiKTeX 2.9\tex/latex/graphics-cfg\gra
phics.cfg
File: graphics.cfg 2016/06/04 v1.11 sample graphics configuration
)
Package graphics Info: Driver file: pdftex.def on input line 107.

(C:\Users\Fabrizio\AppData\Local\Programs\MiKTeX 2.9\tex/latex/graphics-def\pdf
tex.def
File: pdftex.def 2020/10/05 v1.2a Graphics/color driver for pdftex
))
\Gin@req@height=\dimen162
\Gin@req@width=\dimen163
)
(C:\Users\Fabrizio\AppData\Local\Programs\MiKTeX 2.9\tex/latex/pgf/systemlayer\
pgfsys.sty
(C:\Users\Fabrizio\AppData\Local\Programs\MiKTeX 2.9\tex/latex/pgf/utilities\pg
frcs.sty
(C:\Users\Fabrizio\AppData\Local\Programs\MiKTeX 2.9\tex/generic/pgf/utilities\
pgfutil-common.tex
\pgfutil@everybye=\toks18
\pgfutil@tempdima=\dimen164
\pgfutil@tempdimb=\dimen165

(C:\Users\Fabrizio\AppData\Local\Programs\MiKTeX 2.9\tex/generic/pgf/utilities\
pgfutil-common-lists.tex))
(C:\Users\Fabrizio\AppData\Local\Programs\MiKTeX 2.9\tex/generic/pgf/utilities\
pgfutil-latex.def
\pgfutil@abb=\box59
)
(C:\Users\Fabrizio\AppData\Local\Programs\MiKTeX 2.9\tex/generic/pgf/utilities\
pgfrcs.code.tex
(C:\Users\Fabrizio\AppData\Local\Programs\MiKTeX 2.9\tex/generic/pgf\pgf.revisi
on.tex)
Package: pgfrcs 2021/05/15 v3.1.9a (3.1.9a)
))
(C:\Users\Fabrizio\AppData\Local\Programs\MiKTeX 2.9\tex/generic/pgf/systemlaye
r\pgfsys.code.tex
Package: pgfsys 2021/05/15 v3.1.9a (3.1.9a)

(C:\Users\Fabrizio\AppData\Local\Programs\MiKTeX 2.9\tex/generic/pgf/utilities\
pgfkeys.code.tex
\pgfkeys@pathtoks=\toks19
\pgfkeys@temptoks=\toks20

(C:\Users\Fabrizio\AppData\Local\Programs\MiKTeX 2.9\tex/generic/pgf/utilities\
pgfkeysfiltered.code.tex
\pgfkeys@tmptoks=\toks21
))
\pgf@x=\dimen166
\pgf@y=\dimen167
\pgf@xa=\dimen168
\pgf@ya=\dimen169
\pgf@xb=\dimen170
\pgf@yb=\dimen171
\pgf@xc=\dimen172
\pgf@yc=\dimen173
\pgf@xd=\dimen174
\pgf@yd=\dimen175
\w@pgf@writea=\write3
\r@pgf@reada=\read2
\c@pgf@counta=\count280
\c@pgf@countb=\count281
\c@pgf@countc=\count282
\c@pgf@countd=\count283
\t@pgf@toka=\toks22
\t@pgf@tokb=\toks23
\t@pgf@tokc=\toks24
\pgf@sys@id@count=\count284

(C:\Users\Fabrizio\AppData\Local\Programs\MiKTeX 2.9\tex/generic/pgf/systemlaye
r\pgf.cfg
File: pgf.cfg 2021/05/15 v3.1.9a (3.1.9a)
)
Driver file for pgf: pgfsys-pdftex.def

(C:\Users\Fabrizio\AppData\Local\Programs\MiKTeX 2.9\tex/generic/pgf/systemlaye
r\pgfsys-pdftex.def
File: pgfsys-pdftex.def 2021/05/15 v3.1.9a (3.1.9a)

(C:\Users\Fabrizio\AppData\Local\Programs\MiKTeX 2.9\tex/generic/pgf/systemlaye
r\pgfsys-common-pdf.def
File: pgfsys-common-pdf.def 2021/05/15 v3.1.9a (3.1.9a)
)))
(C:\Users\Fabrizio\AppData\Local\Programs\MiKTeX 2.9\tex/generic/pgf/systemlaye
r\pgfsyssoftpath.code.tex
File: pgfsyssoftpath.code.tex 2021/05/15 v3.1.9a (3.1.9a)
\pgfsyssoftpath@smallbuffer@items=\count285
\pgfsyssoftpath@bigbuffer@items=\count286
)
(C:\Users\Fabrizio\AppData\Local\Programs\MiKTeX 2.9\tex/generic/pgf/systemlaye
r\pgfsysprotocol.code.tex
File: pgfsysprotocol.code.tex 2021/05/15 v3.1.9a (3.1.9a)
))
(C:\Users\Fabrizio\AppData\Local\Programs\MiKTeX 2.9\tex/latex/xcolor\xcolor.st
y
Package: xcolor 2021/10/31 v2.13 LaTeX color extensions (UK)

(C:\Users\Fabrizio\AppData\Local\Programs\MiKTeX 2.9\tex/latex/graphics-cfg\col
or.cfg
File: color.cfg 2016/01/02 v1.6 sample color configuration
)
Package xcolor Info: Driver file: pdftex.def on input line 227.
Package xcolor Info: Model `cmy' substituted by `cmy0' on input line 1352.
Package xcolor Info: Model `hsb' substituted by `rgb' on input line 1356.
Package xcolor Info: Model `RGB' extended on input line 1368.
Package xcolor Info: Model `HTML' substituted by `rgb' on input line 1370.
Package xcolor Info: Model `Hsb' substituted by `hsb' on input line 1371.
Package xcolor Info: Model `tHsb' substituted by `hsb' on input line 1372.
Package xcolor Info: Model `HSB' substituted by `hsb' on input line 1373.
Package xcolor Info: Model `Gray' substituted by `gray' on input line 1374.
Package xcolor Info: Model `wave' substituted by `hsb' on input line 1375.
)
(C:\Users\Fabrizio\AppData\Local\Programs\MiKTeX 2.9\tex/generic/pgf/basiclayer
\pgfcore.code.tex
Package: pgfcore 2021/05/15 v3.1.9a (3.1.9a)

(C:\Users\Fabrizio\AppData\Local\Programs\MiKTeX 2.9\tex/generic/pgf/math\pgfma
th.code.tex
(C:\Users\Fabrizio\AppData\Local\Programs\MiKTeX 2.9\tex/generic/pgf/math\pgfma
thcalc.code.tex
(C:\Users\Fabrizio\AppData\Local\Programs\MiKTeX 2.9\tex/generic/pgf/math\pgfma
thutil.code.tex)
(C:\Users\Fabrizio\AppData\Local\Programs\MiKTeX 2.9\tex/generic/pgf/math\pgfma
thparser.code.tex
\pgfmath@dimen=\dimen176
\pgfmath@count=\count287
\pgfmath@box=\box60
\pgfmath@toks=\toks25
\pgfmath@stack@operand=\toks26
\pgfmath@stack@operation=\toks27
)
(C:\Users\Fabrizio\AppData\Local\Programs\MiKTeX 2.9\tex/generic/pgf/math\pgfma
thfunctions.code.tex
(C:\Users\Fabrizio\AppData\Local\Programs\MiKTeX 2.9\tex/generic/pgf/math\pgfma
thfunctions.basic.code.tex)
(C:\Users\Fabrizio\AppData\Local\Programs\MiKTeX 2.9\tex/generic/pgf/math\pgfma
thfunctions.trigonometric.code.tex)
(C:\Users\Fabrizio\AppData\Local\Programs\MiKTeX 2.9\tex/generic/pgf/math\pgfma
thfunctions.random.code.tex)
(C:\Users\Fabrizio\AppData\Local\Programs\MiKTeX 2.9\tex/generic/pgf/math\pgfma
thfunctions.comparison.code.tex)
(C:\Users\Fabrizio\AppData\Local\Programs\MiKTeX 2.9\tex/generic/pgf/math\pgfma
thfunctions.base.code.tex)
(C:\Users\Fabrizio\AppData\Local\Programs\MiKTeX 2.9\tex/generic/pgf/math\pgfma
thfunctions.round.code.tex)
(C:\Users\Fabrizio\AppData\Local\Programs\MiKTeX 2.9\tex/generic/pgf/math\pgfma
thfunctions.misc.code.tex)
(C:\Users\Fabrizio\AppData\Local\Programs\MiKTeX 2.9\tex/generic/pgf/math\pgfma
thfunctions.integerarithmetics.code.tex)))
(C:\Users\Fabrizio\AppData\Local\Programs\MiKTeX 2.9\tex/generic/pgf/math\pgfma
thfloat.code.tex
\c@pgfmathroundto@lastzeros=\count288
))
(C:\Users\Fabrizio\AppData\Local\Programs\MiKTeX 2.9\tex/generic/pgf/math\pgfin
t.code.tex)
(C:\Users\Fabrizio\AppData\Local\Programs\MiKTeX 2.9\tex/generic/pgf/basiclayer
\pgfcorepoints.code.tex
File: pgfcorepoints.code.tex 2021/05/15 v3.1.9a (3.1.9a)
\pgf@picminx=\dimen177
\pgf@picmaxx=\dimen178
\pgf@picminy=\dimen179
\pgf@picmaxy=\dimen180
\pgf@pathminx=\dimen181
\pgf@pathmaxx=\dimen182
\pgf@pathminy=\dimen183
\pgf@pathmaxy=\dimen184
\pgf@xx=\dimen185
\pgf@xy=\dimen186
\pgf@yx=\dimen187
\pgf@yy=\dimen188
\pgf@zx=\dimen189
\pgf@zy=\dimen190
)
(C:\Users\Fabrizio\AppData\Local\Programs\MiKTeX 2.9\tex/generic/pgf/basiclayer
\pgfcorepathconstruct.code.tex
File: pgfcorepathconstruct.code.tex 2021/05/15 v3.1.9a (3.1.9a)
\pgf@path@lastx=\dimen191
\pgf@path@lasty=\dimen192
)
(C:\Users\Fabrizio\AppData\Local\Programs\MiKTeX 2.9\tex/generic/pgf/basiclayer
\pgfcorepathusage.code.tex
File: pgfcorepathusage.code.tex 2021/05/15 v3.1.9a (3.1.9a)
\pgf@shorten@end@additional=\dimen193
\pgf@shorten@start@additional=\dimen194
)
(C:\Users\Fabrizio\AppData\Local\Programs\MiKTeX 2.9\tex/generic/pgf/basiclayer
\pgfcorescopes.code.tex
File: pgfcorescopes.code.tex 2021/05/15 v3.1.9a (3.1.9a)
\pgfpic=\box61
\pgf@hbox=\box62
\pgf@layerbox@main=\box63
\pgf@picture@serial@count=\count289
)
(C:\Users\Fabrizio\AppData\Local\Programs\MiKTeX 2.9\tex/generic/pgf/basiclayer
\pgfcoregraphicstate.code.tex
File: pgfcoregraphicstate.code.tex 2021/05/15 v3.1.9a (3.1.9a)
\pgflinewidth=\dimen195
)
(C:\Users\Fabrizio\AppData\Local\Programs\MiKTeX 2.9\tex/generic/pgf/basiclayer
\pgfcoretransformations.code.tex
File: pgfcoretransformations.code.tex 2021/05/15 v3.1.9a (3.1.9a)
\pgf@pt@x=\dimen196
\pgf@pt@y=\dimen197
\pgf@pt@temp=\dimen198
)
(C:\Users\Fabrizio\AppData\Local\Programs\MiKTeX 2.9\tex/generic/pgf/basiclayer
\pgfcorequick.code.tex
File: pgfcorequick.code.tex 2021/05/15 v3.1.9a (3.1.9a)
)
(C:\Users\Fabrizio\AppData\Local\Programs\MiKTeX 2.9\tex/generic/pgf/basiclayer
\pgfcoreobjects.code.tex
File: pgfcoreobjects.code.tex 2021/05/15 v3.1.9a (3.1.9a)
)
(C:\Users\Fabrizio\AppData\Local\Programs\MiKTeX 2.9\tex/generic/pgf/basiclayer
\pgfcorepathprocessing.code.tex
File: pgfcorepathprocessing.code.tex 2021/05/15 v3.1.9a (3.1.9a)
)
(C:\Users\Fabrizio\AppData\Local\Programs\MiKTeX 2.9\tex/generic/pgf/basiclayer
\pgfcorearrows.code.tex
File: pgfcorearrows.code.tex 2021/05/15 v3.1.9a (3.1.9a)
\pgfarrowsep=\dimen199
)
(C:\Users\Fabrizio\AppData\Local\Programs\MiKTeX 2.9\tex/generic/pgf/basiclayer
\pgfcoreshade.code.tex
File: pgfcoreshade.code.tex 2021/05/15 v3.1.9a (3.1.9a)
\pgf@max=\dimen256
\pgf@sys@shading@range@num=\count290
\pgf@shadingcount=\count291
)
(C:\Users\Fabrizio\AppData\Local\Programs\MiKTeX 2.9\tex/generic/pgf/basiclayer
\pgfcoreimage.code.tex
File: pgfcoreimage.code.tex 2021/05/15 v3.1.9a (3.1.9a)

(C:\Users\Fabrizio\AppData\Local\Programs\MiKTeX 2.9\tex/generic/pgf/basiclayer
\pgfcoreexternal.code.tex
File: pgfcoreexternal.code.tex 2021/05/15 v3.1.9a (3.1.9a)
\pgfexternal@startupbox=\box64
))
(C:\Users\Fabrizio\AppData\Local\Programs\MiKTeX 2.9\tex/generic/pgf/basiclayer
\pgfcorelayers.code.tex
File: pgfcorelayers.code.tex 2021/05/15 v3.1.9a (3.1.9a)
)
(C:\Users\Fabrizio\AppData\Local\Programs\MiKTeX 2.9\tex/generic/pgf/basiclayer
\pgfcoretransparency.code.tex
File: pgfcoretransparency.code.tex 2021/05/15 v3.1.9a (3.1.9a)
)
(C:\Users\Fabrizio\AppData\Local\Programs\MiKTeX 2.9\tex/generic/pgf/basiclayer
\pgfcorepatterns.code.tex
File: pgfcorepatterns.code.tex 2021/05/15 v3.1.9a (3.1.9a)
)
(C:\Users\Fabrizio\AppData\Local\Programs\MiKTeX 2.9\tex/generic/pgf/basiclayer
\pgfcorerdf.code.tex
File: pgfcorerdf.code.tex 2021/05/15 v3.1.9a (3.1.9a)
)))
(C:\Users\Fabrizio\AppData\Local\Programs\MiKTeX 2.9\tex/latex/base\size11.clo
File: size11.clo 2021/10/04 v1.4n Standard LaTeX file (size option)
)
(C:\Users\Fabrizio\AppData\Local\Programs\MiKTeX 2.9\tex/latex/pgf/utilities\xx
color.sty
Package: xxcolor 2003/10/24 ver 0.1
\XC@nummixins=\count292
\XC@countmixins=\count293
)
(C:\Users\Fabrizio\AppData\Local\Programs\MiKTeX 2.9\tex/latex/base\atbegshi-lt
x.sty
Package: atbegshi-ltx 2021/01/10 v1.0c Emulation of the original atbegshi
package with kernel methods
)
(C:\Users\Fabrizio\AppData\Local\Programs\MiKTeX 2.9\tex/latex/hyperref\hyperre
f.sty
Package: hyperref 2021-06-07 v7.00m Hypertext links for LaTeX

(C:\Users\Fabrizio\AppData\Local\Programs\MiKTeX 2.9\tex/generic/ltxcmds\ltxcmd
s.sty
Package: ltxcmds 2020-05-10 v1.25 LaTeX kernel commands for general use (HO)
)
(C:\Users\Fabrizio\AppData\Local\Programs\MiKTeX 2.9\tex/generic/pdftexcmds\pdf
texcmds.sty
Package: pdftexcmds 2020-06-27 v0.33 Utility functions of pdfTeX for LuaTeX (HO
)

(C:\Users\Fabrizio\AppData\Local\Programs\MiKTeX 2.9\tex/generic/infwarerr\infw
arerr.sty
Package: infwarerr 2019/12/03 v1.5 Providing info/warning/error messages (HO)
)
Package pdftexcmds Info: \pdf@primitive is available.
Package pdftexcmds Info: \pdf@ifprimitive is available.
Package pdftexcmds Info: \pdfdraftmode found.
)
(C:\Users\Fabrizio\AppData\Local\Programs\MiKTeX 2.9\tex/generic/kvsetkeys\kvse
tkeys.sty
Package: kvsetkeys 2019/12/15 v1.18 Key value parser (HO)
)
(C:\Users\Fabrizio\AppData\Local\Programs\MiKTeX 2.9\tex/generic/kvdefinekeys\k
vdefinekeys.sty
Package: kvdefinekeys 2019-12-19 v1.6 Define keys (HO)
)
(C:\Users\Fabrizio\AppData\Local\Programs\MiKTeX 2.9\tex/generic/pdfescape\pdfe
scape.sty
Package: pdfescape 2019/12/09 v1.15 Implements pdfTeX's escape features (HO)
)
(C:\Users\Fabrizio\AppData\Local\Programs\MiKTeX 2.9\tex/latex/hycolor\hycolor.
sty
Package: hycolor 2020-01-27 v1.10 Color options for hyperref/bookmark (HO)
)
(C:\Users\Fabrizio\AppData\Local\Programs\MiKTeX 2.9\tex/latex/letltxmacro\letl
txmacro.sty
Package: letltxmacro 2019/12/03 v1.6 Let assignment for LaTeX macros (HO)
)
(C:\Users\Fabrizio\AppData\Local\Programs\MiKTeX 2.9\tex/latex/auxhook\auxhook.
sty
Package: auxhook 2019-12-17 v1.6 Hooks for auxiliary files (HO)
)
(C:\Users\Fabrizio\AppData\Local\Programs\MiKTeX 2.9\tex/latex/kvoptions\kvopti
ons.sty
Package: kvoptions 2020-10-07 v3.14 Key value format for package options (HO)
)
\@linkdim=\dimen257
\Hy@linkcounter=\count294
\Hy@pagecounter=\count295

(C:\Users\Fabrizio\AppData\Local\Programs\MiKTeX 2.9\tex/latex/hyperref\pd1enc.
def
File: pd1enc.def 2021-06-07 v7.00m Hyperref: PDFDocEncoding definition (HO)
Now handling font encoding PD1 ...
... no UTF-8 mapping file for font encoding PD1
)
(C:\Users\Fabrizio\AppData\Local\Programs\MiKTeX 2.9\tex/latex/hyperref\hyperre
f-langpatches.def
File: hyperref-langpatches.def 2021-06-07 v7.00m Hyperref: patches for babel la
nguages
)
(C:\Users\Fabrizio\AppData\Local\Programs\MiKTeX 2.9\tex/generic/intcalc\intcal
c.sty
Package: intcalc 2019/12/15 v1.3 Expandable calculations with integers (HO)
)
(C:\Users\Fabrizio\AppData\Local\Programs\MiKTeX 2.9\tex/generic/etexcmds\etexc
mds.sty
Package: etexcmds 2019/12/15 v1.7 Avoid name clashes with e-TeX commands (HO)
)
\Hy@SavedSpaceFactor=\count296

(C:\Users\Fabrizio\AppData\Local\Programs\MiKTeX 2.9\tex/latex/hyperref\puenc.d
ef
File: puenc.def 2021-06-07 v7.00m Hyperref: PDF Unicode definition (HO)
Now handling font encoding PU ...
... no UTF-8 mapping file for font encoding PU
)
Package hyperref Info: Option `bookmarks' set `true' on input line 4073.
Package hyperref Info: Option `bookmarksopen' set `true' on input line 4073.
Package hyperref Info: Option `implicit' set `false' on input line 4073.
Package hyperref Info: Hyper figures OFF on input line 4192.
Package hyperref Info: Link nesting OFF on input line 4197.
Package hyperref Info: Hyper index ON on input line 4200.
Package hyperref Info: Plain pages OFF on input line 4207.
Package hyperref Info: Backreferencing OFF on input line 4212.
Package hyperref Info: Implicit mode OFF; no redefinition of LaTeX internals.
Package hyperref Info: Bookmarks ON on input line 4445.
\c@Hy@tempcnt=\count297
 (C:\Users\Fabrizio\AppData\Local\Programs\MiKTeX 2.9\tex/latex/url\url.sty
\Urlmuskip=\muskip16
Package: url 2013/09/16  ver 3.4  Verb mode for urls, etc.
)
LaTeX Info: Redefining \url on input line 4804.
\XeTeXLinkMargin=\dimen258

(C:\Users\Fabrizio\AppData\Local\Programs\MiKTeX 2.9\tex/generic/bitset\bitset.
sty
Package: bitset 2019/12/09 v1.3 Handle bit-vector datatype (HO)

(C:\Users\Fabrizio\AppData\Local\Programs\MiKTeX 2.9\tex/generic/bigintcalc\big
intcalc.sty
Package: bigintcalc 2019/12/15 v1.5 Expandable calculations on big integers (HO
)
))
\Fld@menulength=\count298
\Field@Width=\dimen259
\Fld@charsize=\dimen260
Package hyperref Info: Hyper figures OFF on input line 6076.
Package hyperref Info: Link nesting OFF on input line 6081.
Package hyperref Info: Hyper index ON on input line 6084.
Package hyperref Info: backreferencing OFF on input line 6091.
Package hyperref Info: Link coloring OFF on input line 6096.
Package hyperref Info: Link coloring with OCG OFF on input line 6101.
Package hyperref Info: PDF/A mode OFF on input line 6106.
LaTeX Info: Redefining \ref on input line 6146.
LaTeX Info: Redefining \pageref on input line 6150.
\Hy@abspage=\count299


Package hyperref Message: Stopped early.

)
Package hyperref Info: Driver (autodetected): hpdftex.

(C:\Users\Fabrizio\AppData\Local\Programs\MiKTeX 2.9\tex/latex/hyperref\hpdftex
.def
File: hpdftex.def 2021-06-07 v7.00m Hyperref driver for pdfTeX

(C:\Users\Fabrizio\AppData\Local\Programs\MiKTeX 2.9\tex/latex/base\atveryend-l
tx.sty
Package: atveryend-ltx 2020/08/19 v1.0a Emulation of the original atveryend pac
kage
with kernel methods
)
\Fld@listcount=\count300
\c@bookmark@seq@number=\count301

(C:\Users\Fabrizio\AppData\Local\Programs\MiKTeX 2.9\tex/latex/rerunfilecheck\r
erunfilecheck.sty
Package: rerunfilecheck 2019/12/05 v1.9 Rerun checks for auxiliary files (HO)

(C:\Users\Fabrizio\AppData\Local\Programs\MiKTeX 2.9\tex/generic/uniquecounter\
uniquecounter.sty
Package: uniquecounter 2019/12/15 v1.4 Provide unlimited unique counter (HO)
)
Package uniquecounter Info: New unique counter `rerunfilecheck' on input line 2
86.
))
(C:\Users\Fabrizio\AppData\Local\Programs\MiKTeX 2.9\tex/latex/beamer\beamerbas
erequires.sty
(C:\Users\Fabrizio\AppData\Local\Programs\MiKTeX 2.9\tex/latex/beamer\beamerbas
ecompatibility.sty)
(C:\Users\Fabrizio\AppData\Local\Programs\MiKTeX 2.9\tex/latex/beamer\beamerbas
efont.sty
(C:\Users\Fabrizio\AppData\Local\Programs\MiKTeX 2.9\tex/latex/amsfonts\amssymb
.sty
Package: amssymb 2013/01/14 v3.01 AMS font symbols

(C:\Users\Fabrizio\AppData\Local\Programs\MiKTeX 2.9\tex/latex/amsfonts\amsfont
s.sty
Package: amsfonts 2013/01/14 v3.01 Basic AMSFonts support
\@emptytoks=\toks28
\symAMSa=\mathgroup4
\symAMSb=\mathgroup5
LaTeX Font Info:    Redeclaring math symbol \hbar on input line 98.
LaTeX Font Info:    Overwriting math alphabet `\mathfrak' in version `bold'
(Font)                  U/euf/m/n --> U/euf/b/n on input line 106.
))
(C:\Users\Fabrizio\AppData\Local\Programs\MiKTeX 2.9\tex/latex/sansmathaccent\s
ansmathaccent.sty
Package: sansmathaccent 2020/01/31

(C:\Users\Fabrizio\AppData\Local\Programs\MiKTeX 2.9\tex/latex/koma-script\scrl
file.sty
Package: scrlfile 2021/11/13 v3.35 KOMA-Script package (file load hooks)

(C:\Users\Fabrizio\AppData\Local\Programs\MiKTeX 2.9\tex/latex/koma-script\scrl
file-hook.sty
Package: scrlfile-hook 2021/11/13 v3.35 KOMA-Script package (using LaTeX hooks)


(C:\Users\Fabrizio\AppData\Local\Programs\MiKTeX 2.9\tex/latex/koma-script\scrl
ogo.sty
Package: scrlogo 2021/11/13 v3.35 KOMA-Script package (logo)
)))))
(C:\Users\Fabrizio\AppData\Local\Programs\MiKTeX 2.9\tex/latex/beamer\beamerbas
etranslator.sty
(C:\Users\Fabrizio\AppData\Local\Programs\MiKTeX 2.9\tex/latex/translator\trans
lator.sty
Package: translator 2021-05-31 v1.12d Easy translation of strings in LaTeX
))
(C:\Users\Fabrizio\AppData\Local\Programs\MiKTeX 2.9\tex/latex/beamer\beamerbas
emisc.sty)
(C:\Users\Fabrizio\AppData\Local\Programs\MiKTeX 2.9\tex/latex/beamer\beamerbas
etwoscreens.sty)
(C:\Users\Fabrizio\AppData\Local\Programs\MiKTeX 2.9\tex/latex/beamer\beamerbas
eoverlay.sty
\beamer@argscount=\count302
\beamer@lastskipcover=\skip50
\beamer@trivlistdepth=\count303
)
(C:\Users\Fabrizio\AppData\Local\Programs\MiKTeX 2.9\tex/latex/beamer\beamerbas
etitle.sty)
(C:\Users\Fabrizio\AppData\Local\Programs\MiKTeX 2.9\tex/latex/beamer\beamerbas
esection.sty
\c@lecture=\count304
\c@part=\count305
\c@section=\count306
\c@subsection=\count307
\c@subsubsection=\count308
)
(C:\Users\Fabrizio\AppData\Local\Programs\MiKTeX 2.9\tex/latex/beamer\beamerbas
eframe.sty
\beamer@framebox=\box65
\beamer@frametitlebox=\box66
\beamer@zoombox=\box67
\beamer@zoomcount=\count309
\beamer@zoomframecount=\count310
\beamer@frametextheight=\dimen261
\c@subsectionslide=\count311
\beamer@frametopskip=\skip51
\beamer@framebottomskip=\skip52
\beamer@frametopskipautobreak=\skip53
\beamer@framebottomskipautobreak=\skip54
\beamer@envbody=\toks29
\framewidth=\dimen262
\c@framenumber=\count312
)
(C:\Users\Fabrizio\AppData\Local\Programs\MiKTeX 2.9\tex/latex/beamer\beamerbas
everbatim.sty
\beamer@verbatimfileout=\write4
)
(C:\Users\Fabrizio\AppData\Local\Programs\MiKTeX 2.9\tex/latex/beamer\beamerbas
eframesize.sty
\beamer@splitbox=\box68
\beamer@autobreakcount=\count313
\beamer@autobreaklastheight=\dimen263
\beamer@frametitletoks=\toks30
\beamer@framesubtitletoks=\toks31
)
(C:\Users\Fabrizio\AppData\Local\Programs\MiKTeX 2.9\tex/latex/beamer\beamerbas
eframecomponents.sty
\beamer@footins=\box69
)
(C:\Users\Fabrizio\AppData\Local\Programs\MiKTeX 2.9\tex/latex/beamer\beamerbas
ecolor.sty)
(C:\Users\Fabrizio\AppData\Local\Programs\MiKTeX 2.9\tex/latex/beamer\beamerbas
enotes.sty
\beamer@frameboxcopy=\box70
)
(C:\Users\Fabrizio\AppData\Local\Programs\MiKTeX 2.9\tex/latex/beamer\beamerbas
etoc.sty)
(C:\Users\Fabrizio\AppData\Local\Programs\MiKTeX 2.9\tex/latex/beamer\beamerbas
etemplates.sty
\beamer@sbttoks=\toks32

(C:\Users\Fabrizio\AppData\Local\Programs\MiKTeX 2.9\tex/latex/beamer\beamerbas
eauxtemplates.sty
(C:\Users\Fabrizio\AppData\Local\Programs\MiKTeX 2.9\tex/latex/beamer\beamerbas
eboxes.sty
\bmb@box=\box71
\bmb@colorbox=\box72
\bmb@boxwidth=\dimen264
\bmb@boxheight=\dimen265
\bmb@prevheight=\dimen266
\bmb@temp=\dimen267
\bmb@dima=\dimen268
\bmb@dimb=\dimen269
\bmb@prevheight=\dimen270
)
\beamer@blockheadheight=\dimen271
))
(C:\Users\Fabrizio\AppData\Local\Programs\MiKTeX 2.9\tex/latex/beamer\beamerbas
elocalstructure.sty
(C:\Users\Fabrizio\AppData\Local\Programs\MiKTeX 2.9\tex/latex/tools\enumerate.
sty
Package: enumerate 2015/07/23 v3.00 enumerate extensions (DPC)
\@enLab=\toks33
)
\beamer@bibiconwidth=\skip55
\c@figure=\count314
\c@table=\count315
\abovecaptionskip=\skip56
\belowcaptionskip=\skip57
)
(C:\Users\Fabrizio\AppData\Local\Programs\MiKTeX 2.9\tex/latex/beamer\beamerbas
enavigation.sty
\beamer@section@min@dim=\dimen272
)
(C:\Users\Fabrizio\AppData\Local\Programs\MiKTeX 2.9\tex/latex/beamer\beamerbas
etheorems.sty
(C:\Users\Fabrizio\AppData\Local\Programs\MiKTeX 2.9\tex/latex/amsmath\amsmath.
sty
Package: amsmath 2021/10/15 v2.17l AMS math features
\@mathmargin=\skip58

For additional information on amsmath, use the `?' option.

(C:\Users\Fabrizio\AppData\Local\Programs\MiKTeX 2.9\tex/latex/amsmath\amstext.
sty
Package: amstext 2021/08/26 v2.01 AMS text

(C:\Users\Fabrizio\AppData\Local\Programs\MiKTeX 2.9\tex/latex/amsmath\amsgen.s
ty
File: amsgen.sty 1999/11/30 v2.0 generic functions
\@emptytoks=\toks34
\ex@=\dimen273
))
(C:\Users\Fabrizio\AppData\Local\Programs\MiKTeX 2.9\tex/latex/amsmath\amsbsy.s
ty
Package: amsbsy 1999/11/29 v1.2d Bold Symbols
\pmbraise@=\dimen274
)
(C:\Users\Fabrizio\AppData\Local\Programs\MiKTeX 2.9\tex/latex/amsmath\amsopn.s
ty
Package: amsopn 2021/08/26 v2.02 operator names
)
\inf@bad=\count316
LaTeX Info: Redefining \frac on input line 234.
\uproot@=\count317
\leftroot@=\count318
LaTeX Info: Redefining \overline on input line 399.
\classnum@=\count319
\DOTSCASE@=\count320
LaTeX Info: Redefining \ldots on input line 496.
LaTeX Info: Redefining \dots on input line 499.
LaTeX Info: Redefining \cdots on input line 620.
\Mathstrutbox@=\box73
\strutbox@=\box74
\big@size=\dimen275
LaTeX Font Info:    Redeclaring font encoding OML on input line 743.
LaTeX Font Info:    Redeclaring font encoding OMS on input line 744.
\macc@depth=\count321
\c@MaxMatrixCols=\count322
\dotsspace@=\muskip17
\c@parentequation=\count323
\dspbrk@lvl=\count324
\tag@help=\toks35
\row@=\count325
\column@=\count326
\maxfields@=\count327
\andhelp@=\toks36
\eqnshift@=\dimen276
\alignsep@=\dimen277
\tagshift@=\dimen278
\tagwidth@=\dimen279
\totwidth@=\dimen280
\lineht@=\dimen281
\@envbody=\toks37
\multlinegap=\skip59
\multlinetaggap=\skip60
\mathdisplay@stack=\toks38
LaTeX Info: Redefining \[ on input line 2938.
LaTeX Info: Redefining \] on input line 2939.
)
(C:\Users\Fabrizio\AppData\Local\Programs\MiKTeX 2.9\tex/latex/amscls\amsthm.st
y
Package: amsthm 2020/05/29 v2.20.6
\thm@style=\toks39
\thm@bodyfont=\toks40
\thm@headfont=\toks41
\thm@notefont=\toks42
\thm@headpunct=\toks43
\thm@preskip=\skip61
\thm@postskip=\skip62
\thm@headsep=\skip63
\dth@everypar=\toks44
)
\c@theorem=\count328
)
(C:\Users\Fabrizio\AppData\Local\Programs\MiKTeX 2.9\tex/latex/beamer\beamerbas
ethemes.sty))
(C:\Users\Fabrizio\AppData\Local\Programs\MiKTeX 2.9\tex/latex/beamer\beamerthe
medefault.sty
(C:\Users\Fabrizio\AppData\Local\Programs\MiKTeX 2.9\tex/latex/beamer\beamerfon
tthemedefault.sty)
(C:\Users\Fabrizio\AppData\Local\Programs\MiKTeX 2.9\tex/latex/beamer\beamercol
orthemedefault.sty)
(C:\Users\Fabrizio\AppData\Local\Programs\MiKTeX 2.9\tex/latex/beamer\beamerinn
erthemedefault.sty
\beamer@dima=\dimen282
\beamer@dimb=\dimen283
)
(C:\Users\Fabrizio\AppData\Local\Programs\MiKTeX 2.9\tex/latex/beamer\beamerout
erthemedefault.sty)))
(C:\Users\Fabrizio\AppData\Local\Programs\MiKTeX 2.9\tex/latex/psnfss\times.sty
Package: times 2020/03/25 PSNFSS-v9.3 (SPQR) 
)
(C:\Users\Fabrizio\AppData\Local\Programs\MiKTeX 2.9\tex/latex/beamer\beamerfon
tthemeprofessionalfonts.sty)
(C:\Users\Fabrizio\AppData\Local\Programs\MiKTeX 2.9\tex/latex/beamertheme-metr
opolis\beamerthememetropolis.sty
Package: beamerthememetropolis 2017/01/23 v1.2 Metropolis Beamer theme

(C:\Users\Fabrizio\AppData\Local\Programs\MiKTeX 2.9\tex/latex/pgfopts\pgfopts.
sty
Package: pgfopts 2014/07/10 v2.1a LaTeX package options with pgfkeys

(C:\Users\Fabrizio\AppData\Local\Programs\MiKTeX 2.9\tex/latex/pgf/utilities\pg
fkeys.sty
(C:\Users\Fabrizio\AppData\Local\Programs\MiKTeX 2.9\tex/generic/pgf/utilities\
pgfkeys.code.tex))
\pgfopts@list@add@a@toks=\toks45
\pgfopts@list@add@b@toks=\toks46
)
(C:\Users\Fabrizio\AppData\Local\Programs\MiKTeX 2.9\tex/latex/beamertheme-metr
opolis\beamerinnerthememetropolis.sty
Package: beamerinnerthememetropolis 2017/01/23 Metropolis inner theme

(C:\Users\Fabrizio\AppData\Local\Programs\MiKTeX 2.9\tex/latex/tools\calc.sty
Package: calc 2017/05/25 v4.3 Infix arithmetic (KKT,FJ)
\calc@Acount=\count329
\calc@Bcount=\count330
\calc@Adimen=\dimen284
\calc@Bdimen=\dimen285
\calc@Askip=\skip64
\calc@Bskip=\skip65
LaTeX Info: Redefining \setlength on input line 80.
LaTeX Info: Redefining \addtolength on input line 81.
\calc@Ccount=\count331
\calc@Cskip=\skip66
)
(C:\Users\Fabrizio\AppData\Local\Programs\MiKTeX 2.9\tex/latex/pgf/frontendlaye
r\tikz.sty
(C:\Users\Fabrizio\AppData\Local\Programs\MiKTeX 2.9\tex/latex/pgf/basiclayer\p
gf.sty
Package: pgf 2021/05/15 v3.1.9a (3.1.9a)

(C:\Users\Fabrizio\AppData\Local\Programs\MiKTeX 2.9\tex/generic/pgf/modules\pg
fmoduleshapes.code.tex
File: pgfmoduleshapes.code.tex 2021/05/15 v3.1.9a (3.1.9a)
\pgfnodeparttextbox=\box75
)
(C:\Users\Fabrizio\AppData\Local\Programs\MiKTeX 2.9\tex/generic/pgf/modules\pg
fmoduleplot.code.tex
File: pgfmoduleplot.code.tex 2021/05/15 v3.1.9a (3.1.9a)
)
(C:\Users\Fabrizio\AppData\Local\Programs\MiKTeX 2.9\tex/latex/pgf/compatibilit
y\pgfcomp-version-0-65.sty
Package: pgfcomp-version-0-65 2021/05/15 v3.1.9a (3.1.9a)
\pgf@nodesepstart=\dimen286
\pgf@nodesepend=\dimen287
)
(C:\Users\Fabrizio\AppData\Local\Programs\MiKTeX 2.9\tex/latex/pgf/compatibilit
y\pgfcomp-version-1-18.sty
Package: pgfcomp-version-1-18 2021/05/15 v3.1.9a (3.1.9a)
))
(C:\Users\Fabrizio\AppData\Local\Programs\MiKTeX 2.9\tex/latex/pgf/utilities\pg
ffor.sty
(C:\Users\Fabrizio\AppData\Local\Programs\MiKTeX 2.9\tex/latex/pgf/math\pgfmath
.sty
(C:\Users\Fabrizio\AppData\Local\Programs\MiKTeX 2.9\tex/generic/pgf/math\pgfma
th.code.tex))
(C:\Users\Fabrizio\AppData\Local\Programs\MiKTeX 2.9\tex/generic/pgf/utilities\
pgffor.code.tex
Package: pgffor 2021/05/15 v3.1.9a (3.1.9a)

(C:\Users\Fabrizio\AppData\Local\Programs\MiKTeX 2.9\tex/generic/pgf/math\pgfma
th.code.tex)
\pgffor@iter=\dimen288
\pgffor@skip=\dimen289
\pgffor@stack=\toks47
\pgffor@toks=\toks48
))
(C:\Users\Fabrizio\AppData\Local\Programs\MiKTeX 2.9\tex/generic/pgf/frontendla
yer/tikz\tikz.code.tex
Package: tikz 2021/05/15 v3.1.9a (3.1.9a)

(C:\Users\Fabrizio\AppData\Local\Programs\MiKTeX 2.9\tex/generic/pgf/libraries\
pgflibraryplothandlers.code.tex
File: pgflibraryplothandlers.code.tex 2021/05/15 v3.1.9a (3.1.9a)
\pgf@plot@mark@count=\count332
\pgfplotmarksize=\dimen290
)
\tikz@lastx=\dimen291
\tikz@lasty=\dimen292
\tikz@lastxsaved=\dimen293
\tikz@lastysaved=\dimen294
\tikz@lastmovetox=\dimen295
\tikz@lastmovetoy=\dimen296
\tikzleveldistance=\dimen297
\tikzsiblingdistance=\dimen298
\tikz@figbox=\box76
\tikz@figbox@bg=\box77
\tikz@tempbox=\box78
\tikz@tempbox@bg=\box79
\tikztreelevel=\count333
\tikznumberofchildren=\count334
\tikznumberofcurrentchild=\count335
\tikz@fig@count=\count336

(C:\Users\Fabrizio\AppData\Local\Programs\MiKTeX 2.9\tex/generic/pgf/modules\pg
fmodulematrix.code.tex
File: pgfmodulematrix.code.tex 2021/05/15 v3.1.9a (3.1.9a)
\pgfmatrixcurrentrow=\count337
\pgfmatrixcurrentcolumn=\count338
\pgf@matrix@numberofcolumns=\count339
)
\tikz@expandcount=\count340

(C:\Users\Fabrizio\AppData\Local\Programs\MiKTeX 2.9\tex/generic/pgf/frontendla
yer/tikz/libraries\tikzlibrarytopaths.code.tex
File: tikzlibrarytopaths.code.tex 2021/05/15 v3.1.9a (3.1.9a)
)))
\metropolis@titleseparator@linewidth=\skip67
\metropolis@progressonsectionpage=\skip68
\metropolis@progressonsectionpage@linewidth=\skip69
\metropolis@blocksep=\skip70
\metropolis@blockadjust=\skip71
\metropolis@parskip=\skip72
)
(C:\Users\Fabrizio\AppData\Local\Programs\MiKTeX 2.9\tex/latex/beamertheme-metr
opolis\beamerouterthememetropolis.sty
Package: beamerouterthememetropolis 2017/01/23 Metropolis outer theme
\metropolis@frametitle@padding=\skip73
\metropolis@progressinheadfoot=\skip74
\metropolis@progressinheadfoot@linewidth=\skip75
)
(C:\Users\Fabrizio\AppData\Local\Programs\MiKTeX 2.9\tex/latex/beamertheme-metr
opolis\beamercolorthememetropolis.sty
Package: beamercolorthememetropolis 2017/01/23 Metropolis color theme
)
(C:\Users\Fabrizio\AppData\Local\Programs\MiKTeX 2.9\tex/latex/beamertheme-metr
opolis\beamerfontthememetropolis.sty
Package: beamerfontthememetropolis 2017/01/23 Metropolis font theme

(C:\Users\Fabrizio\AppData\Local\Programs\MiKTeX 2.9\tex/generic/iftex\ifxetex.
sty
Package: ifxetex 2019/10/25 v0.7 ifxetex legacy package. Use iftex instead.
)
(C:\Users\Fabrizio\AppData\Local\Programs\MiKTeX 2.9\tex/generic/iftex\ifluatex
.sty
Package: ifluatex 2019/10/25 v1.5 ifluatex legacy package. Use iftex instead.
)

Package beamerthememetropolis Warning: You need to compile with XeLaTeX or LuaL
aTeX to use the Fira fonts on input line 95.

))
(C:\Users\Fabrizio\AppData\Local\Programs\MiKTeX 2.9\tex/latex/wrapfig\wrapfig.
sty
\wrapoverhang=\dimen299
\WF@size=\dimen300
\c@WF@wrappedlines=\count341
\WF@box=\box80
\WF@everypar=\toks49
Package: wrapfig 2003/01/31  v 3.6
)
(C:\Users\Fabrizio\AppData\Local\Programs\MiKTeX 2.9\tex/latex/media9\media9.st
y
(C:\Users\Fabrizio\AppData\Local\Programs\MiKTeX 2.9\tex/latex/l3packages/l3key
s2e\l3keys2e.sty
(C:\Users\Fabrizio\AppData\Local\Programs\MiKTeX 2.9\tex/latex/l3kernel\expl3.s
ty
Package: expl3 2022-02-05 L3 programming layer (loader) 

(C:\Users\Fabrizio\AppData\Local\Programs\MiKTeX 2.9\tex/latex/l3backend\l3back
end-pdftex.def
File: l3backend-pdftex.def 2022-02-07 L3 backend support: PDF output (pdfTeX)
\l__color_backend_stack_int=\count342
\l__pdf_internal_box=\box81
))
Package: l3keys2e 2022-01-12 LaTeX2e option processing using LaTeX3 keys
)
Package: media9 2021/10/18 v1.23 acrobat-9/X compatible media
\g_mix_pkgresizeflag_int=\count343

(C:\Users\Fabrizio\AppData\Local\Programs\MiKTeX 2.9\tex/latex/media9\pdfbase.s
ty
Package: pdfbase 2021/09/12 v0.53 driver independent access to low-level PDF fe
atures
\g_pbs_page_int=\count344
\g_pbs_oc_int=\count345
)
(C:\Users\Fabrizio\AppData\Local\Programs\MiKTeX 2.9\tex/latex/ocgx2\ocgbase.st
y
Package: ocgbase 2021/06/11 v0.20 support package for ocgx2.sty
\g_ocgbase_nd_int=\count346
)
\l_mix_poster_box=\box82
\g_mix_wd_dim=\dimen301
\g_mix_ht_dim=\dimen302
\g_mix_dp_dim=\dimen303
\g_mix_rmcnt_int=\count347
\l_mix_viewcnt_int=\count348
\g@mix@page@int=\count349
\g_mix_resizeflag_int=\count350
\l_mix_lineno_int=\count351
\l_mix_pbtn_box=\box83
\g_mix_mbtncnt_int=\count352
\mix@btn@dim=\dimen304
)

Package hyperref Warning: Token not allowed in a PDF string (Unicode):
(hyperref)                removing `\\' on input line 17.


Package hyperref Warning: Token not allowed in a PDF string (Unicode):
(hyperref)                removing `\\' on input line 17.


Package hyperref Warning: Token not allowed in a PDF string (Unicode):
(hyperref)                removing `\\' on input line 17.

LaTeX Font Info:    Trying to load font information for OT1+phv on input line 2
5.

(C:\Users\Fabrizio\AppData\Local\Programs\MiKTeX 2.9\tex/latex/psnfss\ot1phv.fd
File: ot1phv.fd 2020/03/25 scalable font definitions for OT1/phv.
) (Beamer.aux)
\openout1 = `Beamer.aux'.

LaTeX Font Info:    Checking defaults for OML/cmm/m/it on input line 25.
LaTeX Font Info:    ... okay on input line 25.
LaTeX Font Info:    Checking defaults for OMS/cmsy/m/n on input line 25.
LaTeX Font Info:    ... okay on input line 25.
LaTeX Font Info:    Checking defaults for OT1/cmr/m/n on input line 25.
LaTeX Font Info:    ... okay on input line 25.
LaTeX Font Info:    Checking defaults for T1/cmr/m/n on input line 25.
LaTeX Font Info:    ... okay on input line 25.
LaTeX Font Info:    Checking defaults for TS1/cmr/m/n on input line 25.
LaTeX Font Info:    ... okay on input line 25.
LaTeX Font Info:    Checking defaults for OMX/cmex/m/n on input line 25.
LaTeX Font Info:    ... okay on input line 25.
LaTeX Font Info:    Checking defaults for U/cmr/m/n on input line 25.
LaTeX Font Info:    ... okay on input line 25.
LaTeX Font Info:    Checking defaults for PD1/pdf/m/n on input line 25.
LaTeX Font Info:    ... okay on input line 25.
LaTeX Font Info:    Checking defaults for PU/pdf/m/n on input line 25.
LaTeX Font Info:    ... okay on input line 25.

*geometry* driver: auto-detecting
*geometry* detected driver: pdftex
*geometry* verbose mode - [ preamble ] result:
* driver: pdftex
* paper: custom
* layout: <same size as paper>
* layoutoffset:(h,v)=(0.0pt,0.0pt)
* modes: includehead includefoot 
* h-part:(L,W,R)=(28.45274pt, 307.28987pt, 28.45274pt)
* v-part:(T,H,B)=(0.0pt, 273.14662pt, 0.0pt)
* \paperwidth=364.19536pt
* \paperheight=273.14662pt
* \textwidth=307.28987pt
* \textheight=244.6939pt
* \oddsidemargin=-43.81725pt
* \evensidemargin=-43.81725pt
* \topmargin=-72.26999pt
* \headheight=14.22636pt
* \headsep=0.0pt
* \topskip=11.0pt
* \footskip=14.22636pt
* \marginparwidth=4.0pt
* \marginparsep=10.0pt
* \columnsep=10.0pt
* \skip\footins=10.0pt plus 4.0pt minus 2.0pt
* \hoffset=0.0pt
* \voffset=0.0pt
* \mag=1000
* \@twocolumnfalse
* \@twosidefalse
* \@mparswitchfalse
* \@reversemarginfalse
* (1in=72.27pt=25.4mm, 1cm=28.453pt)


(C:\Users\Fabrizio\AppData\Local\Programs\MiKTeX 2.9\tex/context/base/mkii\supp
-pdf.mkii
[Loading MPS to PDF converter (version 2006.09.02).]
\scratchcounter=\count353
\scratchdimen=\dimen305
\scratchbox=\box84
\nofMPsegments=\count354
\nofMParguments=\count355
\everyMPshowfont=\toks50
\MPscratchCnt=\count356
\MPscratchDim=\dimen306
\MPnumerator=\count357
\makeMPintoPDFobject=\count358
\everyMPtoPDFconversion=\toks51
)
(C:\Users\Fabrizio\AppData\Local\Programs\MiKTeX 2.9\tex/latex/epstopdf-pkg\eps
topdf-base.sty
Package: epstopdf-base 2020-01-24 v2.11 Base part for package epstopdf
Package epstopdf-base Info: Redefining graphics rule for `.eps' on input line 4
85.

(C:\Users\Fabrizio\AppData\Local\Programs\MiKTeX 2.9\tex/latex/00miktex\epstopd
f-sys.cfg
File: epstopdf-sys.cfg 2021/03/18 v2.0 Configuration of epstopdf for MiKTeX
))
Package hyperref Info: Link coloring OFF on input line 25.

(C:\Users\Fabrizio\AppData\Local\Programs\MiKTeX 2.9\tex/latex/hyperref\nameref
.sty
Package: nameref 2021-04-02 v2.47 Cross-referencing by name of section

(C:\Users\Fabrizio\AppData\Local\Programs\MiKTeX 2.9\tex/latex/refcount\refcoun
t.sty
Package: refcount 2019/12/15 v3.6 Data extraction from label references (HO)
)
(C:\Users\Fabrizio\AppData\Local\Programs\MiKTeX 2.9\tex/generic/gettitlestring
\gettitlestring.sty
Package: gettitlestring 2019/12/15 v1.6 Cleanup title references (HO)
)
\c@section@level=\count359
)
LaTeX Info: Redefining \ref on input line 25.
LaTeX Info: Redefining \pageref on input line 25.
LaTeX Info: Redefining \nameref on input line 25.
 (Beamer.out) (Beamer.out)
\@outlinefile=\write5
\openout5 = `Beamer.out'.


(C:\Users\Fabrizio\AppData\Local\Programs\MiKTeX 2.9\tex/latex/translator\trans
lator-basic-dictionary-English.dict
Dictionary: translator-basic-dictionary, Language: English 
)
(C:\Users\Fabrizio\AppData\Local\Programs\MiKTeX 2.9\tex/latex/translator\trans
lator-bibliography-dictionary-English.dict
Dictionary: translator-bibliography-dictionary, Language: English 
)
(C:\Users\Fabrizio\AppData\Local\Programs\MiKTeX 2.9\tex/latex/translator\trans
lator-environment-dictionary-English.dict
Dictionary: translator-environment-dictionary, Language: English 
)
(C:\Users\Fabrizio\AppData\Local\Programs\MiKTeX 2.9\tex/latex/translator\trans
lator-months-dictionary-English.dict
Dictionary: translator-months-dictionary, Language: English 
)
(C:\Users\Fabrizio\AppData\Local\Programs\MiKTeX 2.9\tex/latex/translator\trans
lator-numbers-dictionary-English.dict
Dictionary: translator-numbers-dictionary, Language: English 
)
(C:\Users\Fabrizio\AppData\Local\Programs\MiKTeX 2.9\tex/latex/translator\trans
lator-theorem-dictionary-English.dict
Dictionary: translator-theorem-dictionary, Language: English 
) (Beamer.nav)
Overfull \vbox (48.37366pt too high) detected at line 33
 []

[1

{C:/Users/Fabrizio/AppData/Local/MiKTeX/2.9/fonts/map/pdftex/pdftex.map}]
LaTeX Font Info:    Trying to load font information for TS1+phv on input line 6
5.

(C:\Users\Fabrizio\AppData\Local\Programs\MiKTeX 2.9\tex/latex/psnfss\ts1phv.fd
File: ts1phv.fd 2020/03/25 scalable font definitions for TS1/phv.
)
LaTeX Font Info:    Font shape `OT1/phv/m/it' in size <10.95> not available
(Font)              Font shape `OT1/phv/m/sl' tried instead on input line 65.
LaTeX Font Info:    Trying to load font information for U+msa on input line 65.


(C:\Users\Fabrizio\AppData\Local\Programs\MiKTeX 2.9\tex/latex/amsfonts\umsa.fd
File: umsa.fd 2013/01/14 v3.01 AMS symbols A
)
LaTeX Font Info:    Trying to load font information for U+msb on input line 65.


(C:\Users\Fabrizio\AppData\Local\Programs\MiKTeX 2.9\tex/latex/amsfonts\umsb.fd
File: umsb.fd 2013/01/14 v3.01 AMS symbols B
)
<papaleo.jpg, id=21, 397.485pt x 596.2275pt>
File: papaleo.jpg Graphic file (type jpg)
<use papaleo.jpg>
Package pdftex.def Info: papaleo.jpg  used on input line 65.
(pdftex.def)             Requested size: 99.371pt x 149.0565pt.
 [2

 <./papaleo.jpg>]
<ca_conc.png, id=29, 421.575pt x 316.18124pt>
File: ca_conc.png Graphic file (type png)
<use ca_conc.png>
Package pdftex.def Info: ca_conc.png  used on input line 89.
(pdftex.def)             Requested size: 168.627pt x 126.47025pt.

Overfull \hbox (30.3475pt too wide) in paragraph at lines 89--89
 [][] 
 []

[3

 <./ca_conc.png (PNG copy)>]
<inscopix.jpg, id=38, 336.2964pt x 401.3394pt>
File: inscopix.jpg Graphic file (type jpg)
<use inscopix.jpg>
Package pdftex.def Info: inscopix.jpg  used on input line 116.
(pdftex.def)             Requested size: 76.82246pt x 91.68147pt.

Overfull \vbox (31.51701pt too high) detected at line 116
 []

[4

 <./inscopix.jpg>] [5

]
\tf@nav=\write6
\openout6 = `Beamer.nav'.

\tf@toc=\write7
\openout7 = `Beamer.toc'.

\tf@snm=\write8
\openout8 = `Beamer.snm'.

 (Beamer.aux)
Package rerunfilecheck Info: File `Beamer.out' has not changed.
(rerunfilecheck)             Checksum: D41D8CD98F00B204E9800998ECF8427E;0.
 ) 
Here is how much of TeX's memory you used:
 26442 strings out of 478550
 552829 string characters out of 2839425
 791817 words of memory out of 3000000
 44073 multiletter control sequences out of 15000+600000
 490647 words of font info for 68 fonts, out of 8000000 for 9000
 1141 hyphenation exceptions out of 8191
 128i,13n,122p,1807b,633s stack positions out of 5000i,500n,10000p,200000b,80000s
{C:/Users/Fabrizio/AppData/Local/Programs/MiKTeX 2.9/fonts/enc/dvips/base/8r.
enc}<C:/Users/Fabrizio/AppData/Local/Programs/MiKTeX 2.9/fonts/type1/public/ams
fonts/cm/cmmi10.pfb><C:/Users/Fabrizio/AppData/Local/Programs/MiKTeX 2.9/fonts/
type1/public/amsfonts/cm/cmr8.pfb><C:/Users/Fabrizio/AppData/Local/Programs/MiK
TeX 2.9/fonts/type1/urw/helvetic/uhvb8a.pfb><C:/Users/Fabrizio/AppData/Local/Pr
ograms/MiKTeX 2.9/fonts/type1/urw/helvetic/uhvr8a.pfb><C:/Users/Fabrizio/AppDat
a/Local/Programs/MiKTeX 2.9/fonts/type1/urw/helvetic/uhvro8a.pfb>
Output written on Beamer.pdf (5 pages, 165235 bytes).
PDF statistics:
 97 PDF objects out of 1000 (max. 8388607)
 11 named destinations out of 1000 (max. 500000)
 124 words of extra memory for PDF output out of 10000 (max. 10000000)

