\BOOKMARK [0][-]{chapter.1}{\376\377\000N\000e\000u\000r\000o\000b\000i\000o\000l\000o\000g\000y\000\040\000o\000f\000\040\000b\000e\000h\000a\000v\000i\000o\000u\000r}{}% 2
\BOOKMARK [1][-]{section.1.1}{\376\377\000N\000e\000u\000r\000o\000n\000a\000l\000\040\000c\000i\000r\000c\000u\000i\000t\000s\000\040\000t\000o\000\040\000d\000e\000s\000c\000r\000i\000b\000e\000\040\000b\000e\000h\000a\000v\000i\000o\000u\000r}{chapter.1}% 3
\BOOKMARK [1][-]{section.1.2}{\376\377\000I\000n\000\040\000v\000i\000v\000o\000\040\000s\000t\000u\000d\000i\000e\000s\000\040\000o\000n\000\040\000m\000i\000c\000e}{chapter.1}% 4
\BOOKMARK [1][-]{section.1.3}{\376\377\000C\000a\000l\000c\000i\000u\000m\000\040\000i\000m\000a\000g\000i\000n\000g\000\040\000t\000h\000r\000o\000u\000g\000h\000\040\000I\000n\000s\000c\000o\000p\000i\000x}{chapter.1}% 5
\BOOKMARK [1][-]{section.1.4}{\376\377\000C\000a\000l\000c\000i\000u\000m\000\040\000i\000m\000a\000g\000i\000n\000g\000\040\000t\000h\000r\000o\000u\000g\000h\000\040\000F\000i\000b\000e\000r\000p\000h\000o\000t\000o\000m\000e\000t\000r\000y}{chapter.1}% 6
\BOOKMARK [1][-]{section.1.5}{\376\377\000S\000y\000n\000c\000h\000r\000o\000n\000i\000z\000a\000t\000i\000o\000n\000\040\000o\000f\000\040\000n\000e\000u\000r\000a\000l\000\040\000a\000c\000t\000i\000v\000i\000t\000i\000e\000s}{chapter.1}% 7
\BOOKMARK [0][-]{chapter.2}{\376\377\000M\000a\000i\000n\000\040\000t\000o\000o\000l\000s\000\040\000f\000o\000r\000\040\000s\000y\000n\000c\000h\000r\000o\000n\000i\000z\000a\000t\000i\000o\000n\000\040\000a\000n\000a\000l\000y\000s\000i\000s}{}% 8
\BOOKMARK [1][-]{section.2.1}{\376\377\000U\000n\000d\000e\000r\000s\000t\000a\000n\000d\000i\000n\000g\000\040\000s\000y\000n\000c\000h\000r\000o\000n\000i\000z\000a\000t\000i\000o\000n}{chapter.2}% 9
\BOOKMARK [1][-]{section.2.2}{\376\377\000C\000r\000o\000s\000s\000-\000c\000o\000r\000r\000e\000l\000a\000t\000i\000o\000n}{chapter.2}% 10
\BOOKMARK [1][-]{section.2.3}{\376\377\000P\000e\000a\000k\000-\000s\000y\000n\000c\000h\000r\000o\000n\000i\000z\000a\000t\000i\000o\000n}{chapter.2}% 11
\BOOKMARK [1][-]{section.2.4}{\376\377\000G\000r\000a\000n\000g\000e\000r\000\040\000c\000a\000u\000s\000a\000l\000i\000t\000y}{chapter.2}% 12
\BOOKMARK [0][-]{chapter.3}{\376\377\000I\000n\000t\000e\000r\000b\000r\000a\000i\000n\000\040\000d\000a\000t\000a\000\040\000a\000n\000a\000l\000y\000s\000i\000s\000:\000\040\000e\000m\000o\000t\000i\000o\000n\000\040\000d\000i\000s\000c\000r\000i\000m\000i\000n\000a\000t\000i\000o\000n\000\040\000t\000a\000s\000k}{}% 13
\BOOKMARK [1][-]{section.3.1}{\376\377\000E\000m\000o\000t\000i\000o\000n\000\040\000d\000i\000s\000c\000r\000i\000m\000i\000n\000a\000t\000i\000o\000n\000\040\000t\000a\000s\000k}{chapter.3}% 14
\BOOKMARK [1][-]{section.3.2}{\376\377\000N\000o\000r\000m\000a\000l\000i\000z\000a\000t\000i\000o\000n\000\040\000o\000f\000\040\000t\000h\000e\000\040\000d\000a\000t\000a\000s\000e\000t}{chapter.3}% 15
\BOOKMARK [1][-]{section.3.3}{\376\377\000B\000e\000h\000a\000v\000i\000o\000u\000r\000a\000l\000\040\000a\000n\000a\000l\000y\000s\000i\000s\000\040\000o\000f\000\040\000t\000h\000e\000\040\000t\000a\000s\000k}{chapter.3}% 16
\BOOKMARK [1][-]{section.3.4}{\376\377\000C\000r\000o\000s\000s\000-\000c\000o\000r\000r\000e\000l\000a\000t\000i\000o\000n\000\040\000a\000n\000a\000l\000y\000s\000i\000s\000\040\000f\000o\000r\000\040\000t\000h\000e\000\040\000m\000e\000a\000n\000\040\000a\000c\000t\000i\000v\000i\000t\000y}{chapter.3}% 17
\BOOKMARK [1][-]{section.3.5}{\376\377\000P\000e\000a\000k\000\040\000s\000y\000n\000c\000h\000r\000o\000n\000i\000z\000a\000t\000i\000o\000n\000\040\000a\000n\000a\000l\000y\000s\000i\000s}{chapter.3}% 18
\BOOKMARK [1][-]{section.3.6}{\376\377\000G\000r\000a\000n\000g\000e\000r\000\040\000c\000a\000u\000s\000a\000l\000i\000t\000y\000\040\000a\000n\000a\000l\000y\000s\000i\000s}{chapter.3}% 19
\BOOKMARK [1][-]{section.3.7}{\376\377\000S\000e\000l\000f\000-\000e\000x\000p\000e\000r\000i\000e\000n\000c\000e\000\040\000t\000a\000s\000k}{chapter.3}% 20
\BOOKMARK [1][-]{section.3.8}{\376\377\000C\000o\000n\000c\000l\000u\000s\000i\000o\000n\000s\000\040\000o\000n\000\040\000t\000h\000e\000\040\000e\000m\000o\000t\000i\000o\000n\000\040\000d\000i\000s\000c\000r\000i\000m\000i\000n\000a\000t\000i\000o\000n\000\040\000t\000a\000s\000k}{chapter.3}% 21
\BOOKMARK [0][-]{chapter.4}{\376\377\000A\000c\000t\000i\000v\000i\000t\000y\000\040\000o\000f\000\040\000a\000m\000y\000g\000d\000a\000l\000a\000\040\000i\000n\000\040\000a\000l\000t\000r\000u\000i\000s\000t\000i\000c\000\040\000d\000e\000c\000i\000s\000i\000o\000n\000\040\000m\000a\000k\000i\000n\000g}{}% 22
\BOOKMARK [1][-]{section.4.1}{\376\377\000S\000o\000c\000i\000a\000l\000\040\000d\000e\000c\000i\000s\000i\000o\000n\000\040\000m\000a\000k\000i\000n\000g\000\040\000i\000n\000\040\000m\000a\000m\000m\000a\000l\000s}{chapter.4}% 23
\BOOKMARK [1][-]{section.4.2}{\376\377\000D\000e\000s\000c\000r\000i\000p\000t\000i\000o\000n\000\040\000o\000f\000\040\000t\000h\000e\000\040\000a\000l\000t\000r\000u\000i\000s\000m\000\040\000t\000a\000s\000k}{chapter.4}% 24
\BOOKMARK [1][-]{section.4.3}{\376\377\000B\000e\000h\000a\000v\000i\000o\000u\000r\000a\000l\000\040\000r\000e\000s\000u\000l\000t\000s\000\040\000i\000n\000\040\000t\000h\000e\000\040\000a\000l\000t\000r\000u\000i\000s\000m\000\040\000t\000a\000s\000k}{chapter.4}% 25
\BOOKMARK [1][-]{section.4.4}{\376\377\000T\000h\000e\000\040\000r\000o\000l\000e\000\040\000o\000f\000\040\000s\000o\000c\000i\000a\000l\000\040\000h\000i\000e\000r\000a\000r\000c\000h\000y\000\040\000i\000n\000\040\000a\000l\000t\000r\000u\000i\000s\000m\000\040\000d\000i\000s\000p\000l\000a\000y}{chapter.4}% 26
\BOOKMARK [1][-]{section.4.5}{\376\377\000T\000h\000e\000\040\000r\000o\000l\000e\000\040\000o\000f\000\040\000B\000L\000A\000\040\000n\000e\000u\000r\000o\000n\000s\000\040\000i\000n\000\040\000s\000e\000l\000f\000i\000s\000h\000\040\000a\000n\000d\000\040\000p\000r\000o\000s\000o\000c\000i\000a\000l\000\040\000c\000h\000o\000i\000c\000e\000s}{chapter.4}% 27
\BOOKMARK [0][-]{chapter.5}{\376\377\000M\000a\000t\000h\000e\000m\000a\000t\000i\000c\000a\000l\000\040\000m\000o\000d\000e\000l\000i\000n\000g\000\040\000i\000n\000\040\000c\000e\000l\000l\000u\000l\000a\000r\000\040\000e\000l\000e\000c\000t\000r\000o\000p\000h\000y\000s\000i\000o\000l\000o\000g\000y}{}% 28
\BOOKMARK [1][-]{section.5.1}{\376\377\000E\000l\000e\000c\000t\000r\000i\000c\000\040\000a\000c\000t\000i\000v\000i\000t\000y\000\040\000i\000n\000\040\000n\000e\000u\000r\000o\000n\000s}{chapter.5}% 29
\BOOKMARK [1][-]{section.5.2}{\376\377\000O\000D\000E\000\040\000l\000o\000c\000a\000l\000\040\000a\000n\000d\000\040\000g\000l\000o\000b\000a\000l\000\040\000m\000o\000d\000e\000l\000s}{chapter.5}% 30
\BOOKMARK [1][-]{section.5.3}{\376\377\000T\000h\000e\000\040\000L\000R\000M\000\040\000m\000o\000d\000e\000l}{chapter.5}% 31
\BOOKMARK [1][-]{section.5.4}{\376\377\000T\000h\000e\000\040\000G\000H\000K\000\040\000m\000o\000d\000e\000l}{chapter.5}% 32
\BOOKMARK [1][-]{section.5.5}{\376\377\000T\000h\000e\000\040\000H\000o\000d\000g\000k\000i\000n\000-\000H\000u\000x\000l\000e\000y\000\040\000m\000o\000d\000e\000l}{chapter.5}% 33
\BOOKMARK [1][-]{section.5.6}{\376\377\000C\000a\000b\000l\000e\000\040\000m\000o\000d\000e\000l}{chapter.5}% 34
\BOOKMARK [1][-]{section.5.7}{\376\377\000N\000u\000m\000e\000r\000i\000c\000a\000l\000\040\000s\000o\000l\000u\000t\000i\000o\000n\000\040\000o\000f\000\040\000t\000h\000e\000\040\000c\000a\000b\000l\000e\000\040\000e\000q\000u\000a\000t\000i\000o\000n}{chapter.5}% 35
\BOOKMARK [0][-]{chapter.6}{\376\377\000M\000o\000d\000e\000l\000i\000n\000g\000\040\000c\000a\000l\000c\000i\000u\000m\000\040\000p\000a\000t\000t\000e\000r\000n\000s}{}% 36
\BOOKMARK [0][-]{chapter.7}{\376\377\000C\000o\000n\000c\000l\000u\000s\000i\000o\000n\000s}{}% 37
