This is pdfTeX, Version 3.141592653-2.6-1.40.24 (MiKTeX 22.1) (preloaded format=pdflatex 2022.2.13)  21 MAR 2022 19:24
entering extended mode
 restricted \write18 enabled.
 %&-line parsing enabled.
**./Tesi_main.tex
(Tesi_main.tex
LaTeX2e <2021-11-15> patch level 1
L3 programming layer <2022-02-05>
(C:\Users\Fabrizio\AppData\Local\Programs\MiKTeX 2.9\tex/latex/base\report.cls
Document Class: report 2021/10/04 v1.4n Standard LaTeX document class
(C:\Users\Fabrizio\AppData\Local\Programs\MiKTeX 2.9\tex/latex/base\size12.clo
File: size12.clo 2021/10/04 v1.4n Standard LaTeX file (size option)
)
\c@part=\count185
\c@chapter=\count186
\c@section=\count187
\c@subsection=\count188
\c@subsubsection=\count189
\c@paragraph=\count190
\c@subparagraph=\count191
\c@figure=\count192
\c@table=\count193
\abovecaptionskip=\skip47
\belowcaptionskip=\skip48
\bibindent=\dimen138
)
(C:\Users\Fabrizio\AppData\Local\Programs\MiKTeX 2.9\tex/latex/geometry\geometr
y.sty
Package: geometry 2020/01/02 v5.9 Page Geometry

(C:\Users\Fabrizio\AppData\Local\Programs\MiKTeX 2.9\tex/latex/graphics\keyval.
sty
Package: keyval 2014/10/28 v1.15 key=value parser (DPC)
\KV@toks@=\toks16
)
(C:\Users\Fabrizio\AppData\Local\Programs\MiKTeX 2.9\tex/generic/iftex\ifvtex.s
ty
Package: ifvtex 2019/10/25 v1.7 ifvtex legacy package. Use iftex instead.

(C:\Users\Fabrizio\AppData\Local\Programs\MiKTeX 2.9\tex/generic/iftex\iftex.st
y
Package: iftex 2022/02/03 v1.0f TeX engine tests
))
\Gm@cnth=\count194
\Gm@cntv=\count195
\c@Gm@tempcnt=\count196
\Gm@bindingoffset=\dimen139
\Gm@wd@mp=\dimen140
\Gm@odd@mp=\dimen141
\Gm@even@mp=\dimen142
\Gm@layoutwidth=\dimen143
\Gm@layoutheight=\dimen144
\Gm@layouthoffset=\dimen145
\Gm@layoutvoffset=\dimen146
\Gm@dimlist=\toks17

(C:\Users\Fabrizio\AppData\Local\Programs\MiKTeX 2.9\tex/latex/geometry\geometr
y.cfg))
(C:\Users\Fabrizio\AppData\Local\Programs\MiKTeX 2.9\tex/latex/hyperref\hyperre
f.sty
Package: hyperref 2021-06-07 v7.00m Hypertext links for LaTeX

(C:\Users\Fabrizio\AppData\Local\Programs\MiKTeX 2.9\tex/generic/ltxcmds\ltxcmd
s.sty
Package: ltxcmds 2020-05-10 v1.25 LaTeX kernel commands for general use (HO)
)
(C:\Users\Fabrizio\AppData\Local\Programs\MiKTeX 2.9\tex/generic/pdftexcmds\pdf
texcmds.sty
Package: pdftexcmds 2020-06-27 v0.33 Utility functions of pdfTeX for LuaTeX (HO
)

(C:\Users\Fabrizio\AppData\Local\Programs\MiKTeX 2.9\tex/generic/infwarerr\infw
arerr.sty
Package: infwarerr 2019/12/03 v1.5 Providing info/warning/error messages (HO)
)
Package pdftexcmds Info: \pdf@primitive is available.
Package pdftexcmds Info: \pdf@ifprimitive is available.
Package pdftexcmds Info: \pdfdraftmode found.
)
(C:\Users\Fabrizio\AppData\Local\Programs\MiKTeX 2.9\tex/generic/kvsetkeys\kvse
tkeys.sty
Package: kvsetkeys 2019/12/15 v1.18 Key value parser (HO)
)
(C:\Users\Fabrizio\AppData\Local\Programs\MiKTeX 2.9\tex/generic/kvdefinekeys\k
vdefinekeys.sty
Package: kvdefinekeys 2019-12-19 v1.6 Define keys (HO)
)
(C:\Users\Fabrizio\AppData\Local\Programs\MiKTeX 2.9\tex/generic/pdfescape\pdfe
scape.sty
Package: pdfescape 2019/12/09 v1.15 Implements pdfTeX's escape features (HO)
)
(C:\Users\Fabrizio\AppData\Local\Programs\MiKTeX 2.9\tex/latex/hycolor\hycolor.
sty
Package: hycolor 2020-01-27 v1.10 Color options for hyperref/bookmark (HO)
)
(C:\Users\Fabrizio\AppData\Local\Programs\MiKTeX 2.9\tex/latex/letltxmacro\letl
txmacro.sty
Package: letltxmacro 2019/12/03 v1.6 Let assignment for LaTeX macros (HO)
)
(C:\Users\Fabrizio\AppData\Local\Programs\MiKTeX 2.9\tex/latex/auxhook\auxhook.
sty
Package: auxhook 2019-12-17 v1.6 Hooks for auxiliary files (HO)
)
(C:\Users\Fabrizio\AppData\Local\Programs\MiKTeX 2.9\tex/latex/kvoptions\kvopti
ons.sty
Package: kvoptions 2020-10-07 v3.14 Key value format for package options (HO)
)
\@linkdim=\dimen147
\Hy@linkcounter=\count197
\Hy@pagecounter=\count198

(C:\Users\Fabrizio\AppData\Local\Programs\MiKTeX 2.9\tex/latex/hyperref\pd1enc.
def
File: pd1enc.def 2021-06-07 v7.00m Hyperref: PDFDocEncoding definition (HO)
Now handling font encoding PD1 ...
... no UTF-8 mapping file for font encoding PD1
)
(C:\Users\Fabrizio\AppData\Local\Programs\MiKTeX 2.9\tex/latex/hyperref\hyperre
f-langpatches.def
File: hyperref-langpatches.def 2021-06-07 v7.00m Hyperref: patches for babel la
nguages
)
(C:\Users\Fabrizio\AppData\Local\Programs\MiKTeX 2.9\tex/generic/intcalc\intcal
c.sty
Package: intcalc 2019/12/15 v1.3 Expandable calculations with integers (HO)
)
(C:\Users\Fabrizio\AppData\Local\Programs\MiKTeX 2.9\tex/generic/etexcmds\etexc
mds.sty
Package: etexcmds 2019/12/15 v1.7 Avoid name clashes with e-TeX commands (HO)
)
\Hy@SavedSpaceFactor=\count199

(C:\Users\Fabrizio\AppData\Local\Programs\MiKTeX 2.9\tex/latex/hyperref\puenc.d
ef
File: puenc.def 2021-06-07 v7.00m Hyperref: PDF Unicode definition (HO)
Now handling font encoding PU ...
... no UTF-8 mapping file for font encoding PU
)
Package hyperref Info: Hyper figures OFF on input line 4192.
Package hyperref Info: Link nesting OFF on input line 4197.
Package hyperref Info: Hyper index ON on input line 4200.
Package hyperref Info: Plain pages OFF on input line 4207.
Package hyperref Info: Backreferencing OFF on input line 4212.
Package hyperref Info: Implicit mode ON; LaTeX internals redefined.
Package hyperref Info: Bookmarks ON on input line 4445.
\c@Hy@tempcnt=\count266
 (C:\Users\Fabrizio\AppData\Local\Programs\MiKTeX 2.9\tex/latex/url\url.sty
\Urlmuskip=\muskip16
Package: url 2013/09/16  ver 3.4  Verb mode for urls, etc.
)
LaTeX Info: Redefining \url on input line 4804.
\XeTeXLinkMargin=\dimen148

(C:\Users\Fabrizio\AppData\Local\Programs\MiKTeX 2.9\tex/generic/bitset\bitset.
sty
Package: bitset 2019/12/09 v1.3 Handle bit-vector datatype (HO)

(C:\Users\Fabrizio\AppData\Local\Programs\MiKTeX 2.9\tex/generic/bigintcalc\big
intcalc.sty
Package: bigintcalc 2019/12/15 v1.5 Expandable calculations on big integers (HO
)
))
\Fld@menulength=\count267
\Field@Width=\dimen149
\Fld@charsize=\dimen150
Package hyperref Info: Hyper figures OFF on input line 6076.
Package hyperref Info: Link nesting OFF on input line 6081.
Package hyperref Info: Hyper index ON on input line 6084.
Package hyperref Info: backreferencing OFF on input line 6091.
Package hyperref Info: Link coloring OFF on input line 6096.
Package hyperref Info: Link coloring with OCG OFF on input line 6101.
Package hyperref Info: PDF/A mode OFF on input line 6106.
LaTeX Info: Redefining \ref on input line 6146.
LaTeX Info: Redefining \pageref on input line 6150.

(C:\Users\Fabrizio\AppData\Local\Programs\MiKTeX 2.9\tex/latex/base\atbegshi-lt
x.sty
Package: atbegshi-ltx 2021/01/10 v1.0c Emulation of the original atbegshi
package with kernel methods
)
\Hy@abspage=\count268
\c@Item=\count269
\c@Hfootnote=\count270
)
Package hyperref Info: Driver (autodetected): hpdftex.

(C:\Users\Fabrizio\AppData\Local\Programs\MiKTeX 2.9\tex/latex/hyperref\hpdftex
.def
File: hpdftex.def 2021-06-07 v7.00m Hyperref driver for pdfTeX

(C:\Users\Fabrizio\AppData\Local\Programs\MiKTeX 2.9\tex/latex/base\atveryend-l
tx.sty
Package: atveryend-ltx 2020/08/19 v1.0a Emulation of the original atveryend pac
kage
with kernel methods
)
\Fld@listcount=\count271
\c@bookmark@seq@number=\count272

(C:\Users\Fabrizio\AppData\Local\Programs\MiKTeX 2.9\tex/latex/rerunfilecheck\r
erunfilecheck.sty
Package: rerunfilecheck 2019/12/05 v1.9 Rerun checks for auxiliary files (HO)

(C:\Users\Fabrizio\AppData\Local\Programs\MiKTeX 2.9\tex/generic/uniquecounter\
uniquecounter.sty
Package: uniquecounter 2019/12/15 v1.4 Provide unlimited unique counter (HO)
)
Package uniquecounter Info: New unique counter `rerunfilecheck' on input line 2
86.
)
\Hy@SectionHShift=\skip49
)
(C:\Users\Fabrizio\AppData\Local\Programs\MiKTeX 2.9\tex/latex/base\inputenc.st
y
Package: inputenc 2021/02/14 v1.3d Input encoding file
\inpenc@prehook=\toks18
\inpenc@posthook=\toks19
)
(C:\Users\Fabrizio\AppData\Local\Programs\MiKTeX 2.9\tex/latex/graphics\graphic
x.sty
Package: graphicx 2021/09/16 v1.2d Enhanced LaTeX Graphics (DPC,SPQR)

(C:\Users\Fabrizio\AppData\Local\Programs\MiKTeX 2.9\tex/latex/graphics\graphic
s.sty
Package: graphics 2021/03/04 v1.4d Standard LaTeX Graphics (DPC,SPQR)

(C:\Users\Fabrizio\AppData\Local\Programs\MiKTeX 2.9\tex/latex/graphics\trig.st
y
Package: trig 2021/08/11 v1.11 sin cos tan (DPC)
)
(C:\Users\Fabrizio\AppData\Local\Programs\MiKTeX 2.9\tex/latex/graphics-cfg\gra
phics.cfg
File: graphics.cfg 2016/06/04 v1.11 sample graphics configuration
)
Package graphics Info: Driver file: pdftex.def on input line 107.

(C:\Users\Fabrizio\AppData\Local\Programs\MiKTeX 2.9\tex/latex/graphics-def\pdf
tex.def
File: pdftex.def 2020/10/05 v1.2a Graphics/color driver for pdftex
))
\Gin@req@height=\dimen151
\Gin@req@width=\dimen152
)
(C:\Users\Fabrizio\AppData\Local\Programs\MiKTeX 2.9\tex/latex/algorithms\algor
ithm.sty
Package: algorithm 2009/08/24 v0.1 Document Style `algorithm' - floating enviro
nment

(C:\Users\Fabrizio\AppData\Local\Programs\MiKTeX 2.9\tex/latex/float\float.sty
Package: float 2001/11/08 v1.3d Float enhancements (AL)
\c@float@type=\count273
\float@exts=\toks20
\float@box=\box50
\@float@everytoks=\toks21
\@floatcapt=\box51
) (C:\Users\Fabrizio\AppData\Local\Programs\MiKTeX 2.9\tex/latex/base\ifthen.st
y
Package: ifthen 2020/11/24 v1.1c Standard LaTeX ifthen package (DPC)
)
\@float@every@algorithm=\toks22
\c@algorithm=\count274
)
(C:\Users\Fabrizio\AppData\Local\Programs\MiKTeX 2.9\tex/latex/algorithmicx\alg
pseudocode.sty
Package: algpseudocode 

(C:\Users\Fabrizio\AppData\Local\Programs\MiKTeX 2.9\tex/latex/algorithmicx\alg
orithmicx.sty
Package: algorithmicx 2005/04/27 v1.2 Algorithmicx

Document Style algorithmicx 1.2 - a greatly improved `algorithmic' style
\c@ALG@line=\count275
\c@ALG@rem=\count276
\c@ALG@nested=\count277
\ALG@tlm=\skip50
\ALG@thistlm=\skip51
\c@ALG@Lnr=\count278
\c@ALG@blocknr=\count279
\c@ALG@storecount=\count280
\c@ALG@tmpcounter=\count281
\ALG@tmplength=\skip52
)
Document Style - pseudocode environments for use with the `algorithmicx' style
)
(C:\Users\Fabrizio\AppData\Local\Programs\MiKTeX 2.9\tex/latex/lipsum\lipsum.st
y
(C:\Users\Fabrizio\AppData\Local\Programs\MiKTeX 2.9\tex/latex/l3packages/l3key
s2e\l3keys2e.sty
(C:\Users\Fabrizio\AppData\Local\Programs\MiKTeX 2.9\tex/latex/l3kernel\expl3.s
ty
Package: expl3 2022-02-05 L3 programming layer (loader) 

(C:\Users\Fabrizio\AppData\Local\Programs\MiKTeX 2.9\tex/latex/l3backend\l3back
end-pdftex.def
File: l3backend-pdftex.def 2022-02-07 L3 backend support: PDF output (pdfTeX)
\l__color_backend_stack_int=\count282
\l__pdf_internal_box=\box52
))
Package: l3keys2e 2022-01-12 LaTeX2e option processing using LaTeX3 keys
)
Package: lipsum 2021-09-20 v2.7 150 paragraphs of Lorem Ipsum dummy text
\g__lipsum_par_int=\count283
\l__lipsum_a_int=\count284
\l__lipsum_b_int=\count285

(C:\Users\Fabrizio\AppData\Local\Programs\MiKTeX 2.9\tex/latex/lipsum\lipsum.lt
d.tex))
(C:\Users\Fabrizio\AppData\Local\Programs\MiKTeX 2.9\tex/latex/koma-script\scre
xtend.sty
Package: scrextend 2021/11/13 v3.35 KOMA-Script package (extend other classes w
ith features of KOMA-Script classes)

(C:\Users\Fabrizio\AppData\Local\Programs\MiKTeX 2.9\tex/latex/koma-script\scrk
base.sty
Package: scrkbase 2021/11/13 v3.35 KOMA-Script package (KOMA-Script-dependent b
asics and keyval usage)

(C:\Users\Fabrizio\AppData\Local\Programs\MiKTeX 2.9\tex/latex/koma-script\scrb
ase.sty
Package: scrbase 2021/11/13 v3.35 KOMA-Script package (KOMA-Script-independent 
basics and keyval usage)

(C:\Users\Fabrizio\AppData\Local\Programs\MiKTeX 2.9\tex/latex/koma-script\scrl
file.sty
Package: scrlfile 2021/11/13 v3.35 KOMA-Script package (file load hooks)

(C:\Users\Fabrizio\AppData\Local\Programs\MiKTeX 2.9\tex/latex/koma-script\scrl
file-hook.sty
Package: scrlfile-hook 2021/11/13 v3.35 KOMA-Script package (using LaTeX hooks)


(C:\Users\Fabrizio\AppData\Local\Programs\MiKTeX 2.9\tex/latex/koma-script\scrl
ogo.sty
Package: scrlogo 2021/11/13 v3.35 KOMA-Script package (logo)
)))
Applying: [2021/05/01] Usage of raw or classic option list on input line 252.
Already applied: [0000/00/00] Usage of raw or classic option list on input line
 368.
))

LaTeX Warning: Command \@footnotemark  has changed.
               Check if current package is valid.

)
(C:\Users\Fabrizio\AppData\Local\Programs\MiKTeX 2.9\tex/latex/biblatex\biblate
x.sty
Package: biblatex 2022/02/02 v3.17 programmable bibliographies (PK/MW)

(C:\Users\Fabrizio\AppData\Local\Programs\MiKTeX 2.9\tex/latex/etoolbox\etoolbo
x.sty
Package: etoolbox 2020/10/05 v2.5k e-TeX tools for LaTeX (JAW)
\etb@tempcnta=\count286
)
(C:\Users\Fabrizio\AppData\Local\Programs\MiKTeX 2.9\tex/latex/logreq\logreq.st
y
Package: logreq 2010/08/04 v1.0 xml request logger
\lrq@indent=\count287

(C:\Users\Fabrizio\AppData\Local\Programs\MiKTeX 2.9\tex/latex/logreq\logreq.de
f
File: logreq.def 2010/08/04 v1.0 logreq spec v1.0
))
\c@tabx@nest=\count288
\c@listtotal=\count289
\c@listcount=\count290
\c@liststart=\count291
\c@liststop=\count292
\c@citecount=\count293
\c@citetotal=\count294
\c@multicitecount=\count295
\c@multicitetotal=\count296
\c@instcount=\count297
\c@maxnames=\count298
\c@minnames=\count299
\c@maxitems=\count300
\c@minitems=\count301
\c@citecounter=\count302
\c@maxcitecounter=\count303
\c@savedcitecounter=\count304
\c@uniquelist=\count305
\c@uniquename=\count306
\c@refsection=\count307
\c@refsegment=\count308
\c@maxextratitle=\count309
\c@maxextratitleyear=\count310
\c@maxextraname=\count311
\c@maxextradate=\count312
\c@maxextraalpha=\count313
\c@abbrvpenalty=\count314
\c@highnamepenalty=\count315
\c@lownamepenalty=\count316
\c@maxparens=\count317
\c@parenlevel=\count318
\blx@tempcnta=\count319
\blx@tempcntb=\count320
\blx@tempcntc=\count321
\c@blx@maxsection=\count322
\c@blx@maxsegment@0=\count323
\blx@notetype=\count324
\blx@parenlevel@text=\count325
\blx@parenlevel@foot=\count326
\c@blx@sectionciteorder@0=\count327
\blx@entrysetcounter=\count328
\blx@biblioinstance=\count329
\labelnumberwidth=\skip53
\labelalphawidth=\skip54
\biblabelsep=\skip55
\bibitemsep=\skip56
\bibnamesep=\skip57
\bibinitsep=\skip58
\bibparsep=\skip59
\bibhang=\skip60
\blx@bcfin=\read2
\blx@bcfout=\write3
\blx@langwohyphens=\language83
\c@mincomprange=\count330
\c@maxcomprange=\count331
\c@mincompwidth=\count332
Package biblatex Info: Trying to load biblatex default data model...
Package biblatex Info: ... file 'blx-dm.def' found.

(C:\Users\Fabrizio\AppData\Local\Programs\MiKTeX 2.9\tex/latex/biblatex\blx-dm.
def
File: blx-dm.def 2022/02/02 v3.17 biblatex localization (PK/MW)
)
Package biblatex Info: Trying to load biblatex custom data model...
Package biblatex Info: ... file 'biblatex-dm.cfg' not found.
\c@afterword=\count333
\c@savedafterword=\count334
\c@annotator=\count335
\c@savedannotator=\count336
\c@author=\count337
\c@savedauthor=\count338
\c@bookauthor=\count339
\c@savedbookauthor=\count340
\c@commentator=\count341
\c@savedcommentator=\count342
\c@editor=\count343
\c@savededitor=\count344
\c@editora=\count345
\c@savededitora=\count346
\c@editorb=\count347
\c@savededitorb=\count348
\c@editorc=\count349
\c@savededitorc=\count350
\c@foreword=\count351
\c@savedforeword=\count352
\c@holder=\count353
\c@savedholder=\count354
\c@introduction=\count355
\c@savedintroduction=\count356
\c@namea=\count357
\c@savednamea=\count358
\c@nameb=\count359
\c@savednameb=\count360
\c@namec=\count361
\c@savednamec=\count362
\c@translator=\count363
\c@savedtranslator=\count364
\c@shortauthor=\count365
\c@savedshortauthor=\count366
\c@shorteditor=\count367
\c@savedshorteditor=\count368
\c@labelname=\count369
\c@savedlabelname=\count370
\c@institution=\count371
\c@savedinstitution=\count372
\c@lista=\count373
\c@savedlista=\count374
\c@listb=\count375
\c@savedlistb=\count376
\c@listc=\count377
\c@savedlistc=\count378
\c@listd=\count379
\c@savedlistd=\count380
\c@liste=\count381
\c@savedliste=\count382
\c@listf=\count383
\c@savedlistf=\count384
\c@location=\count385
\c@savedlocation=\count386
\c@organization=\count387
\c@savedorganization=\count388
\c@origlocation=\count389
\c@savedoriglocation=\count390
\c@origpublisher=\count391
\c@savedorigpublisher=\count392
\c@publisher=\count393
\c@savedpublisher=\count394
\c@language=\count395
\c@savedlanguage=\count396
\c@origlanguage=\count397
\c@savedoriglanguage=\count398
\c@pageref=\count399
\c@savedpageref=\count400
\shorthandwidth=\skip61
\shortjournalwidth=\skip62
\shortserieswidth=\skip63
\shorttitlewidth=\skip64
\shortauthorwidth=\skip65
\shorteditorwidth=\skip66
\locallabelnumberwidth=\skip67
\locallabelalphawidth=\skip68
\localshorthandwidth=\skip69
\localshortjournalwidth=\skip70
\localshortserieswidth=\skip71
\localshorttitlewidth=\skip72
\localshortauthorwidth=\skip73
\localshorteditorwidth=\skip74
Package biblatex Info: Trying to load compatibility code...
Package biblatex Info: ... file 'blx-compat.def' found.

(C:\Users\Fabrizio\AppData\Local\Programs\MiKTeX 2.9\tex/latex/biblatex\blx-com
pat.def
File: blx-compat.def 2022/02/02 v3.17 biblatex compatibility (PK/MW)
)
Package biblatex Info: Trying to load generic definitions...
Package biblatex Info: ... file 'biblatex.def' found.

(C:\Users\Fabrizio\AppData\Local\Programs\MiKTeX 2.9\tex/latex/biblatex\biblate
x.def
File: biblatex.def 2022/02/02 v3.17 biblatex compatibility (PK/MW)
\c@textcitecount=\count401
\c@textcitetotal=\count402
\c@textcitemaxnames=\count403
\c@biburlbigbreakpenalty=\count404
\c@biburlbreakpenalty=\count405
\c@biburlnumpenalty=\count406
\c@biburlucpenalty=\count407
\c@biburllcpenalty=\count408
\biburlbigskip=\muskip17
\biburlnumskip=\muskip18
\biburlucskip=\muskip19
\biburllcskip=\muskip20
\c@smartand=\count409
)
Package biblatex Info: Trying to load bibliography style 'numeric'...
Package biblatex Info: ... file 'numeric.bbx' found.

(C:\Users\Fabrizio\AppData\Local\Programs\MiKTeX 2.9\tex/latex/biblatex/bbx\num
eric.bbx
File: numeric.bbx 2022/02/02 v3.17 biblatex bibliography style (PK/MW)
Package biblatex Info: Trying to load bibliography style 'standard'...
Package biblatex Info: ... file 'standard.bbx' found.

(C:\Users\Fabrizio\AppData\Local\Programs\MiKTeX 2.9\tex/latex/biblatex/bbx\sta
ndard.bbx
File: standard.bbx 2022/02/02 v3.17 biblatex bibliography style (PK/MW)
\c@bbx:relatedcount=\count410
\c@bbx:relatedtotal=\count411
))
Package biblatex Info: Trying to load citation style 'numeric'...
Package biblatex Info: ... file 'numeric.cbx' found.

(C:\Users\Fabrizio\AppData\Local\Programs\MiKTeX 2.9\tex/latex/biblatex/cbx\num
eric.cbx
File: numeric.cbx 2022/02/02 v3.17 biblatex citation style (PK/MW)
Package biblatex Info: Redefining '\cite'.
Package biblatex Info: Redefining '\parencite'.
Package biblatex Info: Redefining '\footcite'.
Package biblatex Info: Redefining '\footcitetext'.
Package biblatex Info: Redefining '\smartcite'.
Package biblatex Info: Redefining '\supercite'.
Package biblatex Info: Redefining '\textcite'.
Package biblatex Info: Redefining '\textcites'.
Package biblatex Info: Redefining '\cites'.
Package biblatex Info: Redefining '\parencites'.
Package biblatex Info: Redefining '\smartcites'.
)
Package biblatex Info: Trying to load configuration file...
Package biblatex Info: ... file 'biblatex.cfg' found.

(C:\Users\Fabrizio\AppData\Local\Programs\MiKTeX 2.9\tex/latex/biblatex\biblate
x.cfg
File: biblatex.cfg 
)
Package biblatex Info: Input encoding 'utf8' detected.
Package biblatex Info: Document encoding is UTF8 ....
Package biblatex Info: ... and expl3
(biblatex)             2022-02-05 L3 programming layer (loader) 
(biblatex)             is new enough (at least 2020/04/06),
(biblatex)             setting 'casechanger=expl3'.

(C:\Users\Fabrizio\AppData\Local\Programs\MiKTeX 2.9\tex/latex/biblatex\blx-cas
e-expl3.sty
(C:\Users\Fabrizio\AppData\Local\Programs\MiKTeX 2.9\tex/latex/l3packages/xpars
e\xparse.sty
Package: xparse 2022-01-12 L3 Experimental document command parser
)
Package: blx-case-expl3 2022/02/02 v3.17 expl3 case changing code for biblatex
))
(C:\Users\Fabrizio\AppData\Local\Programs\MiKTeX 2.9\tex/latex/listings\listing
s.sty
\lst@mode=\count412
\lst@gtempboxa=\box53
\lst@token=\toks23
\lst@length=\count413
\lst@currlwidth=\dimen153
\lst@column=\count414
\lst@pos=\count415
\lst@lostspace=\dimen154
\lst@width=\dimen155
\lst@newlines=\count416
\lst@lineno=\count417
\lst@maxwidth=\dimen156

(C:\Users\Fabrizio\AppData\Local\Programs\MiKTeX 2.9\tex/latex/listings\lstmisc
.sty
File: lstmisc.sty 2020/03/24 1.8d (Carsten Heinz)
\c@lstnumber=\count418
\lst@skipnumbers=\count419
\lst@framebox=\box54
)
(C:\Users\Fabrizio\AppData\Local\Programs\MiKTeX 2.9\tex/latex/listings\listing
s.cfg
File: listings.cfg 2020/03/24 1.8d listings configuration
))
Package: listings 2020/03/24 1.8d (Carsten Heinz)

(C:\Users\Fabrizio\AppData\Local\Programs\MiKTeX 2.9\tex/latex/amsmath\amsmath.
sty
Package: amsmath 2021/10/15 v2.17l AMS math features
\@mathmargin=\skip75

For additional information on amsmath, use the `?' option.

(C:\Users\Fabrizio\AppData\Local\Programs\MiKTeX 2.9\tex/latex/amsmath\amstext.
sty
Package: amstext 2021/08/26 v2.01 AMS text

(C:\Users\Fabrizio\AppData\Local\Programs\MiKTeX 2.9\tex/latex/amsmath\amsgen.s
ty
File: amsgen.sty 1999/11/30 v2.0 generic functions
\@emptytoks=\toks24
\ex@=\dimen157
))
(C:\Users\Fabrizio\AppData\Local\Programs\MiKTeX 2.9\tex/latex/amsmath\amsbsy.s
ty
Package: amsbsy 1999/11/29 v1.2d Bold Symbols
\pmbraise@=\dimen158
)
(C:\Users\Fabrizio\AppData\Local\Programs\MiKTeX 2.9\tex/latex/amsmath\amsopn.s
ty
Package: amsopn 2021/08/26 v2.02 operator names
)
\inf@bad=\count420
LaTeX Info: Redefining \frac on input line 234.
\uproot@=\count421
\leftroot@=\count422
LaTeX Info: Redefining \overline on input line 399.
\classnum@=\count423
\DOTSCASE@=\count424
LaTeX Info: Redefining \ldots on input line 496.
LaTeX Info: Redefining \dots on input line 499.
LaTeX Info: Redefining \cdots on input line 620.
\Mathstrutbox@=\box55
\strutbox@=\box56
\big@size=\dimen159
LaTeX Font Info:    Redeclaring font encoding OML on input line 743.
LaTeX Font Info:    Redeclaring font encoding OMS on input line 744.
\macc@depth=\count425
\c@MaxMatrixCols=\count426
\dotsspace@=\muskip21
\c@parentequation=\count427
\dspbrk@lvl=\count428
\tag@help=\toks25
\row@=\count429
\column@=\count430
\maxfields@=\count431
\andhelp@=\toks26
\eqnshift@=\dimen160
\alignsep@=\dimen161
\tagshift@=\dimen162
\tagwidth@=\dimen163
\totwidth@=\dimen164
\lineht@=\dimen165
\@envbody=\toks27
\multlinegap=\skip76
\multlinetaggap=\skip77
\mathdisplay@stack=\toks28
LaTeX Info: Redefining \[ on input line 2938.
LaTeX Info: Redefining \] on input line 2939.
)
(C:\Users\Fabrizio\AppData\Local\Programs\MiKTeX 2.9\tex/latex/amsfonts\amsfont
s.sty
Package: amsfonts 2013/01/14 v3.01 Basic AMSFonts support
\symAMSa=\mathgroup4
\symAMSb=\mathgroup5
LaTeX Font Info:    Redeclaring math symbol \hbar on input line 98.
LaTeX Font Info:    Overwriting math alphabet `\mathfrak' in version `bold'
(Font)                  U/euf/m/n --> U/euf/b/n on input line 106.
)
(C:\Users\Fabrizio\AppData\Local\Programs\MiKTeX 2.9\tex/latex/acro\acro.sty
Package: acro 2022/01/27 v3.7 typeset acronyms and other abbreviations (CN)
\g__acro_version_int=\count432
\l__acro_tmpa_int=\count433
\l__acro_tmpb_int=\count434
\l__acro_tmpc_int=\count435
\l__acro_tmpd_int=\count436
Loading module `base' ...
Loading module `interface' ...
Loading module `aux' ...
Loading module `properties' ...
Loading module `acronyms' ...
Loading module `formatting' ...
Loading module `ppfixes' ...
Loading module `tools' ...
\l__acro_minimal_usage_int=\count437
\l__acro_nest_int=\count438
\g_acro_barrier_int=\count439
\g_acro_barrier_total_int=\count440
Loading module `commands' ...
Loading module `templates' ...
Loading module `list' ...
Loading module `pages' ...
\l__acro_pages_seq_threshold_int=\count441
Loading module `locale' ...

(C:\Users\Fabrizio\AppData\Local\Programs\MiKTeX 2.9\tex/latex/translations\tra
nslations.sty
Package: translations 2022/02/05 v1.12 internationalization of LaTeX2e packages
 (CN)
)
Loading module `pdfsupport' ...
Loading module `patch' ...
Loading module `definitions' ...
Loading module `upgrade' ...
)
\c@theorem=\count442

(C:\Users\Fabrizio\AppData\Local\Programs\MiKTeX 2.9\tex/latex/graphics\color.s
ty
Package: color 2021/12/07 v1.3c Standard LaTeX Color (DPC)

(C:\Users\Fabrizio\AppData\Local\Programs\MiKTeX 2.9\tex/latex/graphics-cfg\col
or.cfg
File: color.cfg 2016/01/02 v1.6 sample color configuration
)
Package color Info: Driver file: pdftex.def on input line 149.
)
(C:\Users\Fabrizio\AppData\Local\Programs\MiKTeX 2.9\tex/latex/base\makeidx.sty
Package: makeidx 2021/10/04 v1.0m Standard LaTeX package
)
(C:\Users\Fabrizio\AppData\Local\Programs\MiKTeX 2.9\tex/latex/titlepic\titlepi
c.sty
Package: titlepic 2017/03/14 1.2 Package to display a picture on the title page

)
\c@remark=\count443
Package hyperref Info: Option `colorlinks' set `true' on input line 44.
\g__acro_eu_int=\count444
\g__acro_ussr_int=\count445
\@quotelevel=\count446
\@quotereset=\count447
Package translations Info: No language package found. I am going to use `englis
h' as default language. on input line 73.
 (Tesi_main.aux)
\openout1 = `Tesi_main.aux'.

LaTeX Font Info:    Checking defaults for OML/cmm/m/it on input line 73.
LaTeX Font Info:    ... okay on input line 73.
LaTeX Font Info:    Checking defaults for OMS/cmsy/m/n on input line 73.
LaTeX Font Info:    ... okay on input line 73.
LaTeX Font Info:    Checking defaults for OT1/cmr/m/n on input line 73.
LaTeX Font Info:    ... okay on input line 73.
LaTeX Font Info:    Checking defaults for T1/cmr/m/n on input line 73.
LaTeX Font Info:    ... okay on input line 73.
LaTeX Font Info:    Checking defaults for TS1/cmr/m/n on input line 73.
LaTeX Font Info:    ... okay on input line 73.
LaTeX Font Info:    Checking defaults for OMX/cmex/m/n on input line 73.
LaTeX Font Info:    ... okay on input line 73.
LaTeX Font Info:    Checking defaults for U/cmr/m/n on input line 73.
LaTeX Font Info:    ... okay on input line 73.
LaTeX Font Info:    Checking defaults for PD1/pdf/m/n on input line 73.
LaTeX Font Info:    ... okay on input line 73.
LaTeX Font Info:    Checking defaults for PU/pdf/m/n on input line 73.
LaTeX Font Info:    ... okay on input line 73.

*geometry* driver: auto-detecting
*geometry* detected driver: pdftex
*geometry* verbose mode - [ preamble ] result:
* driver: pdftex
* paper: a4paper
* layout: <same size as paper>
* layoutoffset:(h,v)=(0.0pt,0.0pt)
* modes: 
* h-part:(L,W,R)=(81.94394pt, 433.62pt, 81.94394pt)
* v-part:(T,H,B)=(106.75473pt, 578.15999pt, 160.13213pt)
* \paperwidth=597.50787pt
* \paperheight=845.04684pt
* \textwidth=433.62pt
* \textheight=578.15999pt
* \oddsidemargin=9.67395pt
* \evensidemargin=9.67395pt
* \topmargin=-2.51526pt
* \headheight=12.0pt
* \headsep=25.0pt
* \topskip=12.0pt
* \footskip=30.0pt
* \marginparwidth=35.0pt
* \marginparsep=10.0pt
* \columnsep=10.0pt
* \skip\footins=10.8pt plus 4.0pt minus 2.0pt
* \hoffset=0.0pt
* \voffset=0.0pt
* \mag=1000
* \@twocolumnfalse
* \@twosidefalse
* \@mparswitchfalse
* \@reversemarginfalse
* (1in=72.27pt=25.4mm, 1cm=28.453pt)

Package hyperref Info: Link coloring ON on input line 73.

(C:\Users\Fabrizio\AppData\Local\Programs\MiKTeX 2.9\tex/latex/hyperref\nameref
.sty
Package: nameref 2021-04-02 v2.47 Cross-referencing by name of section

(C:\Users\Fabrizio\AppData\Local\Programs\MiKTeX 2.9\tex/latex/refcount\refcoun
t.sty
Package: refcount 2019/12/15 v3.6 Data extraction from label references (HO)
)
(C:\Users\Fabrizio\AppData\Local\Programs\MiKTeX 2.9\tex/generic/gettitlestring
\gettitlestring.sty
Package: gettitlestring 2019/12/15 v1.6 Cleanup title references (HO)
)
\c@section@level=\count448
)
LaTeX Info: Redefining \ref on input line 73.
LaTeX Info: Redefining \pageref on input line 73.
LaTeX Info: Redefining \nameref on input line 73.
 (Tesi_main.out) (Tesi_main.out)
\@outlinefile=\write4
\openout4 = `Tesi_main.out'.


(C:\Users\Fabrizio\AppData\Local\Programs\MiKTeX 2.9\tex/context/base/mkii\supp
-pdf.mkii
[Loading MPS to PDF converter (version 2006.09.02).]
\scratchcounter=\count449
\scratchdimen=\dimen166
\scratchbox=\box57
\nofMPsegments=\count450
\nofMParguments=\count451
\everyMPshowfont=\toks29
\MPscratchCnt=\count452
\MPscratchDim=\dimen167
\MPnumerator=\count453
\makeMPintoPDFobject=\count454
\everyMPtoPDFconversion=\toks30
)
(C:\Users\Fabrizio\AppData\Local\Programs\MiKTeX 2.9\tex/latex/epstopdf-pkg\eps
topdf-base.sty
Package: epstopdf-base 2020-01-24 v2.11 Base part for package epstopdf
Package epstopdf-base Info: Redefining graphics rule for `.eps' on input line 4
85.

(C:\Users\Fabrizio\AppData\Local\Programs\MiKTeX 2.9\tex/latex/00miktex\epstopd
f-sys.cfg
File: epstopdf-sys.cfg 2021/03/18 v2.0 Configuration of epstopdf for MiKTeX
))
Package biblatex Info: Trying to load language 'english'...
Package biblatex Info: ... file 'english.lbx' found.

(C:\Users\Fabrizio\AppData\Local\Programs\MiKTeX 2.9\tex/latex/biblatex/lbx\eng
lish.lbx
File: english.lbx 2022/02/02 v3.17 biblatex localization (PK/MW)
)
Package biblatex Info: Input encoding 'utf8' detected.
Package biblatex Info: Automatic encoding selection.
(biblatex)             Assuming data encoding 'utf8'.
\openout3 = `Tesi_main.bcf'.

Package biblatex Info: Trying to load bibliographic data...
Package biblatex Info: ... file 'Tesi_main.bbl' found.
 (Tesi_main.bbl)
Package biblatex Info: Reference section=0 on input line 73.
Package biblatex Info: Reference segment=0 on input line 73.
\c@lstlisting=\count455

(C:\Users\Fabrizio\AppData\Local\Programs\MiKTeX 2.9\tex/latex/translations/dic
ts\translations-basic-dictionary-english.trsl
File: translations-basic-dictionary-english.trsl (english translation file `tra
nslations-basic-dictionary')
)
Package translations Info: loading dictionary `translations-basic-dictionary' f
or `english'. on input line 73.
<Logo_IIT.png, id=147, 345.29pt x 147.55125pt>
File: Logo_IIT.png Graphic file (type png)
<use Logo_IIT.png>
Package pdftex.def Info: Logo_IIT.png  used on input line 88.
(pdftex.def)             Requested size: 195.12767pt x 83.38461pt.
LaTeX Font Info:    Trying to load font information for U+msa on input line 91.


(C:\Users\Fabrizio\AppData\Local\Programs\MiKTeX 2.9\tex/latex/amsfonts\umsa.fd
File: umsa.fd 2013/01/14 v3.01 AMS symbols A
)
LaTeX Font Info:    Trying to load font information for U+msb on input line 91.


(C:\Users\Fabrizio\AppData\Local\Programs\MiKTeX 2.9\tex/latex/amsfonts\umsb.fd
File: umsb.fd 2013/01/14 v3.01 AMS symbols B
)
<Logo_Politecnico_Milano.jpg, id=148, 1303.87125pt x 1013.7875pt>
File: Logo_Politecnico_Milano.jpg Graphic file (type jpg)
<use Logo_Politecnico_Milano.jpg>
Package pdftex.def Info: Logo_Politecnico_Milano.jpg  used on input line 95.
(pdftex.def)             Requested size: 195.12767pt x 151.70576pt.

Overfull \hbox (17.62482pt too wide) in paragraph at lines 84--100
[]$[]$ 
 []

[1


{C:/Users/Fabrizio/AppData/Local/MiKTeX/2.9/fonts/map/pdftex/pdftex.map} <./Log
o_IIT.png> <./Logo_Politecnico_Milano.jpg>] [2]
pdfTeX warning (ext4): destination with the same identifier (name{page.1}) has 
been already used, duplicate ignored
<to be read again> 
                   \relax 
l.146 	\chapter
               *{Abstract} [1

]
pdfTeX warning (ext4): destination with the same identifier (name{page.2}) has 
been already used, duplicate ignored
<to be read again> 
                   \relax 
l.150 	\chapter
               *{Introduction} [2

] [3

] (Tesi_main.toc [4

])
\tf@toc=\write5
\openout5 = `Tesi_main.toc'.

 [5]
Chapter 1.
<neuron.png, id=223, 954.56625pt x 591.20876pt>
File: neuron.png Graphic file (type png)
<use neuron.png>
Package pdftex.def Info: neuron.png  used on input line 181.
(pdftex.def)             Requested size: 238.64098pt x 147.80182pt.

LaTeX Warning: Citation '42' on page 6 undefined on input line 183.


Underfull \hbox (badness 10000) in paragraph at lines 187--188

 []

[6


pdfTeX warning (ext4): destination with the same identifier (name{figure.1.1}) 
has been already used, duplicate ignored
<argument> ...shipout:D \box_use:N \l_shipout_box 
                                                  \__shipout_drop_firstpage_...
l.188 
       <./neuron.png (PNG copy)>]

LaTeX Warning: Citation '1' on page 7 undefined on input line 195.

<AP1.png, id=231, 2569.6pt x 1868.9825pt>
File: AP1.png Graphic file (type png)
<use AP1.png>
Package pdftex.def Info: AP1.png  used on input line 206.
(pdftex.def)             Requested size: 195.12767pt x 141.90726pt.
<AP2.png, id=233, 853.1875pt x 685.56125pt>
File: AP2.png Graphic file (type png)
<use AP2.png>
Package pdftex.def Info: AP2.png  used on input line 213.
(pdftex.def)             Requested size: 195.12767pt x 156.78659pt.

LaTeX Warning: Citation '43' on page 7 undefined on input line 220.


LaTeX Warning: Citation '43' on page 7 undefined on input line 220.

[7]
<synapse.jpg, id=243, 1003.75pt x 913.4125pt>
File: synapse.jpg Graphic file (type jpg)
<use synapse.jpg>
Package pdftex.def Info: synapse.jpg  used on input line 227.
(pdftex.def)             Requested size: 200.74644pt x 182.67926pt.
 [8
pdfTeX warning (ext4): destination with the same identifier (name{figure.1.2}) 
has been already used, duplicate ignored
<argument> ...shipout:D \box_use:N \l_shipout_box 
                                                  \__shipout_drop_firstpage_...
l.232 
       <./AP1.png> <./AP2.png>]
<Ca_conc.png, id=252, 421.575pt x 316.18124pt>
File: Ca_conc.png Graphic file (type png)
<use Ca_conc.png>
Package pdftex.def Info: Ca_conc.png  used on input line 240.
(pdftex.def)             Requested size: 210.78697pt x 158.09023pt.
 [9
pdfTeX warning (ext4): destination with the same identifier (name{figure.1.3}) 
has been already used, duplicate ignored
<argument> ...shipout:D \box_use:N \l_shipout_box 
                                                  \__shipout_drop_firstpage_...
l.245 	
        <./synapse.jpg>]

LaTeX Warning: Citation '2' on page 10 undefined on input line 250.


LaTeX Warning: Citation '3' on page 10 undefined on input line 253.


LaTeX Warning: Citation '4' on page 10 undefined on input line 255.


LaTeX Warning: Citation '5' on page 10 undefined on input line 256.


LaTeX Warning: Citation '6' on page 10 undefined on input line 259.

[10
pdfTeX warning (ext4): destination with the same identifier (name{figure.1.4}) 
has been already used, duplicate ignored
<argument> ...shipout:D \box_use:N \l_shipout_box 
                                                  \__shipout_drop_firstpage_...
l.260 	\end{itemize}
                     <./Ca_conc.png (PNG copy)>]
<brain.png, id=263, 609.02531pt x 326.72063pt>
File: brain.png Graphic file (type png)
<use brain.png>
Package pdftex.def Info: brain.png  used on input line 266.
(pdftex.def)             Requested size: 334.96495pt x 179.69688pt.
 [11
pdfTeX warning (ext4): destination with the same identifier (name{figure.1.5}) 
has been already used, duplicate ignored
<argument> ...shipout:D \box_use:N \l_shipout_box 
                                                  \__shipout_drop_firstpage_...
l.272 \newpage
               <./brain.png>]

LaTeX Warning: Citation '7)' on page 12 undefined on input line 276.

<mice_task.png, id=271, 369.0588pt x 268.3626pt>
File: mice_task.png Graphic file (type png)
<use mice_task.png>
Package pdftex.def Info: mice_task.png  used on input line 288.
(pdftex.def)             Requested size: 258.33939pt x 187.85252pt.

Underfull \hbox (badness 10000) in paragraph at lines 293--294

 []


LaTeX Warning: Citation '8' on page 12 undefined on input line 295.

[12] [13
pdfTeX warning (ext4): destination with the same identifier (name{figure.1.6}) 
has been already used, duplicate ignored
<argument> ...shipout:D \box_use:N \l_shipout_box 
                                                  \__shipout_drop_firstpage_...
l.309  	
         <./mice_task.png>]

LaTeX Warning: Citation '41' on page 14 undefined on input line 313.

<scheggia.png, id=288, 631.60968pt x 325.96782pt>
File: scheggia.png Graphic file (type png)
<use scheggia.png>
Package pdftex.def Info: scheggia.png  used on input line 325.
(pdftex.def)             Requested size: 429.4889pt x 221.65517pt.

LaTeX Warning: Citation '9' on page 14 undefined on input line 332.


Underfull \hbox (badness 10000) in paragraph at lines 332--337

 []

[14
pdfTeX warning (ext4): destination with the same identifier (name{figure.1.7}) 
has been already used, duplicate ignored
<argument> ...shipout:D \box_use:N \l_shipout_box 
                                                  \__shipout_drop_firstpage_...
l.337 
       <./scheggia.png>]

LaTeX Warning: Citation '10' on page 15 undefined on input line 338.


LaTeX Warning: Citation '8' on page 15 undefined on input line 339.


Underfull \hbox (badness 10000) in paragraph at lines 338--342

 []

<Inscopix.jpg, id=293, 336.2964pt x 401.3394pt>
File: Inscopix.jpg Graphic file (type jpg)
<use Inscopix.jpg>
Package pdftex.def Info: Inscopix.jpg  used on input line 353.
(pdftex.def)             Requested size: 117.70549pt x 140.47089pt.
[15]

LaTeX Warning: Citation '11' on page 16 undefined on input line 360.

<Inscopix2.png, id=299, 381.67593pt x 339.51843pt>
File: Inscopix2.png Graphic file (type png)
<use Inscopix2.png>
Package pdftex.def Info: Inscopix2.png  used on input line 367.
(pdftex.def)             Requested size: 305.34116pt x 271.6151pt.
[16
pdfTeX warning (ext4): destination with the same identifier (name{figure.1.8}) 
has been already used, duplicate ignored
<argument> ...shipout:D \box_use:N \l_shipout_box 
                                                  \__shipout_drop_firstpage_...
l.372 
       <./Inscopix.jpg>] [17
pdfTeX warning (ext4): destination with the same identifier (name{figure.1.9}) 
has been already used, duplicate ignored
<argument> ...shipout:D \box_use:N \l_shipout_box 
                                                  \__shipout_drop_firstpage_...
l.386 	
        <./Inscopix2.png>] [18]
<fiberphotometry.png, id=328, 733.99219pt x 165.61874pt>
File: fiberphotometry.png Graphic file (type png)
<use fiberphotometry.png>
Package pdftex.def Info: fiberphotometry.png  used on input line 408.
(pdftex.def)             Requested size: 403.69695pt x 91.09058pt.


LaTeX Warning: Citation '12' on page 19 undefined on input line 416.

[19
pdfTeX warning (ext4): destination with the same identifier (name{figure.1.10})
 has been already used, duplicate ignored
<argument> ...shipout:D \box_use:N \l_shipout_box 
                                                  \__shipout_drop_firstpage_...
l.427 	\item M
              ultiple areas of the brain can be investigated at the same time <
./fiberphotometry.png>]

LaTeX Warning: Citation '12' on page 20 undefined on input line 433.

<synch.png, id=334, 654.19406pt x 226.59656pt>
File: synch.png Graphic file (type png)
<use synch.png>
Package pdftex.def Info: synch.png  used on input line 447.
(pdftex.def)             Requested size: 260.17464pt x 90.11836pt.
<Intebrain.png, id=335, 438.8897pt x 280.04625pt>
File: Intebrain.png Graphic file (type png)
<use Intebrain.png>
Package pdftex.def Info: Intebrain.png  used on input line 454.
(pdftex.def)             Requested size: 260.17464pt x 166.01637pt.
[20
pdfTeX warning (ext4): destination with the same identifier (name{figure.1.11})
 has been already used, duplicate ignored
<argument> ...shipout:D \box_use:N \l_shipout_box 
                                                  \__shipout_drop_firstpage_...
l.466 
       <./synch.png> <./Intebrain.png>]

LaTeX Warning: Citation '13' on page 21 undefined on input line 475.


LaTeX Warning: Citation '8' on page 21 undefined on input line 477.


Underfull \hbox (badness 10000) in paragraph at lines 475--479

 []

[21]
<novembre.png, id=348, 577.40718pt x 232.61906pt>
File: novembre.png Graphic file (type png)
<use novembre.png>
Package pdftex.def Info: novembre.png  used on input line 482.
(pdftex.def)             Requested size: 404.18228pt x 162.83221pt.


LaTeX Warning: Citation '14' on page 22 undefined on input line 488.


LaTeX Warning: Citation '15' on page 22 undefined on input line 488.


Underfull \hbox (badness 10000) in paragraph at lines 487--491

 []


LaTeX Warning: Citation '16' on page 22 undefined on input line 492.


Underfull \hbox (badness 10000) in paragraph at lines 492--494

 []

[22
pdfTeX warning (ext4): destination with the same identifier (name{figure.1.12})
 has been already used, duplicate ignored
<argument> ...shipout:D \box_use:N \l_shipout_box 
                                                  \__shipout_drop_firstpage_...
l.494 
       <./novembre.png>]
<kingsbury.png, id=355, 959.83594pt x 363.60844pt>
File: kingsbury.png Graphic file (type png)
<use kingsbury.png>
Package pdftex.def Info: kingsbury.png  used on input line 497.
(pdftex.def)             Requested size: 431.92218pt x 163.62228pt.
<kingsbury2.png, id=356, 258.21469pt x 377.91188pt>
File: kingsbury2.png Graphic file (type png)
<use kingsbury2.png>
Package pdftex.def Info: kingsbury2.png  used on input line 517.
(pdftex.def)             Requested size: 151.76964pt x 222.12993pt.
<kingsbury3.png, id=357, 376.40625pt x 345.54094pt>
File: kingsbury3.png Graphic file (type png)
<use kingsbury3.png>
Package pdftex.def Info: kingsbury3.png  used on input line 524.
(pdftex.def)             Requested size: 173.44534pt x 159.22493pt.
 [23
pdfTeX warning (ext4): destination with the same identifier (name{figure.1.13})
 has been already used, duplicate ignored
<argument> ...shipout:D \box_use:N \l_shipout_box 
                                                  \__shipout_drop_firstpage_...
l.533 
       <./kingsbury.png>] [24
pdfTeX warning (ext4): destination with the same identifier (name{figure.1.14})
 has been already used, duplicate ignored
<argument> ...shipout:D \box_use:N \l_shipout_box 
                                                  \__shipout_drop_firstpage_...
l.534 \newpage
               <./kingsbury2.png> <./kingsbury3.png>]
Chapter 2.
<pearson.png, id=370, 465.23813pt x 187.45032pt>
File: pearson.png Graphic file (type png)
<use pearson.png>
Package pdftex.def Info: pearson.png  used on input line 549.
(pdftex.def)             Requested size: 372.191pt x 149.96043pt.
[25

] [26
pdfTeX warning (ext4): destination with the same identifier (name{figure.2.1}) 
has been already used, duplicate ignored
<argument> ...shipout:D \box_use:N \l_shipout_box 
                                                  \__shipout_drop_firstpage_...
l.567 	\item $
               \bar{x} = \frac{1}{N}\sum_{i=1}^{N}x_i$ is the sample mean <./pe
arson.png>]

LaTeX Warning: Citation '17' on page 27 undefined on input line 574.

[27]
<autocorr.png, id=392, 421.575pt x 316.18124pt>
File: autocorr.png Graphic file (type png)
<use autocorr.png>
Package pdftex.def Info: autocorr.png  used on input line 610.
(pdftex.def)             Requested size: 316.18047pt x 237.13535pt.

Underfull \hbox (badness 10000) in paragraph at lines 617--619

 []

[28
pdfTeX warning (ext4): destination with the same identifier (name{figure.2.2}) 
has been already used, duplicate ignored
<argument> ...shipout:D \box_use:N \l_shipout_box 
                                                  \__shipout_drop_firstpage_...
l.619 
       <./autocorr.png (PNG copy)>]
Underfull \hbox (badness 10000) in paragraph at lines 633--636

 []

<thresholds.png, id=401, 1028.34187pt x 490.08093pt>
File: thresholds.png Graphic file (type png)
<use thresholds.png>
Package pdftex.def Info: thresholds.png  used on input line 642.
(pdftex.def)             Requested size: 462.74957pt x 220.53438pt.

Overfull \hbox (11.82382pt too wide) in paragraph at lines 641--643
 |  [] 
 []

[29]
Package hyperref Info: bookmark level for unknown algorithm defaults to 0 on in
put line 670.
 [30
pdfTeX warning (ext4): destination with the same identifier (name{figure.2.3}) 
has been already used, duplicate ignored
<argument> ...shipout:D \box_use:N \l_shipout_box 
                                                  \__shipout_drop_firstpage_...
l.681 	
        <./thresholds.png (PNG copy)>]

LaTeX Warning: Citation '11' on page 31 undefined on input line 683.


Underfull \hbox (badness 10000) in paragraph at lines 683--684

 []


LaTeX Warning: Citation '18' on page 31 undefined on input line 710.

[31]
<GC.png, id=428, 609.02531pt x 321.45094pt>
File: GC.png Graphic file (type png)
<use GC.png>
Package pdftex.def Info: GC.png  used on input line 732.
(pdftex.def)             Requested size: 395.86176pt x 208.94063pt.


LaTeX Warning: Citation '15' on page 32 undefined on input line 740.


Underfull \hbox (badness 10000) in paragraph at lines 738--744

 []

[32
pdfTeX warning (ext4): destination with the same identifier (name{figure.2.4}) 
has been already used, duplicate ignored
<argument> ...shipout:D \box_use:N \l_shipout_box 
                                                  \__shipout_drop_firstpage_...
l.744 
       <./GC.png>]

LaTeX Warning: Citation '19' on page 33 undefined on input line 766.


LaTeX Warning: Citation '20' on page 33 undefined on input line 775.

[33]
Underfull \hbox (badness 10000) in paragraph at lines 779--780

 []


LaTeX Warning: Citation '21' on page 34 undefined on input line 781.


Underfull \hbox (badness 10000) in paragraph at lines 783--786

 []


Underfull \hbox (badness 10000) in paragraph at lines 794--795

 []

LaTeX Font Info:    Trying to load font information for OMS+cmr on input line 8
08.
(C:\Users\Fabrizio\AppData\Local\Programs\MiKTeX 2.9\tex/latex/base\omscmr.fd
File: omscmr.fd 2019/12/16 v2.5j Standard LaTeX font definitions
)
LaTeX Font Info:    Font shape `OMS/cmr/m/n' in size <12> not available
(Font)              Font shape `OMS/cmsy/m/n' tried instead on input line 808.

Overfull \hbox (25.1295pt too wide) in paragraph at lines 808--809
[]\OT1/cmr/m/n/12 Therefore, a statis-tic test check-ing the null hy-poth-e-sis
 \OMS/cmsy/m/n/12 f$\OML/cmm/m/it/12 H[] \OT1/cmr/m/n/12 : \OML/cmm/m/it/12 Y [
] X$\OMS/cmsy/m/n/12 g
 []


LaTeX Warning: Citation '22' on page 34 undefined on input line 815.

[34]

LaTeX Warning: Citation '23' on page 35 undefined on input line 823.

[35]
Chapter 3.
<emotion_discrimination.png, id=470, 304.13625pt x 174.6525pt>
File: emotion_discrimination.png Graphic file (type png)
<use emotion_discrimination.png>
Package pdftex.def Info: emotion_discrimination.png  used on input line 854.
(pdftex.def)             Requested size: 298.05148pt x 171.15828pt.
[36

] [37
pdfTeX warning (ext4): destination with the same identifier (name{figure.3.1}) 
has been already used, duplicate ignored
<argument> ...shipout:D \box_use:N \l_shipout_box 
                                                  \__shipout_drop_firstpage_...
l.876 \begin{itemize}
                      <./emotion_discrimination.png>]
<normalizations.png, id=486, 1028.34187pt x 490.08093pt>
File: normalizations.png Graphic file (type png)
<use normalizations.png>
Package pdftex.def Info: normalizations.png  used on input line 898.
(pdftex.def)             Requested size: 483.32076pt x 230.33807pt.

Overfull \hbox (23.8591pt too wide) in paragraph at lines 897--899
 |  [] 
 []

[38] [39
pdfTeX warning (ext4): destination with the same identifier (name{figure.3.2}) 
has been already used, duplicate ignored
<argument> ...shipout:D \box_use:N \l_shipout_box 
                                                  \__shipout_drop_firstpage_...
l.909 	
        <./normalizations.png (PNG copy)>]
<times.png, id=498, 1028.34187pt x 490.08093pt>
File: times.png Graphic file (type png)
<use times.png>
Package pdftex.def Info: times.png  used on input line 943.
(pdftex.def)             Requested size: 462.74957pt x 220.53438pt.

Overfull \hbox (3.28792pt too wide) in paragraph at lines 942--945
 []|  [] 
 []

[40]

LaTeX Warning: Citation '8' on page 41 undefined on input line 949.


Underfull \hbox (badness 10000) in paragraph at lines 955--957

 []

[41
pdfTeX warning (ext4): destination with the same identifier (name{figure.3.3}) 
has been already used, duplicate ignored
<argument> ...shipout:D \box_use:N \l_shipout_box 
                                                  \__shipout_drop_firstpage_...
l.957 	
        <./times.png (PNG copy)>]
<activity_barplot.png, id=515, 1028.34187pt x 490.08093pt>
File: activity_barplot.png Graphic file (type png)
<use activity_barplot.png>
Package pdftex.def Info: activity_barplot.png  used on input line 967.
(pdftex.def)             Requested size: 483.32076pt x 230.33807pt.

Overfull \hbox (23.8591pt too wide) in paragraph at lines 966--968
 |  [] 
 []

<activities.png, id=516, 962.09438pt x 490.08093pt>
File: activities.png Graphic file (type png)
<use activities.png>
Package pdftex.def Info: activities.png  used on input line 978.
(pdftex.def)             Requested size: 432.93846pt x 220.53438pt.
[42
pdfTeX warning (ext4): destination with the same identifier (name{figure.3.4}) 
has been already used, duplicate ignored
<argument> ...shipout:D \box_use:N \l_shipout_box 
                                                  \__shipout_drop_firstpage_...
l.983 
       <./activity_barplot.png (PNG copy)>]
<average_cc.png, id=523, 1028.34187pt x 490.08093pt>
File: average_cc.png Graphic file (type png)
<use average_cc.png>
Package pdftex.def Info: average_cc.png  used on input line 991.
(pdftex.def)             Requested size: 514.16968pt x 245.03987pt.

Overfull \hbox (43.32709pt too wide) in paragraph at lines 990--992
 |  [] 
 []

[43
pdfTeX warning (ext4): destination with the same identifier (name{figure.3.5}) 
has been already used, duplicate ignored
<argument> ...shipout:D \box_use:N \l_shipout_box 
                                                  \__shipout_drop_firstpage_...
l.996 
       <./activities.png>]

LaTeX Warning: Citation '16' on page 44 undefined on input line 998.


Underfull \hbox (badness 10000) in paragraph at lines 1006--1008

 []

[44
pdfTeX warning (ext4): destination with the same identifier (name{figure.3.6}) 
has been already used, duplicate ignored
<argument> ...shipout:D \box_use:N \l_shipout_box 
                                                  \__shipout_drop_firstpage_...
l.1008 
        <./average_cc.png (PNG copy)>]
<cc_distant.png, id=537, 1028.34187pt x 490.08093pt>
File: cc_distant.png Graphic file (type png)
<use cc_distant.png>
Package pdftex.def Info: cc_distant.png  used on input line 1015.
(pdftex.def)             Requested size: 514.16968pt x 245.03987pt.

Overfull \hbox (43.32709pt too wide) in paragraph at lines 1014--1016
 |  [] 
 []

[45]

LaTeX Warning: Citation '16' on page 46 undefined on input line 1022.

[46
pdfTeX warning (ext4): destination with the same identifier (name{figure.3.7}) 
has been already used, duplicate ignored
<argument> ...shipout:D \box_use:N \l_shipout_box 
                                                  \__shipout_drop_firstpage_...
l.1033 
        <./cc_distant.png (PNG copy)>]
<average_cc_initial.png, id=550, 1028.34187pt x 490.08093pt>
File: average_cc_initial.png Graphic file (type png)
<use average_cc_initial.png>
Package pdftex.def Info: average_cc_initial.png  used on input line 1040.
(pdftex.def)             Requested size: 514.16968pt x 245.03987pt.

Overfull \hbox (43.32709pt too wide) in paragraph at lines 1039--1041
 |  [] 
 []

<cc_average.png, id=551, 1028.34187pt x 490.08093pt>
File: cc_average.png Graphic file (type png)
<use cc_average.png>
Package pdftex.def Info: cc_average.png  used on input line 1050.
(pdftex.def)             Requested size: 514.16968pt x 245.03987pt.

Overfull \hbox (43.32709pt too wide) in paragraph at lines 1049--1051
 |  [] 
 []

[47
pdfTeX warning (ext4): destination with the same identifier (name{figure.3.8}) 
has been already used, duplicate ignored
<argument> ...shipout:D \box_use:N \l_shipout_box 
                                                  \__shipout_drop_firstpage_...
l.1055 
        <./average_cc_initial.png (PNG copy)>]
<avg_pks.png, id=558, 1028.34187pt x 490.08093pt>
File: avg_pks.png Graphic file (type png)
<use avg_pks.png>
Package pdftex.def Info: avg_pks.png  used on input line 1064.
(pdftex.def)             Requested size: 514.16968pt x 245.03987pt.

Overfull \hbox (43.32709pt too wide) in paragraph at lines 1063--1065
 |  [] 
 []

[48
pdfTeX warning (ext4): destination with the same identifier (name{figure.3.9}) 
has been already used, duplicate ignored
<argument> ...shipout:D \box_use:N \l_shipout_box 
                                                  \__shipout_drop_firstpage_...
l.1069 
        <./cc_average.png (PNG copy)>]

LaTeX Warning: Citation '17' on page 49 undefined on input line 1078.

[49
pdfTeX warning (ext4): destination with the same identifier (name{figure.3.10})
 has been already used, duplicate ignored
<argument> ...shipout:D \box_use:N \l_shipout_box 
                                                  \__shipout_drop_firstpage_...
l.1079 	
         <./avg_pks.png (PNG copy)>]
Overfull \hbox (9.14162pt too wide) in paragraph at lines 1082--1083
[]\OT1/cmr/m/n/12 The ob-tained re-sults are showed in Fig-ure [][]3.10[][]. Co
n-sis-tent with the cross-correlation
 []

[50]
<times_self.png, id=580, 1028.34187pt x 490.08093pt>
File: times_self.png Graphic file (type png)
<use times_self.png>
Package pdftex.def Info: times_self.png  used on input line 1129.
(pdftex.def)             Requested size: 514.16968pt x 245.03987pt.

Overfull \hbox (43.32709pt too wide) in paragraph at lines 1128--1130
 |  [] 
 []


LaTeX Warning: Citation '24' on page 51 undefined on input line 1139.

[51
pdfTeX warning (ext4): destination with the same identifier (name{figure.3.11})
 has been already used, duplicate ignored
<argument> ...shipout:D \box_use:N \l_shipout_box 
                                                  \__shipout_drop_firstpage_...
l.1140 	
        
pdfTeX warning (ext4): destination with the same identifier (name{figure.3.12})
 has been already used, duplicate ignored
<argument> ...shipout:D \box_use:N \l_shipout_box 
                                                  \__shipout_drop_firstpage_...
l.1140 	
         <./times_self.png (PNG copy)>]
<activity_barplot_self.png, id=588, 1028.34187pt x 490.08093pt>
File: activity_barplot_self.png Graphic file (type png)
<use activity_barplot_self.png>
Package pdftex.def Info: activity_barplot_self.png  used on input line 1147.
(pdftex.def)             Requested size: 493.5985pt x 235.23618pt.

Overfull \hbox (28.44637pt too wide) in paragraph at lines 1146--1148
 |  [] 
 []

<average_cc_self.png, id=590, 1028.34187pt x 490.08093pt>
File: average_cc_self.png Graphic file (type png)
<use average_cc_self.png>
Package pdftex.def Info: average_cc_self.png  used on input line 1159.
(pdftex.def)             Requested size: 514.16968pt x 245.03987pt.

Overfull \hbox (43.32709pt too wide) in paragraph at lines 1158--1160
 |  [] 
 []

[52
pdfTeX warning (ext4): destination with the same identifier (name{figure.3.13})
 has been already used, duplicate ignored
<argument> ...shipout:D \box_use:N \l_shipout_box 
                                                  \__shipout_drop_firstpage_...
l.1164 	
         <./activity_barplot_self.png (PNG copy)>]
<avg_pks_self.png, id=598, 1028.34187pt x 490.08093pt>
File: avg_pks_self.png Graphic file (type png)
<use avg_pks_self.png>
Package pdftex.def Info: avg_pks_self.png  used on input line 1171.
(pdftex.def)             Requested size: 514.16968pt x 245.03987pt.

Overfull \hbox (43.32709pt too wide) in paragraph at lines 1170--1172
 |  [] 
 []

[53
pdfTeX warning (ext4): destination with the same identifier (name{figure.3.14})
 has been already used, duplicate ignored
<argument> ...shipout:D \box_use:N \l_shipout_box 
                                                  \__shipout_drop_firstpage_...
l.1176 	
         <./average_cc_self.png (PNG copy)>]
Overfull \hbox (5.05177pt too wide) in paragraph at lines 1183--1183
[]\OT1/cmr/bx/n/17.28 Conclusions on the emo-tion dis-crim-i-na-tion task 
 []

[54
pdfTeX warning (ext4): destination with the same identifier (name{figure.3.15})
 has been already used, duplicate ignored
<argument> ...shipout:D \box_use:N \l_shipout_box 
                                                  \__shipout_drop_firstpage_...
l.1191 	
         <./avg_pks_self.png (PNG copy)>] [55]
Chapter 4.

LaTeX Warning: Citation '25' on page 56 undefined on input line 1213.


LaTeX Warning: Citation '26' on page 56 undefined on input line 1215.


LaTeX Warning: Citation '27' on page 56 undefined on input line 1216.


LaTeX Warning: Citation '28' on page 56 undefined on input line 1217.


LaTeX Warning: Citation '29' on page 56 undefined on input line 1219.


LaTeX Warning: Citation '30' on page 56 undefined on input line 1220.

[56

]
<altruism.png, id=619, 576.1525pt x 366.36874pt>
File: altruism.png Graphic file (type png)
<use altruism.png>
Package pdftex.def Info: altruism.png  used on input line 1226.
(pdftex.def)             Requested size: 316.88484pt x 201.50342pt.
 [57] [58
pdfTeX warning (ext4): destination with the same identifier (name{figure.4.1}) 
has been already used, duplicate ignored
<argument> ...shipout:D \box_use:N \l_shipout_box 
                                                  \__shipout_drop_firstpage_...
l.1241 	
         <./altruism.png>]
<altr_self.png, id=631, 231.86626pt x 248.42813pt>
File: altr_self.png Graphic file (type png)
<use altr_self.png>
Package pdftex.def Info: altr_self.png  used on input line 1260.
(pdftex.def)             Requested size: 199.4681pt x 213.71983pt.
<norecip.png, id=632, 216.81pt x 242.40562pt>
File: norecip.png Graphic file (type png)
<use norecip.png>
Package pdftex.def Info: norecip.png  used on input line 1267.
(pdftex.def)             Requested size: 199.4681pt x 223.02696pt.

Underfull \hbox (badness 10000) in paragraph at lines 1278--1284

 []

[59
pdfTeX warning (ext4): destination with the same identifier (name{figure.4.2}) 
has been already used, duplicate ignored
<argument> ...shipout:D \box_use:N \l_shipout_box 
                                                  \__shipout_drop_firstpage_...
l.1284 
        <./altr_self.png> <./norecip.png>] [60]
<number_pokes.png, id=645, 354.57469pt x 297.36093pt>
File: number_pokes.png Graphic file (type png)
<use number_pokes.png>
Package pdftex.def Info: number_pokes.png  used on input line 1291.
(pdftex.def)             Requested size: 265.93036pt x 223.02014pt.
<familiar.png, id=646, 509.65407pt x 256.70906pt>
File: familiar.png Graphic file (type png)
<use familiar.png>
Package pdftex.def Info: familiar.png  used on input line 1301.
(pdftex.def)             Requested size: 382.23961pt x 192.53131pt.
 [61
pdfTeX warning (ext4): destination with the same identifier (name{figure.4.3}) 
has been already used, duplicate ignored
<argument> ...shipout:D \box_use:N \l_shipout_box 
                                                  \__shipout_drop_firstpage_...
l.1306 
        <./number_pokes.png>]

LaTeX Warning: Citation '31' on page 62 undefined on input line 1307.


LaTeX Warning: Citation '32' on page 62 undefined on input line 1315.

[62
pdfTeX warning (ext4): destination with the same identifier (name{figure.4.4}) 
has been already used, duplicate ignored
<argument> ...shipout:D \box_use:N \l_shipout_box 
                                                  \__shipout_drop_firstpage_...
l.1323 
        <./familiar.png>]
<psth.png, id=659, 654.19406pt x 386.94562pt>
File: psth.png Graphic file (type png)
<use psth.png>
Package pdftex.def Info: psth.png  used on input line 1342.
(pdftex.def)             Requested size: 425.2211pt x 251.51167pt.
 [63] [64
pdfTeX warning (ext4): destination with the same identifier (name{figure.4.5}) 
has been already used, duplicate ignored
<argument> ...shipout:D \box_use:N \l_shipout_box 
                                                  \__shipout_drop_firstpage_...
l.1358 	\item T
               he value of the PSTH for the selected time point is then <./psth
.png>]
Underfull \hbox (badness 10000) in paragraph at lines 1361--1362

 []


LaTeX Warning: Citation '33' on page 65 undefined on input line 1377.


LaTeX Warning: Citation '34' on page 65 undefined on input line 1379.

[65]
<silencing.png, id=686, 416.30531pt x 252.945pt>
File: silencing.png Graphic file (type png)
<use silencing.png>
Package pdftex.def Info: silencing.png  used on input line 1387.
(pdftex.def)             Requested size: 353.86118pt x 215.00426pt.
<sil_dom.png, id=687, 335.00156pt x 269.50688pt>
File: sil_dom.png Graphic file (type png)
<use sil_dom.png>
Package pdftex.def Info: sil_dom.png  used on input line 1396.
(pdftex.def)             Requested size: 284.75266pt x 229.08191pt.
 [66
pdfTeX warning (ext4): destination with the same identifier (name{figure.4.6}) 
has been already used, duplicate ignored
<argument> ...shipout:D \box_use:N \l_shipout_box 
                                                  \__shipout_drop_firstpage_...
l.1401 
        <./silencing.png>] [67
pdfTeX warning (ext4): destination with the same identifier (name{figure.4.7}) 
has been already used, duplicate ignored
<argument> ...shipout:D \box_use:N \l_shipout_box 
                                                  \__shipout_drop_firstpage_...
l.1402 \newpage
                <./sil_dom.png>]
Chapter 5.
<first.png, id=698, 521.69907pt x 322.95656pt>
File: first.png Graphic file (type png)
<use first.png>
Package pdftex.def Info: first.png  used on input line 1414.
(pdftex.def)             Requested size: 365.18684pt x 226.06804pt.
[68

]
Underfull \hbox (badness 10000) in paragraph at lines 1423--1426

 []

[69
pdfTeX warning (ext4): destination with the same identifier (name{figure.5.1}) 
has been already used, duplicate ignored
<argument> ...shipout:D \box_use:N \l_shipout_box 
                                                  \__shipout_drop_firstpage_...
l.1426 
        <./first.png>]
Underfull \hbox (badness 10000) in paragraph at lines 1427--1429

 []

[70] [71]
<membrane.jpg, id=735, 515.67656pt x 271.76532pt>
File: membrane.jpg Graphic file (type jpg)
<use membrane.jpg>
Package pdftex.def Info: membrane.jpg  used on input line 1531.
(pdftex.def)             Requested size: 195.12767pt x 102.83232pt.
<intra.png, id=736, 378.66469pt x 253.69781pt>
File: intra.png Graphic file (type png)
<use intra.png>
Package pdftex.def Info: intra.png  used on input line 1538.
(pdftex.def)             Requested size: 195.12767pt x 130.73131pt.
 [72
pdfTeX warning (ext4): destination with the same identifier (name{figure.5.2}) 
has been already used, duplicate ignored
<argument> ...shipout:D \box_use:N \l_shipout_box 
                                                  \__shipout_drop_firstpage_...
l.1582 
        <./membrane.jpg> <./intra.png>]
<ode_circuit.png, id=744, 421.575pt x 360.59718pt>
File: ode_circuit.png Graphic file (type png)
<use ode_circuit.png>
Package pdftex.def Info: ode_circuit.png  used on input line 1592.
(pdftex.def)             Requested size: 252.94695pt x 216.35997pt.
 [73
pdfTeX warning (ext4): destination with the same identifier (name{figure.5.3}) 
has been already used, duplicate ignored
<argument> ...shipout:D \box_use:N \l_shipout_box 
                                                  \__shipout_drop_firstpage_...
l.1603 
       
pdfTeX warning (ext4): destination with the same identifier (name{figure.5.4}) 
has been already used, duplicate ignored
<argument> ...shipout:D \box_use:N \l_shipout_box 
                                                  \__shipout_drop_firstpage_...
l.1603 
        <./ode_circuit.png>]
Underfull \hbox (badness 10000) in paragraph at lines 1623--1625

 []

<LRM.png, id=755, 456.20438pt x 319.1925pt>
File: LRM.png Graphic file (type png)
<use LRM.png>
Package pdftex.def Info: LRM.png  used on input line 1633.
(pdftex.def)             Requested size: 319.34087pt x 223.43321pt.
[74]

LaTeX Warning: Citation '35' on page 75 undefined on input line 1654.

[75
pdfTeX warning (ext4): destination with the same identifier (name{figure.5.5}) 
has been already used, duplicate ignored
<argument> ...shipout:D \box_use:N \l_shipout_box 
                                                  \__shipout_drop_firstpage_...
l.1664 	\item $
               F$ is the \textbf{Faraday constant}, such that $F = q N_{av}$...
 <./LRM.png>]

LaTeX Warning: Citation '36' on page 76 undefined on input line 1672.


LaTeX Warning: Citation '35' on page 76 undefined on input line 1709.

[76]
<HH.png, id=783, 481.04718pt x 342.5297pt>
File: HH.png Graphic file (type png)
<use HH.png>
Package pdftex.def Info: HH.png  used on input line 1725.
(pdftex.def)             Requested size: 336.73073pt x 239.76915pt.


LaTeX Warning: Citation '37' on page 77 undefined on input line 1732.

[77
pdfTeX warning (ext4): destination with the same identifier (name{figure.5.6}) 
has been already used, duplicate ignored
<argument> ...shipout:D \box_use:N \l_shipout_box 
                                                  \__shipout_drop_firstpage_...
l.1738 	
         <./HH.png>]

LaTeX Warning: Citation '38' on page 78 undefined on input line 1771.

[78]
<cable.png, id=802, 762.59906pt x 284.56313pt>
File: cable.png Graphic file (type png)
<use cable.png>
Package pdftex.def Info: cable.png  used on input line 1826.
(pdftex.def)             Requested size: 495.68352pt x 184.96384pt.

Overfull \hbox (44.75777pt too wide) in paragraph at lines 1825--1827
 |  [] 
 []

[79] [80
pdfTeX warning (ext4): destination with the same identifier (name{figure.5.7}) 
has been already used, duplicate ignored
<argument> ...shipout:D \box_use:N \l_shipout_box 
                                                  \__shipout_drop_firstpage_...
l.1851 $$
          d\psi_m(x,t) = - \left(\psi_m(x+dx,t) - \psi_m(x,t)\right) = dR(x)...
 <./cable.png>] [81]
<curr_bal.png, id=829, 529.98pt x 305.64188pt>
File: curr_bal.png Graphic file (type png)
<use curr_bal.png>
Package pdftex.def Info: curr_bal.png  used on input line 1895.
(pdftex.def)             Requested size: 317.99043pt x 183.38652pt.
<basis.png, id=830, 399.74344pt x 238.64156pt>
File: basis.png Graphic file (type png)
<use basis.png>
Package pdftex.def Info: basis.png  used on input line 1907.
(pdftex.def)             Requested size: 279.81848pt x 167.04794pt.
 [82
pdfTeX warning (ext4): destination with the same identifier (name{figure.5.8}) 
has been already used, duplicate ignored
<argument> ...shipout:D \box_use:N \l_shipout_box 
                                                  \__shipout_drop_firstpage_...
l.1912 
        <./curr_bal.png>]

LaTeX Warning: Citation '39' on page 83 undefined on input line 1930.

[83
pdfTeX warning (ext4): destination with the same identifier (name{figure.5.9}) 
has been already used, duplicate ignored
<argument> ...shipout:D \box_use:N \l_shipout_box 
                                                  \__shipout_drop_firstpage_...
l.1938 	\end{equation}
                       <./basis.png>]

LaTeX Warning: Citation '40' on page 84 undefined on input line 1946.


LaTeX Warning: Citation '40' on page 84 undefined on input line 1961.

[84]

LaTeX Warning: Citation '40' on page 85 undefined on input line 1981.


LaTeX Warning: Citation '35' on page 85 undefined on input line 1991.

[85]
Chapter 6.
[86

]
Chapter 7.
[87

] [88

] [89] [90] (Tesi_main.aux)

LaTeX Warning: There were undefined references.

Package rerunfilecheck Info: File `Tesi_main.out' has not changed.
(rerunfilecheck)             Checksum: C9BEA4546B8DFE0017984BEB99404721;7872.

Package biblatex Warning: Please (re)run Biber on the file:
(biblatex)                Tesi_main
(biblatex)                and rerun LaTeX afterwards.

Package logreq Info: Writing requests to 'Tesi_main.run.xml'.
\openout1 = `Tesi_main.run.xml'.

 ) 
Here is how much of TeX's memory you used:
 25004 strings out of 478550
 479803 string characters out of 2839425
 1273152 words of memory out of 3000000
 42531 multiletter control sequences out of 15000+600000
 481690 words of font info for 71 fonts, out of 8000000 for 9000
 1141 hyphenation exceptions out of 8191
 108i,13n,106p,1585b,1357s stack positions out of 5000i,500n,10000p,200000b,80000s
 <C:\Users\Fabrizio\AppData\Local\MiKTeX\2.9\fonts/pk/ljfour/jknappen/ec/dpi6
00\tcrm1200.pk><C:/Users/Fabrizio/AppData/Local/Programs/MiKTeX 2.9/fonts/type1
/public/amsfonts/cm/cmbx12.pfb><C:/Users/Fabrizio/AppData/Local/Programs/MiKTeX
 2.9/fonts/type1/public/amsfonts/cm/cmbx8.pfb><C:/Users/Fabrizio/AppData/Local/
Programs/MiKTeX 2.9/fonts/type1/public/amsfonts/cm/cmbxti10.pfb><C:/Users/Fabri
zio/AppData/Local/Programs/MiKTeX 2.9/fonts/type1/public/amsfonts/cm/cmcsc10.pf
b><C:/Users/Fabrizio/AppData/Local/Programs/MiKTeX 2.9/fonts/type1/public/amsfo
nts/cm/cmex10.pfb><C:/Users/Fabrizio/AppData/Local/Programs/MiKTeX 2.9/fonts/ty
pe1/public/amsfonts/cm/cmmi12.pfb><C:/Users/Fabrizio/AppData/Local/Programs/MiK
TeX 2.9/fonts/type1/public/amsfonts/cm/cmmi6.pfb><C:/Users/Fabrizio/AppData/Loc
al/Programs/MiKTeX 2.9/fonts/type1/public/amsfonts/cm/cmmi8.pfb><C:/Users/Fabri
zio/AppData/Local/Programs/MiKTeX 2.9/fonts/type1/public/amsfonts/cm/cmr10.pfb>
<C:/Users/Fabrizio/AppData/Local/Programs/MiKTeX 2.9/fonts/type1/public/amsfont
s/cm/cmr12.pfb><C:/Users/Fabrizio/AppData/Local/Programs/MiKTeX 2.9/fonts/type1
/public/amsfonts/cm/cmr17.pfb><C:/Users/Fabrizio/AppData/Local/Programs/MiKTeX 
2.9/fonts/type1/public/amsfonts/cm/cmr6.pfb><C:/Users/Fabrizio/AppData/Local/Pr
ograms/MiKTeX 2.9/fonts/type1/public/amsfonts/cm/cmr8.pfb><C:/Users/Fabrizio/Ap
pData/Local/Programs/MiKTeX 2.9/fonts/type1/public/amsfonts/cm/cmsy10.pfb><C:/U
sers/Fabrizio/AppData/Local/Programs/MiKTeX 2.9/fonts/type1/public/amsfonts/cm/
cmsy8.pfb><C:/Users/Fabrizio/AppData/Local/Programs/MiKTeX 2.9/fonts/type1/publ
ic/amsfonts/cm/cmti12.pfb><C:/Users/Fabrizio/AppData/Local/Programs/MiKTeX 2.9/
fonts/type1/public/amsfonts/symbols/msbm10.pfb>
Output written on Tesi_main.pdf (92 pages, 4717064 bytes).
PDF statistics:
 1092 PDF objects out of 1200 (max. 8388607)
 345 named destinations out of 1000 (max. 500000)
 559 words of extra memory for PDF output out of 10000 (max. 10000000)

