This is pdfTeX, Version 3.141592653-2.6-1.40.24 (MiKTeX 21.12.10) (preloaded format=pdflatex 2021.12.21)  21 DEC 2021 17:09
entering extended mode
 restricted \write18 enabled.
 %&-line parsing enabled.
**./Tesi.tex
(Tesi.tex
LaTeX2e <2021-11-15> patch level 1
L3 programming layer <2021-11-22>
(C:\Users\Fabrizio\AppData\Local\Programs\MiKTeX 2.9\tex/latex/base\book.cls
Document Class: book 2021/10/04 v1.4n Standard LaTeX document class
(C:\Users\Fabrizio\AppData\Local\Programs\MiKTeX 2.9\tex/latex/base\bk12.clo
File: bk12.clo 2021/10/04 v1.4n Standard LaTeX file (size option)
)
\c@part=\count183
\c@chapter=\count184
\c@section=\count185
\c@subsection=\count186
\c@subsubsection=\count187
\c@paragraph=\count188
\c@subparagraph=\count189
\c@figure=\count190
\c@table=\count191
\abovecaptionskip=\skip47
\belowcaptionskip=\skip48
\bibindent=\dimen138
)
(C:\Users\Fabrizio\AppData\Local\Programs\MiKTeX 2.9\tex/latex/base\fontenc.sty
Package: fontenc 2021/04/29 v2.0v Standard LaTeX package
)
(C:\Users\Fabrizio\AppData\Local\Programs\MiKTeX 2.9\tex/latex/base\inputenc.st
y
Package: inputenc 2021/02/14 v1.3d Input encoding file
\inpenc@prehook=\toks16
\inpenc@posthook=\toks17
)
(C:\Users\Fabrizio\AppData\Local\Programs\MiKTeX 2.9\tex/generic/babel\babel.st
y
Package: babel 2021/11/29 3.67 The Babel package
\babel@savecnt=\count192
\U@D=\dimen139
\l@unhyphenated=\language83

(C:\Users\Fabrizio\AppData\Local\Programs\MiKTeX 2.9\tex/generic/babel\txtbabel
.def)
\bbl@readstream=\read2
\bbl@dirlevel=\count193

*************************************
* Local config file bblopts.cfg used
*

(C:\Users\Fabrizio\AppData\Local\Programs\MiKTeX 2.9\tex/latex/arabi\bblopts.cf
g
File: bblopts.cfg 2005/09/08 v0.1 add Arabic and Farsi to "declared" options of
 babel
)
(C:\Users\Fabrizio\AppData\Local\Programs\MiKTeX 2.9\tex/latex/babel-english\en
glish.ldf
Language: english 2017/06/06 v3.3r English support from the babel system
Package babel Info: Hyphen rules for 'canadian' set to \l@english
(babel)             (\language0). Reported on input line 102.
Package babel Info: Hyphen rules for 'australian' set to \l@ukenglish
(babel)             (\language77). Reported on input line 105.
Package babel Info: Hyphen rules for 'newzealand' set to \l@ukenglish
(babel)             (\language77). Reported on input line 108.
)
(C:\Users\Fabrizio\AppData\Local\Programs\MiKTeX 2.9\tex/latex/babel-italian\it
alian.ldf
Language: italian 2020/05/21 v.1.4.04 Italian support for the babel system
\it@lettering=\count194
\it@doublequoteactive=\count195
\it@ISOcompliance=\count196
))
(C:\Users\Fabrizio\AppData\Local\Programs\MiKTeX 2.9\tex/latex/etoolbox\etoolbo
x.sty
Package: etoolbox 2020/10/05 v2.5k e-TeX tools for LaTeX (JAW)
\etb@tempcnta=\count197
)
(C:\Users\Fabrizio\AppData\Local\Programs\MiKTeX 2.9\tex/latex/microtype\microt
ype.sty
Package: microtype 2021/12/10 v3.0b Micro-typographical refinements (RS)

(C:\Users\Fabrizio\AppData\Local\Programs\MiKTeX 2.9\tex/latex/graphics\keyval.
sty
Package: keyval 2014/10/28 v1.15 key=value parser (DPC)
\KV@toks@=\toks18
)
\MT@toks=\toks19
\MT@count=\count198
\MT@tempbox=\box50
LaTeX Info: Redefining \leftprotrusion on input line 1010.
LaTeX Info: Redefining \rightprotrusion on input line 1018.
LaTeX Info: Redefining \textls on input line 1173.
\MT@outer@kern=\dimen140
LaTeX Info: Redefining \textmicrotypecontext on input line 1759.
\MT@listname@count=\count199

(C:\Users\Fabrizio\AppData\Local\Programs\MiKTeX 2.9\tex/latex/microtype\microt
ype-pdftex.def
File: microtype-pdftex.def 2021/12/10 v3.0b Definitions specific to pdftex (RS)

LaTeX Info: Redefining \lsstyle on input line 897.
LaTeX Info: Redefining \lslig on input line 897.
\MT@outer@space=\skip49
)
Package microtype Info: Loading configuration file microtype.cfg.

(C:\Users\Fabrizio\AppData\Local\Programs\MiKTeX 2.9\tex/latex/microtype\microt
ype.cfg
File: microtype.cfg 2021/12/10 v3.0b microtype main configuration file (RS)
))
(C:\Users\Fabrizio\AppData\Local\Programs\MiKTeX 2.9\tex/latex/layaureo\layaure
o.sty
Package: layaureo 2004/09/16 v0.2

(C:\Users\Fabrizio\AppData\Local\Programs\MiKTeX 2.9\tex/latex/geometry\geometr
y.sty
Package: geometry 2020/01/02 v5.9 Page Geometry

(C:\Users\Fabrizio\AppData\Local\Programs\MiKTeX 2.9\tex/generic/iftex\ifvtex.s
ty
Package: ifvtex 2019/10/25 v1.7 ifvtex legacy package. Use iftex instead.

(C:\Users\Fabrizio\AppData\Local\Programs\MiKTeX 2.9\tex/generic/iftex\iftex.st
y
Package: iftex 2020/03/06 v1.0d TeX engine tests
))
\Gm@cnth=\count266
\Gm@cntv=\count267
\c@Gm@tempcnt=\count268
\Gm@bindingoffset=\dimen141
\Gm@wd@mp=\dimen142
\Gm@odd@mp=\dimen143
\Gm@even@mp=\dimen144
\Gm@layoutwidth=\dimen145
\Gm@layoutheight=\dimen146
\Gm@layouthoffset=\dimen147
\Gm@layoutvoffset=\dimen148
\Gm@dimlist=\toks20

(C:\Users\Fabrizio\AppData\Local\Programs\MiKTeX 2.9\tex/latex/geometry\geometr
y.cfg))
(C:\Users\Fabrizio\AppData\Local\Programs\MiKTeX 2.9\tex/latex/tools\calc.sty
Package: calc 2017/05/25 v4.3 Infix arithmetic (KKT,FJ)
\calc@Acount=\count269
\calc@Bcount=\count270
\calc@Adimen=\dimen149
\calc@Bdimen=\dimen150
\calc@Askip=\skip50
\calc@Bskip=\skip51
LaTeX Info: Redefining \setlength on input line 80.
LaTeX Info: Redefining \addtolength on input line 81.
\calc@Ccount=\count271
\calc@Cskip=\skip52
)
\LA@MargineRilegatura=\skip53
\LA@LarghezzaTesto=\skip54
\LA@AltezzaTesto=\skip55
\LA@MargineSinistro=\skip56
\LA@MargineSuperiore=\skip57
)
(C:\Users\Fabrizio\AppData\Local\Programs\MiKTeX 2.9\tex/latex/frontespizio\fro
ntespizio.sty
Package: frontespizio 2011/09/21 1.4a (Enrico Gregorio)

(C:\Users\Fabrizio\AppData\Local\Programs\MiKTeX 2.9\tex/latex/tools\afterpage.
sty
Package: afterpage 2014/10/28 v1.08 After-Page Package (DPC)
\AP@output=\toks21
\AP@partial=\box51
\AP@footins=\box52
)
(C:\Users\Fabrizio\AppData\Local\Programs\MiKTeX 2.9\tex/latex/graphics\graphic
x.sty
Package: graphicx 2021/09/16 v1.2d Enhanced LaTeX Graphics (DPC,SPQR)

(C:\Users\Fabrizio\AppData\Local\Programs\MiKTeX 2.9\tex/latex/graphics\graphic
s.sty
Package: graphics 2021/03/04 v1.4d Standard LaTeX Graphics (DPC,SPQR)

(C:\Users\Fabrizio\AppData\Local\Programs\MiKTeX 2.9\tex/latex/graphics\trig.st
y
Package: trig 2021/08/11 v1.11 sin cos tan (DPC)
)
(C:\Users\Fabrizio\AppData\Local\Programs\MiKTeX 2.9\tex/latex/graphics-cfg\gra
phics.cfg
File: graphics.cfg 2016/06/04 v1.11 sample graphics configuration
)
Package graphics Info: Driver file: pdftex.def on input line 107.

(C:\Users\Fabrizio\AppData\Local\Programs\MiKTeX 2.9\tex/latex/graphics-def\pdf
tex.def
File: pdftex.def 2020/10/05 v1.2a Graphics/color driver for pdftex
))
\Gin@req@height=\dimen151
\Gin@req@width=\dimen152
)
(C:\Users\Fabrizio\AppData\Local\Programs\MiKTeX 2.9\tex/latex/base\atbegshi-lt
x.sty
Package: atbegshi-ltx 2021/01/10 v1.0c Emulation of the original atbegshi
package with kernel methods
)
(C:\Users\Fabrizio\AppData\Local\Programs\MiKTeX 2.9\tex/latex/environ\environ.
sty
Package: environ 2014/05/04 v0.3 A new way to define environments

(C:\Users\Fabrizio\AppData\Local\Programs\MiKTeX 2.9\tex/latex/trimspaces\trims
paces.sty
Package: trimspaces 2009/09/17 v1.1 Trim spaces around a token list
)
\@envbody=\toks22
)
(C:\Users\Fabrizio\AppData\Local\Programs\MiKTeX 2.9\tex/generic/iftex\ifpdf.st
y
Package: ifpdf 2019/10/25 v3.4 ifpdf legacy package. Use iftex instead.
)
(C:\Users\Fabrizio\AppData\Local\Programs\MiKTeX 2.9\tex/generic/iftex\ifxetex.
sty
Package: ifxetex 2019/10/25 v0.7 ifxetex legacy package. Use iftex instead.
)
\front@out=\write3
\openout3 = `Tesi-frn.tex'.

)
(C:\Users\Fabrizio\AppData\Local\Programs\MiKTeX 2.9\tex/latex/changepage\chang
epage.sty
Package: changepage 2009/10/20 v1.0c check page and change page layout
\c@cp@cntr=\count272
\cp@tempcnt=\count273
)
(C:\Users\Fabrizio\AppData\Local\Programs\MiKTeX 2.9\tex/latex/emptypage\emptyp
age.sty
Package: emptypage 2010/05/30 v1.2 Suppress page numbers and headings on empty 
pages
)
(C:\Users\Fabrizio\AppData\Local\Programs\MiKTeX 2.9\tex/latex/tools\indentfirs
t.sty
Package: indentfirst 1995/11/23 v1.03 Indent first paragraph (DPC)
)
(C:\Users\Fabrizio\AppData\Local\Programs\MiKTeX 2.9\tex/latex/booktabs\booktab
s.sty
Package: booktabs 2020/01/12 v1.61803398 Publication quality tables
\heavyrulewidth=\dimen153
\lightrulewidth=\dimen154
\cmidrulewidth=\dimen155
\belowrulesep=\dimen156
\belowbottomsep=\dimen157
\aboverulesep=\dimen158
\abovetopsep=\dimen159
\cmidrulesep=\dimen160
\cmidrulekern=\dimen161
\defaultaddspace=\dimen162
\@cmidla=\count274
\@cmidlb=\count275
\@aboverulesep=\dimen163
\@belowrulesep=\dimen164
\@thisruleclass=\count276
\@lastruleclass=\count277
\@thisrulewidth=\dimen165
)
(C:\Users\Fabrizio\AppData\Local\Programs\MiKTeX 2.9\tex/latex/tools\tabularx.s
ty
Package: tabularx 2020/01/15 v2.11c `tabularx' package (DPC)

(C:\Users\Fabrizio\AppData\Local\Programs\MiKTeX 2.9\tex/latex/tools\array.sty
Package: array 2021/10/04 v2.5f Tabular extension package (FMi)
\col@sep=\dimen166
\ar@mcellbox=\box53
\extrarowheight=\dimen167
\NC@list=\toks23
\extratabsurround=\skip58
\backup@length=\skip59
\ar@cellbox=\box54
)
\TX@col@width=\dimen168
\TX@old@table=\dimen169
\TX@old@col=\dimen170
\TX@target=\dimen171
\TX@delta=\dimen172
\TX@cols=\count278
\TX@ftn=\toks24
)
(C:\Users\Fabrizio\AppData\Local\Programs\MiKTeX 2.9\tex/latex/graphics\rotatin
g.sty
Package: rotating 2016/08/11 v2.16d rotated objects in LaTeX

(C:\Users\Fabrizio\AppData\Local\Programs\MiKTeX 2.9\tex/latex/base\ifthen.sty
Package: ifthen 2020/11/24 v1.1c Standard LaTeX ifthen package (DPC)
)
\c@r@tfl@t=\count279
\rotFPtop=\skip60
\rotFPbot=\skip61
\rot@float@box=\box55
\rot@mess@toks=\toks25
)
(C:\Users\Fabrizio\AppData\Local\Programs\MiKTeX 2.9\tex/latex/subfig\subfig.st
y
Package: subfig 2005/06/28 ver: 1.3 subfig package

(C:\Users\Fabrizio\AppData\Local\Programs\MiKTeX 2.9\tex/latex/caption\caption.
sty
Package: caption 2020/10/26 v3.5g Customizing captions (AR)

(C:\Users\Fabrizio\AppData\Local\Programs\MiKTeX 2.9\tex/latex/caption\caption3
.sty
Package: caption3 2020/10/21 v2.2e caption3 kernel (AR)
\captionmargin=\dimen173
\captionmargin@=\dimen174
\captionwidth=\dimen175
\caption@tempdima=\dimen176
\caption@indent=\dimen177
\caption@parindent=\dimen178
\caption@hangindent=\dimen179
Package caption Info: Standard document class detected.
)
\c@caption@flags=\count280
\c@continuedfloat=\count281
Package caption Info: changepage package is loaded.
\caption@adjustwidth@hsize=\dimen180
\caption@adjustwidth@linewidth=\dimen181
Package caption Info: rotating package is loaded.
)
\c@KVtest=\count282
\sf@farskip=\skip62
\sf@captopadj=\dimen182
\sf@capskip=\skip63
\sf@nearskip=\skip64
\c@subfigure=\count283
\c@subfigure@save=\count284
\c@lofdepth=\count285
\c@subtable=\count286
\c@subtable@save=\count287
\c@lotdepth=\count288
\sf@top=\skip65
\sf@bottom=\skip66
)
(C:\Users\Fabrizio\AppData\Local\Programs\MiKTeX 2.9\tex/latex/listings\listing
s.sty
\lst@mode=\count289
\lst@gtempboxa=\box56
\lst@token=\toks26
\lst@length=\count290
\lst@currlwidth=\dimen183
\lst@column=\count291
\lst@pos=\count292
\lst@lostspace=\dimen184
\lst@width=\dimen185
\lst@newlines=\count293
\lst@lineno=\count294
\lst@maxwidth=\dimen186

(C:\Users\Fabrizio\AppData\Local\Programs\MiKTeX 2.9\tex/latex/listings\lstmisc
.sty
File: lstmisc.sty 2020/03/24 1.8d (Carsten Heinz)
\c@lstnumber=\count295
\lst@skipnumbers=\count296
\lst@framebox=\box57
)
(C:\Users\Fabrizio\AppData\Local\Programs\MiKTeX 2.9\tex/latex/listings\listing
s.cfg
File: listings.cfg 2020/03/24 1.8d listings configuration
))
Package: listings 2020/03/24 1.8d (Carsten Heinz)

(C:\Users\Fabrizio\AppData\Local\Programs\MiKTeX 2.9\tex/latex/quoting\quoting.
sty
Package: quoting 2014/01/28 v0.1c Consolidated environment for displayed text

(C:\Users\Fabrizio\AppData\Local\Programs\MiKTeX 2.9\tex/latex/kvoptions\kvopti
ons.sty
Package: kvoptions 2020-10-07 v3.14 Key value format for package options (HO)

(C:\Users\Fabrizio\AppData\Local\Programs\MiKTeX 2.9\tex/generic/ltxcmds\ltxcmd
s.sty
Package: ltxcmds 2020-05-10 v1.25 LaTeX kernel commands for general use (HO)
)
(C:\Users\Fabrizio\AppData\Local\Programs\MiKTeX 2.9\tex/generic/kvsetkeys\kvse
tkeys.sty
Package: kvsetkeys 2019/12/15 v1.18 Key value parser (HO)
))
\quo@toppartop=\skip67
)
(C:\Users\Fabrizio\AppData\Local\Programs\MiKTeX 2.9\tex/latex/amsmath\amsmath.
sty
Package: amsmath 2021/10/15 v2.17l AMS math features
\@mathmargin=\skip68

For additional information on amsmath, use the `?' option.

(C:\Users\Fabrizio\AppData\Local\Programs\MiKTeX 2.9\tex/latex/amsmath\amstext.
sty
Package: amstext 2021/08/26 v2.01 AMS text

(C:\Users\Fabrizio\AppData\Local\Programs\MiKTeX 2.9\tex/latex/amsmath\amsgen.s
ty
File: amsgen.sty 1999/11/30 v2.0 generic functions
\@emptytoks=\toks27
\ex@=\dimen187
))
(C:\Users\Fabrizio\AppData\Local\Programs\MiKTeX 2.9\tex/latex/amsmath\amsbsy.s
ty
Package: amsbsy 1999/11/29 v1.2d Bold Symbols
\pmbraise@=\dimen188
)
(C:\Users\Fabrizio\AppData\Local\Programs\MiKTeX 2.9\tex/latex/amsmath\amsopn.s
ty
Package: amsopn 2021/08/26 v2.02 operator names
)
\inf@bad=\count297
LaTeX Info: Redefining \frac on input line 234.
\uproot@=\count298
\leftroot@=\count299
LaTeX Info: Redefining \overline on input line 399.
\classnum@=\count300
\DOTSCASE@=\count301
LaTeX Info: Redefining \ldots on input line 496.
LaTeX Info: Redefining \dots on input line 499.
LaTeX Info: Redefining \cdots on input line 620.
\Mathstrutbox@=\box58
\strutbox@=\box59
\big@size=\dimen189
LaTeX Font Info:    Redeclaring font encoding OML on input line 743.
LaTeX Font Info:    Redeclaring font encoding OMS on input line 744.
\macc@depth=\count302
\c@MaxMatrixCols=\count303
\dotsspace@=\muskip16
\c@parentequation=\count304
\dspbrk@lvl=\count305
\tag@help=\toks28
\row@=\count306
\column@=\count307
\maxfields@=\count308
\andhelp@=\toks29
\eqnshift@=\dimen190
\alignsep@=\dimen191
\tagshift@=\dimen192
\tagwidth@=\dimen193
\totwidth@=\dimen194
\lineht@=\dimen195
\@envbody=\toks30
\multlinegap=\skip69
\multlinetaggap=\skip70
\mathdisplay@stack=\toks31
LaTeX Info: Redefining \[ on input line 2938.
LaTeX Info: Redefining \] on input line 2939.
)
(C:\Users\Fabrizio\AppData\Local\Programs\MiKTeX 2.9\tex/latex/amsfonts\amssymb
.sty
Package: amssymb 2013/01/14 v3.01 AMS font symbols

(C:\Users\Fabrizio\AppData\Local\Programs\MiKTeX 2.9\tex/latex/amsfonts\amsfont
s.sty
Package: amsfonts 2013/01/14 v3.01 Basic AMSFonts support
\symAMSa=\mathgroup4
\symAMSb=\mathgroup5
LaTeX Font Info:    Redeclaring math symbol \hbar on input line 98.
LaTeX Font Info:    Overwriting math alphabet `\mathfrak' in version `bold'
(Font)                  U/euf/m/n --> U/euf/b/n on input line 106.
))
(C:\Users\Fabrizio\AppData\Local\Programs\MiKTeX 2.9\tex/latex/mathtools\mathto
ols.sty
Package: mathtools 2021/04/12 v1.27 mathematical typesetting tools

(C:\Users\Fabrizio\AppData\Local\Programs\MiKTeX 2.9\tex/latex/mathtools\mhsetu
p.sty
Package: mhsetup 2021/03/18 v1.4 programming setup (MH)
)
LaTeX Info: Thecontrolsequence`\('isalreadyrobust on input line 130.
LaTeX Info: Thecontrolsequence`\)'isalreadyrobust on input line 130.
LaTeX Info: Thecontrolsequence`\['isalreadyrobust on input line 130.
LaTeX Info: Thecontrolsequence`\]'isalreadyrobust on input line 130.
\g_MT_multlinerow_int=\count309
\l_MT_multwidth_dim=\dimen196
\origjot=\skip71
\l_MT_shortvdotswithinadjustabove_dim=\dimen197
\l_MT_shortvdotswithinadjustbelow_dim=\dimen198
\l_MT_above_intertext_sep=\dimen199
\l_MT_below_intertext_sep=\dimen256
\l_MT_above_shortintertext_sep=\dimen257
\l_MT_below_shortintertext_sep=\dimen258
\xmathstrut@box=\box60
\xmathstrut@dim=\dimen259
)
(C:\Users\Fabrizio\AppData\Local\Programs\MiKTeX 2.9\tex/latex/amscls\amsthm.st
y
Package: amsthm 2020/05/29 v2.20.6
\thm@style=\toks32
\thm@bodyfont=\toks33
\thm@headfont=\toks34
\thm@notefont=\toks35
\thm@headpunct=\toks36
\thm@preskip=\skip72
\thm@postskip=\skip73
\thm@headsep=\skip74
\dth@everypar=\toks37
)
(C:\Users\Fabrizio\AppData\Local\Programs\MiKTeX 2.9\tex/latex/siunitx\siunitx.
sty
Package: siunitx 2021-12-03 v3.0.37 A comprehensive (SI) units package
\l__siunitx_angle_tmp_dim=\dimen260
\l__siunitx_angle_marker_box=\box61
\l__siunitx_angle_unit_box=\box62
\l__siunitx_compound_count_int=\count310

(C:\Users\Fabrizio\AppData\Local\Programs\MiKTeX 2.9\tex/latex/translations\tra
nslations.sty
Package: translations 2021/01/17 v1.10a internationalization of LaTeX2e package
s (CN)

(C:\Users\Fabrizio\AppData\Local\Programs\MiKTeX 2.9\tex/generic/pdftexcmds\pdf
texcmds.sty
Package: pdftexcmds 2020-06-27 v0.33 Utility functions of pdfTeX for LuaTeX (HO
)

(C:\Users\Fabrizio\AppData\Local\Programs\MiKTeX 2.9\tex/generic/infwarerr\infw
arerr.sty
Package: infwarerr 2019/12/03 v1.5 Providing info/warning/error messages (HO)
)
Package pdftexcmds Info: \pdf@primitive is available.
Package pdftexcmds Info: \pdf@ifprimitive is available.
Package pdftexcmds Info: \pdfdraftmode found.
))
\l__siunitx_number_exponent_fixed_int=\count311
\l__siunitx_number_min_decimal_int=\count312
\l__siunitx_number_min_integer_int=\count313
\l__siunitx_number_round_precision_int=\count314
\l__siunitx_number_group_minimum_int=\count315
\l__siunitx_table_tmp_box=\box63
\l__siunitx_table_tmp_dim=\dimen261
\l__siunitx_table_column_width_dim=\dimen262
\l__siunitx_table_integer_box=\box64
\l__siunitx_table_decimal_box=\box65
\l__siunitx_table_before_box=\box66
\l__siunitx_table_after_box=\box67
\l__siunitx_table_before_dim=\dimen263
\l__siunitx_table_carry_dim=\dimen264
\l__siunitx_unit_tmp_int=\count316
\l__siunitx_unit_position_int=\count317
\l__siunitx_unit_total_int=\count318

(C:\Users\Fabrizio\AppData\Local\Programs\MiKTeX 2.9\tex/latex/l3packages/l3key
s2e\l3keys2e.sty
(C:\Users\Fabrizio\AppData\Local\Programs\MiKTeX 2.9\tex/latex/l3kernel\expl3.s
ty
Package: expl3 2021-11-22 L3 programming layer (loader) 

(C:\Users\Fabrizio\AppData\Local\Programs\MiKTeX 2.9\tex/latex/l3backend\l3back
end-pdftex.def
File: l3backend-pdftex.def 2021-12-14 L3 backend support: PDF output (pdfTeX)
\l__color_backend_stack_int=\count319
\l__pdf_internal_box=\box68
))
Package: l3keys2e 2021-11-12 LaTeX2e option processing using LaTeX3 keys
))
(C:\Users\Fabrizio\AppData\Local\Programs\MiKTeX 2.9\tex/latex/tools\varioref.s
ty
Package: varioref 2021/07/07 v1.6f package for extended references (FMi)
\c@vrcnt=\count320
)
(C:\Users\Fabrizio\AppData\Local\Programs\MiKTeX 2.9\tex/latex/mparhack\mparhac
k.sty
Package: mparhack 2021-05-02 v1.5 (T. Sgouros and S. Ulrich)
)
(C:\Users\Fabrizio\AppData\Local\Programs\MiKTeX 2.9\tex/latex/base\fixltx2e.st
y
Package: fixltx2e 2016/12/29 v2.1a fixes to LaTeX (obsolete)
Applying: [2015/01/01] Old fixltx2e package on input line 46.


Package fixltx2e Warning: fixltx2e is not required with releases after 2015
(fixltx2e)                All fixes are now in the LaTeX kernel.
(fixltx2e)                See the latexrelease package for details.

Already applied: [0000/00/00] Old fixltx2e package on input line 53.
)
(C:\Users\Fabrizio\AppData\Local\Programs\MiKTeX 2.9\tex/latex/relsize\relsize.
sty
Package: relsize 2013/03/29 ver 4.1
)
(C:\Users\Fabrizio\AppData\Local\Programs\MiKTeX 2.9\tex/latex/csquotes\csquote
s.sty
Package: csquotes 2021-02-22 v5.2l context-sensitive quotations (JAW)
\csq@reset=\count321
\csq@gtype=\count322
\csq@glevel=\count323
\csq@qlevel=\count324
\csq@maxlvl=\count325
\csq@tshold=\count326
\csq@ltx@everypar=\toks38

(C:\Users\Fabrizio\AppData\Local\Programs\MiKTeX 2.9\tex/latex/csquotes\csquote
s.def
File: csquotes.def 2021-02-22 v5.2l csquotes generic definitions (JAW)
)
Package csquotes Info: Trying to load configuration file 'csquotes.cfg'...
Package csquotes Info: ... configuration file loaded successfully.

(C:\Users\Fabrizio\AppData\Local\Programs\MiKTeX 2.9\tex/latex/csquotes\csquote
s.cfg
File: csquotes.cfg 
)
Package csquotes Info: Enabling multilingual quotes.
Package csquotes Info: Redefining alias 'italian' -> 'italian/guillemets'.
)
(C:\Users\Fabrizio\AppData\Local\Programs\MiKTeX 2.9\tex/latex/biblatex\biblate
x.sty
Package: biblatex 2020/12/31 v3.16 programmable bibliographies (PK/MW)

(C:\Users\Fabrizio\AppData\Local\Programs\MiKTeX 2.9\tex/latex/logreq\logreq.st
y
Package: logreq 2010/08/04 v1.0 xml request logger
\lrq@indent=\count327

(C:\Users\Fabrizio\AppData\Local\Programs\MiKTeX 2.9\tex/latex/logreq\logreq.de
f
File: logreq.def 2010/08/04 v1.0 logreq spec v1.0
)) (C:\Users\Fabrizio\AppData\Local\Programs\MiKTeX 2.9\tex/latex/url\url.sty
\Urlmuskip=\muskip17
Package: url 2013/09/16  ver 3.4  Verb mode for urls, etc.
)
\c@tabx@nest=\count328
\c@listtotal=\count329
\c@listcount=\count330
\c@liststart=\count331
\c@liststop=\count332
\c@citecount=\count333
\c@citetotal=\count334
\c@multicitecount=\count335
\c@multicitetotal=\count336
\c@instcount=\count337
\c@maxnames=\count338
\c@minnames=\count339
\c@maxitems=\count340
\c@minitems=\count341
\c@citecounter=\count342
\c@maxcitecounter=\count343
\c@savedcitecounter=\count344
\c@uniquelist=\count345
\c@uniquename=\count346
\c@refsection=\count347
\c@refsegment=\count348
\c@maxextratitle=\count349
\c@maxextratitleyear=\count350
\c@maxextraname=\count351
\c@maxextradate=\count352
\c@maxextraalpha=\count353
\c@abbrvpenalty=\count354
\c@highnamepenalty=\count355
\c@lownamepenalty=\count356
\c@maxparens=\count357
\c@parenlevel=\count358
\blx@tempcnta=\count359
\blx@tempcntb=\count360
\blx@tempcntc=\count361
\blx@maxsection=\count362
\blx@maxsegment@0=\count363
\blx@notetype=\count364
\blx@parenlevel@text=\count365
\blx@parenlevel@foot=\count366
\blx@sectionciteorder@0=\count367
\blx@entrysetcounter=\count368
\blx@biblioinstance=\count369
\labelnumberwidth=\skip75
\labelalphawidth=\skip76
\biblabelsep=\skip77
\bibitemsep=\skip78
\bibnamesep=\skip79
\bibinitsep=\skip80
\bibparsep=\skip81
\bibhang=\skip82
\blx@bcfin=\read3
\blx@bcfout=\write4
\blx@langwohyphens=\language84
\c@mincomprange=\count370
\c@maxcomprange=\count371
\c@mincompwidth=\count372
Package biblatex Info: Trying to load biblatex default data model...
Package biblatex Info: ... file 'blx-dm.def' found.

(C:\Users\Fabrizio\AppData\Local\Programs\MiKTeX 2.9\tex/latex/biblatex\blx-dm.
def
File: blx-dm.def 2020/12/31 v3.16 biblatex localization (PK/MW)
)
Package biblatex Info: Trying to load biblatex style data model...
Package biblatex Info: ... file 'philosophy-modern.dbx' not found.
Package biblatex Info: Trying to load biblatex custom data model...
Package biblatex Info: ... file 'biblatex-dm.cfg' not found.
\c@afterword=\count373
\c@savedafterword=\count374
\c@annotator=\count375
\c@savedannotator=\count376
\c@author=\count377
\c@savedauthor=\count378
\c@bookauthor=\count379
\c@savedbookauthor=\count380
\c@commentator=\count381
\c@savedcommentator=\count382
\c@editor=\count383
\c@savededitor=\count384
\c@editora=\count385
\c@savededitora=\count386
\c@editorb=\count387
\c@savededitorb=\count388
\c@editorc=\count389
\c@savededitorc=\count390
\c@foreword=\count391
\c@savedforeword=\count392
\c@holder=\count393
\c@savedholder=\count394
\c@introduction=\count395
\c@savedintroduction=\count396
\c@namea=\count397
\c@savednamea=\count398
\c@nameb=\count399
\c@savednameb=\count400
\c@namec=\count401
\c@savednamec=\count402
\c@translator=\count403
\c@savedtranslator=\count404
\c@shortauthor=\count405
\c@savedshortauthor=\count406
\c@shorteditor=\count407
\c@savedshorteditor=\count408
\c@labelname=\count409
\c@savedlabelname=\count410
\c@institution=\count411
\c@savedinstitution=\count412
\c@lista=\count413
\c@savedlista=\count414
\c@listb=\count415
\c@savedlistb=\count416
\c@listc=\count417
\c@savedlistc=\count418
\c@listd=\count419
\c@savedlistd=\count420
\c@liste=\count421
\c@savedliste=\count422
\c@listf=\count423
\c@savedlistf=\count424
\c@location=\count425
\c@savedlocation=\count426
\c@organization=\count427
\c@savedorganization=\count428
\c@origlocation=\count429
\c@savedoriglocation=\count430
\c@origpublisher=\count431
\c@savedorigpublisher=\count432
\c@publisher=\count433
\c@savedpublisher=\count434
\c@language=\count435
\c@savedlanguage=\count436
\c@origlanguage=\count437
\c@savedoriglanguage=\count438
\c@pageref=\count439
\c@savedpageref=\count440
\shorthandwidth=\skip83
\shortjournalwidth=\skip84
\shortserieswidth=\skip85
\shorttitlewidth=\skip86
\shortauthorwidth=\skip87
\shorteditorwidth=\skip88
\locallabelnumberwidth=\skip89
\locallabelalphawidth=\skip90
\localshorthandwidth=\skip91
\localshortjournalwidth=\skip92
\localshortserieswidth=\skip93
\localshorttitlewidth=\skip94
\localshortauthorwidth=\skip95
\localshorteditorwidth=\skip96
Package biblatex Info: Trying to load compatibility code...
Package biblatex Info: ... file 'blx-compat.def' found.

(C:\Users\Fabrizio\AppData\Local\Programs\MiKTeX 2.9\tex/latex/biblatex\blx-com
pat.def
File: blx-compat.def 2020/12/31 v3.16 biblatex compatibility (PK/MW)
)
Package biblatex Info: Trying to load generic definitions...
Package biblatex Info: ... file 'biblatex.def' found.

(C:\Users\Fabrizio\AppData\Local\Programs\MiKTeX 2.9\tex/latex/biblatex\biblate
x.def
File: biblatex.def 2020/12/31 v3.16 biblatex compatibility (PK/MW)
\c@textcitecount=\count441
\c@textcitetotal=\count442
\c@textcitemaxnames=\count443
\c@biburlbigbreakpenalty=\count444
\c@biburlbreakpenalty=\count445
\c@biburlnumpenalty=\count446
\c@biburlucpenalty=\count447
\c@biburllcpenalty=\count448
\biburlbigskip=\muskip18
\biburlnumskip=\muskip19
\biburlucskip=\muskip20
\biburllcskip=\muskip21
\c@smartand=\count449
)
Package biblatex Info: Trying to load natbib compatibility...
Package biblatex Info: ... file 'blx-natbib.def' found.

(C:\Users\Fabrizio\AppData\Local\Programs\MiKTeX 2.9\tex/latex/biblatex\blx-nat
bib.def
File: blx-natbib.def 2020/12/31 v3.16 biblatex compatibility (PK/MW)
Package biblatex Info: Delimiter 'nameyeardelim' in context '' already defined,
 overwriting.
)
Package biblatex Info: Trying to load bibliography style 'philosophy-modern'...

Package biblatex Info: ... file 'philosophy-modern.bbx' found.

(C:\Users\Fabrizio\AppData\Local\Programs\MiKTeX 2.9\tex/latex/biblatex-philoso
phy\philosophy-modern.bbx
File: philosophy-modern.bbx 2021/11/06 v1.9.8f A set of styles for biblatex
Package biblatex Info: Trying to load bibliography style 'philosophy-classic'..
.
Package biblatex Info: ... file 'philosophy-classic.bbx' found.

(C:\Users\Fabrizio\AppData\Local\Programs\MiKTeX 2.9\tex/latex/biblatex-philoso
phy\philosophy-classic.bbx
File: philosophy-classic.bbx 2021/11/06 v1.9.8f A set of styles for biblatex
Package biblatex Info: Trying to load bibliography style 'authoryear-comp'...
Package biblatex Info: ... file 'authoryear-comp.bbx' found.

(C:\Users\Fabrizio\AppData\Local\Programs\MiKTeX 2.9\tex/latex/biblatex/bbx\aut
horyear-comp.bbx
File: authoryear-comp.bbx 2020/12/31 v3.16 biblatex bibliography style (PK/MW)
Package biblatex Info: Trying to load bibliography style 'authoryear'...
Package biblatex Info: ... file 'authoryear.bbx' found.

(C:\Users\Fabrizio\AppData\Local\Programs\MiKTeX 2.9\tex/latex/biblatex/bbx\aut
horyear.bbx
File: authoryear.bbx 2020/12/31 v3.16 biblatex bibliography style (PK/MW)
Package biblatex Info: Trying to load bibliography style 'standard'...
Package biblatex Info: ... file 'standard.bbx' found.

(C:\Users\Fabrizio\AppData\Local\Programs\MiKTeX 2.9\tex/latex/biblatex/bbx\sta
ndard.bbx
File: standard.bbx 2020/12/31 v3.16 biblatex bibliography style (PK/MW)
\c@bbx:relatedcount=\count450
\c@bbx:relatedtotal=\count451
)))
Package biblatex Info: Trying to load bibliography style 'philosophy-standard'.
..
Package biblatex Info: ... file 'philosophy-standard.bbx' found.

(C:\Users\Fabrizio\AppData\Local\Programs\MiKTeX 2.9\tex/latex/biblatex-philoso
phy\philosophy-standard.bbx
File: philosophy-standard.bbx 2021/11/06 v1.9.8f A set of styles for biblatex
\c@maxnamesincross=\count452
\c@minnamesincross=\count453
))
\yeartitle=\skip97
\postnamesep=\skip98
Package biblatex Info: Redefining '\bbx@crossref@inbook'.
Package biblatex Info: Redefining '\bbx@crossref@incollection'.
)
Package biblatex Info: Trying to load citation style 'philosophy-modern'...
Package biblatex Info: ... file 'philosophy-modern.cbx' found.

(C:\Users\Fabrizio\AppData\Local\Programs\MiKTeX 2.9\tex/latex/biblatex-philoso
phy\philosophy-modern.cbx
File: philosophy-modern.cbx 2021/11/06 v1.9.8f A set of styles for biblatex
Package biblatex Info: Trying to load citation style 'philosophy-classic'...
Package biblatex Info: ... file 'philosophy-classic.cbx' found.

(C:\Users\Fabrizio\AppData\Local\Programs\MiKTeX 2.9\tex/latex/biblatex-philoso
phy\philosophy-classic.cbx
File: philosophy-classic.cbx 2021/11/06 v1.9.8f A set of styles for biblatex
Package biblatex Info: Trying to load citation style 'authoryear-comp'...
Package biblatex Info: ... file 'authoryear-comp.cbx' found.

(C:\Users\Fabrizio\AppData\Local\Programs\MiKTeX 2.9\tex/latex/biblatex/cbx\aut
horyear-comp.cbx
File: authoryear-comp.cbx 2020/12/31 v3.16 biblatex citation style (PK/MW)
Package biblatex Info: Redefining '\cite'.
Package biblatex Info: Redefining '\parencite'.
Package biblatex Info: Redefining '\footcite'.
Package biblatex Info: Redefining '\footcitetext'.
Package biblatex Info: Redefining '\smartcite'.
Package biblatex Info: Redefining '\textcite'.
Package biblatex Info: Redefining '\textcites'.
Package biblatex Info: Redefining '\cites'.
Package biblatex Info: Redefining '\parencites'.
Package biblatex Info: Redefining '\footcites'.
Package biblatex Info: Redefining '\footcitetexts'.
Package biblatex Info: Redefining '\smartcites'.
)
Package biblatex Info: Redefining '\citetitle'.
Package biblatex Info: Redefining '\citeyear'.
Package biblatex Info: Redefining '\citedate'.
Package biblatex Info: Redefining '\fullcite'.
)
Package biblatex Info: Redefining '\fullcite'.
)
Package biblatex Info: Trying to load configuration file...
Package biblatex Info: ... file 'biblatex.cfg' found.

(C:\Users\Fabrizio\AppData\Local\Programs\MiKTeX 2.9\tex/latex/biblatex\biblate
x.cfg
File: biblatex.cfg 
))
(C:\Users\Fabrizio\AppData\Local\Programs\MiKTeX 2.9\tex/latex/xcolor\xcolor.st
y
Package: xcolor 2021/10/31 v2.13 LaTeX color extensions (UK)

(C:\Users\Fabrizio\AppData\Local\Programs\MiKTeX 2.9\tex/latex/graphics-cfg\col
or.cfg
File: color.cfg 2016/01/02 v1.6 sample color configuration
)
Package xcolor Info: Driver file: pdftex.def on input line 227.
Package xcolor Info: Model `cmy' substituted by `cmy0' on input line 1352.
Package xcolor Info: Model `hsb' substituted by `rgb' on input line 1356.
Package xcolor Info: Model `RGB' extended on input line 1368.
Package xcolor Info: Model `HTML' substituted by `rgb' on input line 1370.
Package xcolor Info: Model `Hsb' substituted by `hsb' on input line 1371.
Package xcolor Info: Model `tHsb' substituted by `hsb' on input line 1372.
Package xcolor Info: Model `HSB' substituted by `hsb' on input line 1373.
Package xcolor Info: Model `Gray' substituted by `gray' on input line 1374.
Package xcolor Info: Model `wave' substituted by `hsb' on input line 1375.

(C:\Users\Fabrizio\AppData\Local\Programs\MiKTeX 2.9\tex/latex/graphics\dvipsna
m.def
File: dvipsnam.def 2016/06/17 v3.0m Driver-dependent file (DPC,SPQR)
))
(C:\Users\Fabrizio\AppData\Local\Programs\MiKTeX 2.9\tex/latex/base\fontenc.sty
Package: fontenc 2021/04/29 v2.0v Standard LaTeX package
) (C:\Users\Fabrizio\AppData\Local\Programs\MiKTeX 2.9\tex/latex/lm\lmodern.sty
Package: lmodern 2009/10/30 v1.6 Latin Modern Fonts
LaTeX Font Info:    Overwriting symbol font `operators' in version `normal'
(Font)                  OT1/cmr/m/n --> OT1/lmr/m/n on input line 22.
LaTeX Font Info:    Overwriting symbol font `letters' in version `normal'
(Font)                  OML/cmm/m/it --> OML/lmm/m/it on input line 23.
LaTeX Font Info:    Overwriting symbol font `symbols' in version `normal'
(Font)                  OMS/cmsy/m/n --> OMS/lmsy/m/n on input line 24.
LaTeX Font Info:    Overwriting symbol font `largesymbols' in version `normal'
(Font)                  OMX/cmex/m/n --> OMX/lmex/m/n on input line 25.
LaTeX Font Info:    Overwriting symbol font `operators' in version `bold'
(Font)                  OT1/cmr/bx/n --> OT1/lmr/bx/n on input line 26.
LaTeX Font Info:    Overwriting symbol font `letters' in version `bold'
(Font)                  OML/cmm/b/it --> OML/lmm/b/it on input line 27.
LaTeX Font Info:    Overwriting symbol font `symbols' in version `bold'
(Font)                  OMS/cmsy/b/n --> OMS/lmsy/b/n on input line 28.
LaTeX Font Info:    Overwriting symbol font `largesymbols' in version `bold'
(Font)                  OMX/cmex/m/n --> OMX/lmex/m/n on input line 29.
LaTeX Font Info:    Overwriting math alphabet `\mathbf' in version `normal'
(Font)                  OT1/cmr/bx/n --> OT1/lmr/bx/n on input line 31.
LaTeX Font Info:    Overwriting math alphabet `\mathsf' in version `normal'
(Font)                  OT1/cmss/m/n --> OT1/lmss/m/n on input line 32.
LaTeX Font Info:    Overwriting math alphabet `\mathit' in version `normal'
(Font)                  OT1/cmr/m/it --> OT1/lmr/m/it on input line 33.
LaTeX Font Info:    Overwriting math alphabet `\mathtt' in version `normal'
(Font)                  OT1/cmtt/m/n --> OT1/lmtt/m/n on input line 34.
LaTeX Font Info:    Overwriting math alphabet `\mathbf' in version `bold'
(Font)                  OT1/cmr/bx/n --> OT1/lmr/bx/n on input line 35.
LaTeX Font Info:    Overwriting math alphabet `\mathsf' in version `bold'
(Font)                  OT1/cmss/bx/n --> OT1/lmss/bx/n on input line 36.
LaTeX Font Info:    Overwriting math alphabet `\mathit' in version `bold'
(Font)                  OT1/cmr/bx/it --> OT1/lmr/bx/it on input line 37.
LaTeX Font Info:    Overwriting math alphabet `\mathtt' in version `bold'
(Font)                  OT1/cmtt/m/n --> OT1/lmtt/m/n on input line 38.
)
(C:\Users\Fabrizio\AppData\Local\Programs\MiKTeX 2.9\tex/latex/lipsum\lipsum.st
y
Package: lipsum 2021-09-20 v2.7 150 paragraphs of Lorem Ipsum dummy text
\g__lipsum_par_int=\count454
\l__lipsum_a_int=\count455
\l__lipsum_b_int=\count456

(C:\Users\Fabrizio\AppData\Local\Programs\MiKTeX 2.9\tex/latex/lipsum\lipsum.lt
d.tex))
(C:\Users\Fabrizio\AppData\Local\Programs\MiKTeX 2.9\tex/latex/eurosym\eurosym.
sty
Package: eurosym 1998/08/06 v1.1 European currency symbol ``Euro''
\@eurobox=\box69
)
(C:\Users\Fabrizio\AppData\Local\Programs\MiKTeX 2.9\tex/latex/hyperref\hyperre
f.sty
Package: hyperref 2021-06-07 v7.00m Hypertext links for LaTeX

(C:\Users\Fabrizio\AppData\Local\Programs\MiKTeX 2.9\tex/generic/kvdefinekeys\k
vdefinekeys.sty
Package: kvdefinekeys 2019-12-19 v1.6 Define keys (HO)
)
(C:\Users\Fabrizio\AppData\Local\Programs\MiKTeX 2.9\tex/generic/pdfescape\pdfe
scape.sty
Package: pdfescape 2019/12/09 v1.15 Implements pdfTeX's escape features (HO)
)
(C:\Users\Fabrizio\AppData\Local\Programs\MiKTeX 2.9\tex/latex/hycolor\hycolor.
sty
Package: hycolor 2020-01-27 v1.10 Color options for hyperref/bookmark (HO)
)
(C:\Users\Fabrizio\AppData\Local\Programs\MiKTeX 2.9\tex/latex/letltxmacro\letl
txmacro.sty
Package: letltxmacro 2019/12/03 v1.6 Let assignment for LaTeX macros (HO)
)
(C:\Users\Fabrizio\AppData\Local\Programs\MiKTeX 2.9\tex/latex/auxhook\auxhook.
sty
Package: auxhook 2019-12-17 v1.6 Hooks for auxiliary files (HO)
)
\@linkdim=\dimen265
\Hy@linkcounter=\count457
\Hy@pagecounter=\count458

(C:\Users\Fabrizio\AppData\Local\Programs\MiKTeX 2.9\tex/latex/hyperref\pd1enc.
def
File: pd1enc.def 2021-06-07 v7.00m Hyperref: PDFDocEncoding definition (HO)
Now handling font encoding PD1 ...
... no UTF-8 mapping file for font encoding PD1
)
(C:\Users\Fabrizio\AppData\Local\Programs\MiKTeX 2.9\tex/latex/hyperref\hyperre
f-langpatches.def
File: hyperref-langpatches.def 2021-06-07 v7.00m Hyperref: patches for babel la
nguages
)
(C:\Users\Fabrizio\AppData\Local\Programs\MiKTeX 2.9\tex/generic/intcalc\intcal
c.sty
Package: intcalc 2019/12/15 v1.3 Expandable calculations with integers (HO)
)
(C:\Users\Fabrizio\AppData\Local\Programs\MiKTeX 2.9\tex/generic/etexcmds\etexc
mds.sty
Package: etexcmds 2019/12/15 v1.7 Avoid name clashes with e-TeX commands (HO)
)
\Hy@SavedSpaceFactor=\count459

(C:\Users\Fabrizio\AppData\Local\Programs\MiKTeX 2.9\tex/latex/hyperref\puenc.d
ef
File: puenc.def 2021-06-07 v7.00m Hyperref: PDF Unicode definition (HO)
Now handling font encoding PU ...
... no UTF-8 mapping file for font encoding PU
)
Package hyperref Info: Hyper figures OFF on input line 4192.
Package hyperref Info: Link nesting OFF on input line 4197.
Package hyperref Info: Hyper index ON on input line 4200.
Package hyperref Info: Plain pages OFF on input line 4207.
Package hyperref Info: Backreferencing OFF on input line 4212.
Package hyperref Info: Implicit mode ON; LaTeX internals redefined.
Package hyperref Info: Bookmarks ON on input line 4445.
\c@Hy@tempcnt=\count460
LaTeX Info: Redefining \url on input line 4804.
\XeTeXLinkMargin=\dimen266

(C:\Users\Fabrizio\AppData\Local\Programs\MiKTeX 2.9\tex/generic/bitset\bitset.
sty
Package: bitset 2019/12/09 v1.3 Handle bit-vector datatype (HO)

(C:\Users\Fabrizio\AppData\Local\Programs\MiKTeX 2.9\tex/generic/bigintcalc\big
intcalc.sty
Package: bigintcalc 2019/12/15 v1.5 Expandable calculations on big integers (HO
)
))
\Fld@menulength=\count461
\Field@Width=\dimen267
\Fld@charsize=\dimen268
Package hyperref Info: Hyper figures OFF on input line 6076.
Package hyperref Info: Link nesting OFF on input line 6081.
Package hyperref Info: Hyper index ON on input line 6084.
Package hyperref Info: backreferencing OFF on input line 6091.
Package hyperref Info: Link coloring OFF on input line 6096.
Package hyperref Info: Link coloring with OCG OFF on input line 6101.
Package hyperref Info: PDF/A mode OFF on input line 6106.
LaTeX Info: Redefining \ref on input line 6146.
LaTeX Info: Redefining \pageref on input line 6150.
\Hy@abspage=\count462
\c@Item=\count463
\c@Hfootnote=\count464
)
Package hyperref Info: Driver (autodetected): hpdftex.

(C:\Users\Fabrizio\AppData\Local\Programs\MiKTeX 2.9\tex/latex/hyperref\hpdftex
.def
File: hpdftex.def 2021-06-07 v7.00m Hyperref driver for pdfTeX

(C:\Users\Fabrizio\AppData\Local\Programs\MiKTeX 2.9\tex/latex/base\atveryend-l
tx.sty
Package: atveryend-ltx 2020/08/19 v1.0a Emulation of the original atveryend pac
kage
with kernel methods
)
\Fld@listcount=\count465
\c@bookmark@seq@number=\count466

(C:\Users\Fabrizio\AppData\Local\Programs\MiKTeX 2.9\tex/latex/rerunfilecheck\r
erunfilecheck.sty
Package: rerunfilecheck 2019/12/05 v1.9 Rerun checks for auxiliary files (HO)

(C:\Users\Fabrizio\AppData\Local\Programs\MiKTeX 2.9\tex/generic/uniquecounter\
uniquecounter.sty
Package: uniquecounter 2019/12/15 v1.4 Provide unlimited unique counter (HO)
)
Package uniquecounter Info: New unique counter `rerunfilecheck' on input line 2
86.
)
\Hy@SectionHShift=\skip99
)
(C:\Users\Fabrizio\AppData\Local\Programs\MiKTeX 2.9\tex/latex/bookmark\bookmar
k.sty
Package: bookmark 2020-11-06 v1.29 PDF bookmarks (HO)

(C:\Users\Fabrizio\AppData\Local\Programs\MiKTeX 2.9\tex/latex/bookmark\bkm-pdf
tex.def
File: bkm-pdftex.def 2020-11-06 v1.29 bookmark driver for pdfTeX (HO)
\BKM@id=\count467
))
(C:\Users\Fabrizio\AppData\Local\Programs\MiKTeX 2.9\tex/latex/guitlogo\guit.st
y
Package: guit 2020/07/03 v1.0.0-alpha.4 Logo del GuIT

(C:\Users\Fabrizio\AppData\Local\Programs\MiKTeX 2.9\tex/latex/xkeyval\xkeyval.
sty
Package: xkeyval 2020/11/20 v2.8 package option processing (HA)

(C:\Users\Fabrizio\AppData\Local\Programs\MiKTeX 2.9\tex/generic/xkeyval\xkeyva
l.tex
(C:\Users\Fabrizio\AppData\Local\Programs\MiKTeX 2.9\tex/generic/xkeyval\xkvuti
ls.tex
\XKV@toks=\toks39
\XKV@tempa@toks=\toks40
)
\XKV@depth=\count468
File: xkeyval.tex 2014/12/03 v2.7a key=value parser (HA)
))
Package guit Info: Configuration file not found on input line 291.
)
(C:\Users\Fabrizio\AppData\Local\Programs\MiKTeX 2.9\tex/latex/fancyhdr\fancyhd
r.sty
Package: fancyhdr 2021/01/28 v4.0.1 Extensive control of page headers and foote
rs
\f@nch@headwidth=\skip100
\f@nch@O@elh=\skip101
\f@nch@O@erh=\skip102
\f@nch@O@olh=\skip103
\f@nch@O@orh=\skip104
\f@nch@O@elf=\skip105
\f@nch@O@erf=\skip106
\f@nch@O@olf=\skip107
\f@nch@O@orf=\skip108
)
(C:\Users\Fabrizio\AppData\Local\Programs\MiKTeX 2.9\tex/latex/colortbl\colortb
l.sty
Package: colortbl 2020/01/04 v1.0e Color table columns (DPC)
\everycr=\toks41
\minrowclearance=\skip109
)
(C:\Users\Fabrizio\AppData\Local\Programs\MiKTeX 2.9\tex/latex/acronym\acronym.
sty
Package: acronym 2020/04/17 v1.47 Support for acronyms (Tobias Oetiker)

(C:\Users\Fabrizio\AppData\Local\Programs\MiKTeX 2.9\tex/latex/bigfoot\suffix.s
ty
Package: suffix 2006/07/15 1.5a Variant command support
)
(C:\Users\Fabrizio\AppData\Local\Programs\MiKTeX 2.9\tex/latex/xstring\xstring.
sty
(C:\Users\Fabrizio\AppData\Local\Programs\MiKTeX 2.9\tex/generic/xstring\xstrin
g.tex
\integerpart=\count469
\decimalpart=\count470
)
Package: xstring 2021/07/21 v1.84 String manipulations (CT)
)
\AC@clearlist=\toks42
)
(C:\Users\Fabrizio\AppData\Local\Programs\MiKTeX 2.9\tex/latex/multirow\multiro
w.sty
Package: multirow 2021/03/15 v2.8 Span multiple rows of a table
\multirow@colwidth=\skip110
\multirow@cntb=\count471
\multirow@dima=\skip111
\bigstrutjot=\dimen269
)
(C:\Users\Fabrizio\AppData\Local\Programs\MiKTeX 2.9\tex/latex/pdfpages\pdfpage
s.sty
Package: pdfpages 2021/03/06 v0.5t Insert pages of external PDF documents (AM)

(C:\Users\Fabrizio\AppData\Local\Programs\MiKTeX 2.9\tex/latex/eso-pic\eso-pic.
sty
Package: eso-pic 2020/10/14 v3.0a eso-pic (RN)
\ESO@tempdima=\dimen270
\ESO@tempdimb=\dimen271
)
\AM@pagewidth=\dimen272
\AM@pageheight=\dimen273
\AM@fboxrule=\dimen274

(C:\Users\Fabrizio\AppData\Local\Programs\MiKTeX 2.9\tex/latex/pdfpages\pppdfte
x.def
File: pppdftex.def 2021/03/06 v0.5t Pdfpages driver for pdfTeX (AM)
)
\pdfpages@includegraphics@status=\count472
\AM@pagebox=\box70
\AM@global@opts=\toks43
\AM@pagecnt=\count473
\AM@toc@title=\toks44
\c@AM@survey=\count474
\AM@templatesizebox=\box71
) (ImpostazioniTesi.tex
Package hyperref Info: Option `colorlinks' set `true' on input line 213.
Package hyperref Info: Option `linktocpage' set `true' on input line 213.
Package hyperref Info: Option `breaklinks' set `true' on input line 213.
Package hyperref Info: Option `pageanchor' set `true' on input line 213.
Package hyperref Info: Option `hypertexnames' set `true' on input line 213.
)
Package csquotes Info: Checking for multilingual support...
Package csquotes Info: ... found 'babel' package.
LaTeX Font Info:    Trying to load font information for T1+lmr on input line 17
9.

(C:\Users\Fabrizio\AppData\Local\Programs\MiKTeX 2.9\tex/latex/lm\t1lmr.fd
File: t1lmr.fd 2009/10/30 v1.6 Font defs for Latin Modern
)
(Tesi.aux)
\openout1 = `Tesi.aux'.

LaTeX Font Info:    Checking defaults for OML/cmm/m/it on input line 179.
LaTeX Font Info:    ... okay on input line 179.
LaTeX Font Info:    Checking defaults for OMS/cmsy/m/n on input line 179.
LaTeX Font Info:    ... okay on input line 179.
LaTeX Font Info:    Checking defaults for OT1/cmr/m/n on input line 179.
LaTeX Font Info:    ... okay on input line 179.
LaTeX Font Info:    Checking defaults for T1/cmr/m/n on input line 179.
LaTeX Font Info:    ... okay on input line 179.
LaTeX Font Info:    Checking defaults for TS1/cmr/m/n on input line 179.
LaTeX Font Info:    ... okay on input line 179.
LaTeX Font Info:    Checking defaults for OMX/cmex/m/n on input line 179.
LaTeX Font Info:    ... okay on input line 179.
LaTeX Font Info:    Checking defaults for U/cmr/m/n on input line 179.
LaTeX Font Info:    ... okay on input line 179.
LaTeX Font Info:    Checking defaults for PD1/pdf/m/n on input line 179.
LaTeX Font Info:    ... okay on input line 179.
LaTeX Font Info:    Checking defaults for PU/pdf/m/n on input line 179.
LaTeX Font Info:    ... okay on input line 179.
LaTeX Info: Redefining \it@ocap on input line 179.
LaTeX Info: Redefining \it@ccap on input line 179.
LaTeX Info: Redefining \microtypecontext on input line 179.
Package microtype Info: Applying patch `item' on input line 179.
Package microtype Info: Applying patch `toc' on input line 179.
Package microtype Info: Applying patch `eqnum' on input line 179.
Package microtype Info: Applying patch `footnote' on input line 179.
Package microtype Info: Generating PDF output.
Package microtype Info: Character protrusion enabled (level 2).
Package microtype Info: Using default protrusion set `alltext'.
Package microtype Info: Automatic font expansion enabled (level 2),
(microtype)             stretch: 20, shrink: 20, step: 1, non-selected.
Package microtype Info: Using default expansion set `alltext-nott'.
LaTeX Info: Redefining \showhyphens on input line 179.
Package microtype Info: No adjustment of tracking.
Package microtype Info: No adjustment of interword spacing.
Package microtype Info: No adjustment of character kerning.

(C:\Users\Fabrizio\AppData\Local\Programs\MiKTeX 2.9\tex/latex/microtype\mt-cmr
.cfg
File: mt-cmr.cfg 2013/05/19 v2.2 microtype config. file: Computer Modern Roman 
(RS)
)
*geometry* driver: auto-detecting
*geometry* detected driver: pdftex
*geometry* verbose mode - [ preamble ] result:
* driver: pdftex
* paper: a4paper
* layout: <same size as paper>
* layoutoffset:(h,v)=(0.0pt,0.0pt)
* bindingoffset: 14.22636pt
* modes: twoside 
* h-part:(L,W,R)=(67.80325pt, 420.0pt, 95.47826pt)
* v-part:(T,H,B)=(68.5425pt, 679.57123pt, 96.93312pt)
* \paperwidth=597.50787pt
* \paperheight=845.04684pt
* \textwidth=420.0pt
* \textheight=679.57123pt
* \oddsidemargin=9.75963pt
* \evensidemargin=23.20827pt
* \topmargin=-35.60129pt
* \headheight=15.0pt
* \headsep=19.8738pt
* \topskip=12.0pt
* \footskip=30.0pt
* \marginparwidth=88.0pt
* \marginparsep=7.0pt
* \columnsep=10.0pt
* \skip\footins=10.8pt plus 4.0pt minus 2.0pt
* \hoffset=0.0pt
* \voffset=0.0pt
* \mag=1000
* \@twocolumnfalse
* \@twosidetrue
* \@mparswitchtrue
* \@reversemarginfalse
* (1in=72.27pt=25.4mm, 1cm=28.453pt)


(C:\Users\Fabrizio\AppData\Local\Programs\MiKTeX 2.9\tex/context/base/mkii\supp
-pdf.mkii
[Loading MPS to PDF converter (version 2006.09.02).]
\scratchcounter=\count475
\scratchdimen=\dimen275
\scratchbox=\box72
\nofMPsegments=\count476
\nofMParguments=\count477
\everyMPshowfont=\toks45
\MPscratchCnt=\count478
\MPscratchDim=\dimen276
\MPnumerator=\count479
\makeMPintoPDFobject=\count480
\everyMPtoPDFconversion=\toks46
)
(C:\Users\Fabrizio\AppData\Local\Programs\MiKTeX 2.9\tex/latex/epstopdf-pkg\eps
topdf-base.sty
Package: epstopdf-base 2020-01-24 v2.11 Base part for package epstopdf
Package epstopdf-base Info: Redefining graphics rule for `.eps' on input line 4
85.

(C:\Users\Fabrizio\AppData\Local\Programs\MiKTeX 2.9\tex/latex/00miktex\epstopd
f-sys.cfg
File: epstopdf-sys.cfg 2021/03/18 v2.0 Configuration of epstopdf for MiKTeX
))
Package caption Info: Begin \AtBeginDocument code.
Package caption Info: subfig package v1.3 is loaded.
Package caption Info: hyperref package is loaded.
Package caption Info: listings package is loaded.
Package caption Info: End \AtBeginDocument code.
\c@lstlisting=\count481
Package translations Info: no dictionary file `translations-basic-dictionary-it
alian.trsl' found. on input line 179.


LaTeX hooks Warning: Generic hook
(hooks)              'file/after/translations-basic-dictionary-english.trsl'
(hooks)              is deprecated.
(hooks)              Use hook
(hooks)              'file/translations-basic-dictionary-english.trsl/after'
(hooks)              instead.


(C:\Users\Fabrizio\AppData\Local\Programs\MiKTeX 2.9\tex/latex/translations/dic
ts\translations-basic-dictionary-english.trsl
File: translations-basic-dictionary-english.trsl (english translation file `tra
nslations-basic-dictionary')
)
Package translations Info: loading dictionary `translations-basic-dictionary' f
or `english'. on input line 179.
Package biblatex Info: Trying to load language 'italian' -> 'italian-philosophy
'...
Package biblatex Info: ... file 'italian-philosophy.lbx' found.

(C:\Users\Fabrizio\AppData\Local\Programs\MiKTeX 2.9\tex/latex/biblatex-philoso
phy\italian-philosophy.lbx
File: italian-philosophy.lbx 2021/11/06 v1.9.8f A set of styles for biblatex
Package biblatex Info: Trying to load language 'italian'...
Package biblatex Info: ... file 'italian.lbx' found.

(C:\Users\Fabrizio\AppData\Local\Programs\MiKTeX 2.9\tex/latex/biblatex/lbx\ita
lian.lbx
File: italian.lbx 2020/12/31 v3.16 biblatex localization (PK/MW)
)
Package biblatex Info: Trying to load language 'italian'...
Package biblatex Info: ... file 'italian.lbx' found.

(C:\Users\Fabrizio\AppData\Local\Programs\MiKTeX 2.9\tex/latex/biblatex/lbx\ita
lian.lbx
File: italian.lbx 2020/12/31 v3.16 biblatex localization (PK/MW)
))
Package biblatex Info: Trying to load language 'english' -> 'english-philosophy
'...
Package biblatex Info: ... file 'english-philosophy.lbx' found.

(C:\Users\Fabrizio\AppData\Local\Programs\MiKTeX 2.9\tex/latex/biblatex-philoso
phy\english-philosophy.lbx
File: english-philosophy.lbx 2021/11/06 v1.9.8f A set of styles for biblatex
Package biblatex Info: Trying to load language 'english'...
Package biblatex Info: ... file 'english.lbx' found.

(C:\Users\Fabrizio\AppData\Local\Programs\MiKTeX 2.9\tex/latex/biblatex/lbx\eng
lish.lbx
File: english.lbx 2020/12/31 v3.16 biblatex localization (PK/MW)
)
Package biblatex Info: Trying to load language 'english'...
Package biblatex Info: ... file 'english.lbx' found.

(C:\Users\Fabrizio\AppData\Local\Programs\MiKTeX 2.9\tex/latex/biblatex/lbx\eng
lish.lbx
File: english.lbx 2020/12/31 v3.16 biblatex localization (PK/MW)
))
Package biblatex Info: Input encoding 'utf8' detected.
Package biblatex Info: Automatic encoding selection.
(biblatex)             Assuming data encoding 'utf8'.
Package biblatex Info: Document encoding is UTF8 ....
Package biblatex Info: ... and expl3
(biblatex)             2021-11-22 L3 programming layer (loader) 
(biblatex)             is new enough (at least 2020/04/06),
(biblatex)             setting 'casechanger=expl3'.

(C:\Users\Fabrizio\AppData\Local\Programs\MiKTeX 2.9\tex/latex/biblatex\blx-cas
e-expl3.sty
(C:\Users\Fabrizio\AppData\Local\Programs\MiKTeX 2.9\tex/latex/l3packages/xpars
e\xparse.sty
Package: xparse 2021-11-12 L3 Experimental document command parser
)
Package: blx-case-expl3 2020/12/31 v3.16 expl3 case changing code for biblatex
)
\openout4 = `Tesi.bcf'.

Package biblatex Info: Trying to load bibliographic data...
Package biblatex Info: ... file 'Tesi.bbl' found.
 (Tesi.bbl)

Package biblatex Warning: citation 'collina:2002:numerical-simulation-of-pantog
raph-overhead' was not found at all in the .bbl, bibliography labels cannot be 
generated, please correct the citation.


Package biblatex Warning: citation 'comini:2008:fondamenti-di-termofluidodinami
ca-computazionale' was not found at all in the .bbl, bibliography labels cannot
 be generated, please correct the citation.


Package biblatex Warning: citation 'cheli:2011:steady-and-moving-high-speed' wa
s not found at all in the .bbl, bibliography labels cannot be generated, please
 correct the citation.


Package biblatex Warning: citation 'wikipedia:2013:law-of-the-wall' was not fou
nd at all in the .bbl, bibliography labels cannot be generated, please correct 
the citation.


Package biblatex Warning: citation 'engys:2012:a-comprehensive-tour-of-snappyhe
xmesh' was not found at all in the .bbl, bibliography labels cannot be generate
d, please correct the citation.


Package biblatex Warning: citation 'pantieri:2012:larte-di-scrivere-con-latex' 
was not found at all in the .bbl, bibliography labels cannot be generated, plea
se correct the citation.

Package biblatex Info: Reference section=0 on input line 179.
Package biblatex Info: Reference segment=0 on input line 179.
Package hyperref Info: Link coloring ON on input line 179.

(C:\Users\Fabrizio\AppData\Local\Programs\MiKTeX 2.9\tex/latex/hyperref\nameref
.sty
Package: nameref 2021-04-02 v2.47 Cross-referencing by name of section

(C:\Users\Fabrizio\AppData\Local\Programs\MiKTeX 2.9\tex/latex/refcount\refcoun
t.sty
Package: refcount 2019/12/15 v3.6 Data extraction from label references (HO)
)
(C:\Users\Fabrizio\AppData\Local\Programs\MiKTeX 2.9\tex/generic/gettitlestring
\gettitlestring.sty
Package: gettitlestring 2019/12/15 v1.6 Cleanup title references (HO)
)
\c@section@level=\count482
LaTeX Info: Redefining \Ref on input line 520.
)
LaTeX Info: Redefining \ref on input line 179.
LaTeX Info: Redefining \pageref on input line 179.
LaTeX Info: Redefining \nameref on input line 179.
LaTeX Info: Redefining \Ref on input line 179.

(C:\Users\Fabrizio\AppData\Local\Programs\MiKTeX 2.9\tex/latex/pdflscape\pdflsc
ape.sty
Package: pdflscape 2019/12/05 v0.12 Display of landscape pages in PDF (HO)

(C:\Users\Fabrizio\AppData\Local\Programs\MiKTeX 2.9\tex/latex/graphics\lscape.
sty
Package: lscape 2020/05/28 v3.02 Landscape Pages (DPC)
)
Package pdflscape Info: Auto-detected driver: pdftex on input line 81.
) (FrontMatter/Frontespizio.tex

Package frontespizio Warning: Missing file Tesi-frn.pdf.

[1



]) [2

] (FrontMatter/Ringraziamenti.tex

LaTeX Font Warning: Font shape `T1/lmr/bx/sc' undefined
(Font)              using `T1/lmr/bx/n' instead on input line 26.

) (FrontMatter/Dedica.tex) (FrontMatter/Indici.tex [3


{C:/Users/Fabrizio/AppData/Local/MiKTeX/2.9/fonts/map/pdftex/pdftex.map}] [4

] (Tesi.toc
LaTeX Font Info:    Trying to load font information for OT1+lmr on input line 1
9.

(C:\Users\Fabrizio\AppData\Local\Programs\MiKTeX 2.9\tex/latex/lm\ot1lmr.fd
File: ot1lmr.fd 2009/10/30 v1.6 Font defs for Latin Modern
)
LaTeX Font Info:    Trying to load font information for OML+lmm on input line 1
9.

(C:\Users\Fabrizio\AppData\Local\Programs\MiKTeX 2.9\tex/latex/lm\omllmm.fd
File: omllmm.fd 2009/10/30 v1.6 Font defs for Latin Modern
)
LaTeX Font Info:    Trying to load font information for OMS+lmsy on input line 
19.

(C:\Users\Fabrizio\AppData\Local\Programs\MiKTeX 2.9\tex/latex/lm\omslmsy.fd
File: omslmsy.fd 2009/10/30 v1.6 Font defs for Latin Modern
)
LaTeX Font Info:    Trying to load font information for OMX+lmex on input line 
19.

(C:\Users\Fabrizio\AppData\Local\Programs\MiKTeX 2.9\tex/latex/lm\omxlmex.fd
File: omxlmex.fd 2009/10/30 v1.6 Font defs for Latin Modern
)
LaTeX Font Info:    External font `lmex10' loaded for size
(Font)              <12> on input line 19.
LaTeX Font Info:    External font `lmex10' loaded for size
(Font)              <8> on input line 19.
LaTeX Font Info:    External font `lmex10' loaded for size
(Font)              <6> on input line 19.
LaTeX Font Info:    Trying to load font information for U+msa on input line 19.


(C:\Users\Fabrizio\AppData\Local\Programs\MiKTeX 2.9\tex/latex/amsfonts\umsa.fd
File: umsa.fd 2013/01/14 v3.01 AMS symbols A
)
(C:\Users\Fabrizio\AppData\Local\Programs\MiKTeX 2.9\tex/latex/microtype\mt-msa
.cfg
File: mt-msa.cfg 2006/02/04 v1.1 microtype config. file: AMS symbols (a) (RS)
)
LaTeX Font Info:    Trying to load font information for U+msb on input line 19.


(C:\Users\Fabrizio\AppData\Local\Programs\MiKTeX 2.9\tex/latex/amsfonts\umsb.fd
File: umsb.fd 2013/01/14 v3.01 AMS symbols B
)
(C:\Users\Fabrizio\AppData\Local\Programs\MiKTeX 2.9\tex/latex/microtype\mt-msb
.cfg
File: mt-msb.cfg 2005/06/01 v1.0 microtype config. file: AMS symbols (b) (RS)
))
\tf@toc=\write5
\openout5 = `Tesi.toc'.

 [5] [6

] (Tesi.lof)
\tf@lof=\write6
\openout6 = `Tesi.lof'.

 [7] [8

] (Tesi.lot)
\tf@lot=\write7
\openout7 = `Tesi.lot'.

 [9] [10

] (Tesi.lol)
\tf@lol=\write8
\openout8 = `Tesi.lol'.

)
(FrontMatter/SommarioAbstract.tex [11] [12

] [13]) [14

]
(MainMatter/Introduzione.tex
<Immagini/Introduzione//pantosimm.jpg, id=148, 769.87625pt x 456.70625pt>
File: Immagini/Introduzione//pantosimm.jpg Graphic file (type jpg)
<use Immagini/Introduzione//pantosimm.jpg>
Package pdftex.def Info: Immagini/Introduzione//pantosimm.jpg  used on input li
ne 38.
(pdftex.def)             Requested size: 201.5982pt x 119.591pt.
<Immagini/Introduzione//pantoinpresa2.png, id=149, 321.2pt x 191.71625pt>
File: Immagini/Introduzione//pantoinpresa2.png Graphic file (type png)
<use Immagini/Introduzione//pantoinpresa2.png>
Package pdftex.def Info: Immagini/Introduzione//pantoinpresa2.png  used on inpu
t line 41.
(pdftex.def)             Requested size: 201.5982pt x 120.33136pt.


LaTeX Warning: Citation 'collina:2002:numerical-simulation-of-pantograph-overhe
ad' on page 1 undefined on input line 53.


LaTeX Warning: Citation 'comini:2008:fondamenti-di-termofluidodinamica-computaz
ionale' on page 1 undefined on input line 53.


Overfull \hbox (33.2437pt too wide) in paragraph at lines 53--57
[]\T1/lmr/m/n/12 (-20) Qualche ci-ta-zio-ne ([];
 []


Overfull \hbox (1.28891pt too wide) in paragraph at lines 53--57
[]\T1/lmr/m/n/12 (-20) ). []Lo-rem
 []

[1




 <./Immagini/Introduzione//pantosimm.jpg> <./Immagini/Introduzione//pantoinpres
a2.png>]
LaTeX Font Info:    External font `lmex10' loaded for size
(Font)              <10> on input line 60.
LaTeX Font Info:    External font `lmex10' loaded for size
(Font)              <7> on input line 60.
LaTeX Font Info:    External font `lmex10' loaded for size
(Font)              <5> on input line 60.
<Immagini/Introduzione//noimage.png, id=164, 351.3125pt x 351.3125pt>
File: Immagini/Introduzione//noimage.png Graphic file (type png)
<use Immagini/Introduzione//noimage.png>
Package pdftex.def Info: Immagini/Introduzione//noimage.png  used on input line
 72.
(pdftex.def)             Requested size: 252.00256pt x 252.01205pt.
 [2 <./Immagini/Introduzione//noimage.png (PNG copy)>] [3])
(MainMatter/StatoArte.tex [4

]
Capitolo 1.

LaTeX Warning: Citation 'cheli:2011:steady-and-moving-high-speed' on page 5 und
efined on input line 18.


LaTeX Warning: Citation 'wikipedia:2013:law-of-the-wall' on page 5 undefined on
 input line 20.

Package acronym Info: Label `acro:OpenFOAM' newly defined as it shall be overri
dden
although it is yet undefined on input line 20.

LaTeX Warning: Citation 'engys:2012:a-comprehensive-tour-of-snappyhexmesh' on p
age 5 undefined on input line 20.

)
Overfull \hbox (22.46846pt too wide) in paragraph at lines 20--217
[]\T1/lmr/m/n/12 (-20) Anche on-li-ne  pre-sen-te ma-te-ria-le in-te-res-san-t
e. In []
 []


Overfull \hbox (51.73965pt too wide) in paragraph at lines 20--217
[][][][][][][]\T1/lmr/m/n/12 (-20) ,  de-scrit-to al-tro-ve ([]).
 []

(MainMatter/ProveSperimentali.tex [5

] [6

]
Capitolo 2.
Package epstopdf Info: Source file: <Immagini/ProveSperimentali/Subfolder1//imm
agine1.eps>
(epstopdf)                    date: 2014-05-04 15:34:00
(epstopdf)                    size: 11558 bytes
(epstopdf)             Output file: <Immagini/ProveSperimentali/Subfolder1//imm
agine1-eps-converted-to.pdf>
(epstopdf)                    date: 2021-12-21 16:42:10
(epstopdf)                    size: 8519 bytes
(epstopdf)             Command: <miktex-epstopdf --outfile=Immagini/ProveSperim
entali/Subfolder1//immagine1-eps-converted-to.pdf Immagini/ProveSperimentali/Su
bfolder1//immagine1.eps>
(epstopdf)             \includegraphics on input line 31.
Package epstopdf Info: Output file is already uptodate.


pdfTeX warning: pdflatex.exe (file ./Immagini/ProveSperimentali/Subfolder1//imm
agine1-eps-converted-to.pdf): PDF inclusion: found PDF version <1.7>, but at mo
st version <1.5> allowed
<Immagini/ProveSperimentali/Subfolder1//immagine1-eps-converted-to.pdf, id=199,
 516.93124pt x 427.5975pt>
File: Immagini/ProveSperimentali/Subfolder1//immagine1-eps-converted-to.pdf Gra
phic file (type pdf)
<use Immagini/ProveSperimentali/Subfolder1//immagine1-eps-converted-to.pdf>
Package pdftex.def Info: Immagini/ProveSperimentali/Subfolder1//immagine1-eps-c
onverted-to.pdf  used on input line 31.
(pdftex.def)             Requested size: 210.0pt x 173.71104pt.
Package epstopdf Info: Source file: <Immagini/ProveSperimentali/Subfolder2//imm
agine2.eps>
(epstopdf)                    date: 2014-05-04 15:37:54
(epstopdf)                    size: 11800 bytes
(epstopdf)             Output file: <Immagini/ProveSperimentali/Subfolder2//imm
agine2-eps-converted-to.pdf>
(epstopdf)                    date: 2021-12-21 16:42:11
(epstopdf)                    size: 9123 bytes
(epstopdf)             Command: <miktex-epstopdf --outfile=Immagini/ProveSperim
entali/Subfolder2//immagine2-eps-converted-to.pdf Immagini/ProveSperimentali/Su
bfolder2//immagine2.eps>
(epstopdf)             \includegraphics on input line 34.
Package epstopdf Info: Output file is already uptodate.


pdfTeX warning: pdflatex.exe (file ./Immagini/ProveSperimentali/Subfolder2//imm
agine2-eps-converted-to.pdf): PDF inclusion: found PDF version <1.7>, but at mo
st version <1.5> allowed
<Immagini/ProveSperimentali/Subfolder2//immagine2-eps-converted-to.pdf, id=200,
 517.935pt x 427.5975pt>
File: Immagini/ProveSperimentali/Subfolder2//immagine2-eps-converted-to.pdf Gra
phic file (type pdf)
<use Immagini/ProveSperimentali/Subfolder2//immagine2-eps-converted-to.pdf>
Package pdftex.def Info: Immagini/ProveSperimentali/Subfolder2//immagine2-eps-c
onverted-to.pdf  used on input line 34.
(pdftex.def)             Requested size: 210.0pt x 173.37177pt.
Package epstopdf Info: Source file: <Immagini/ProveSperimentali//immagine3.eps>

(epstopdf)                    date: 2014-05-04 15:42:36
(epstopdf)                    size: 13681 bytes
(epstopdf)             Output file: <Immagini/ProveSperimentali//immagine3-eps-
converted-to.pdf>
(epstopdf)                    date: 2021-12-21 16:42:12
(epstopdf)                    size: 9957 bytes
(epstopdf)             Command: <miktex-epstopdf --outfile=Immagini/ProveSperim
entali//immagine3-eps-converted-to.pdf Immagini/ProveSperimentali//immagine3.ep
s>
(epstopdf)             \includegraphics on input line 37.
Package epstopdf Info: Output file is already uptodate.


pdfTeX warning: pdflatex.exe (file ./Immagini/ProveSperimentali//immagine3-eps-
converted-to.pdf): PDF inclusion: found PDF version <1.7>, but at most version 
<1.5> allowed
<Immagini/ProveSperimentali//immagine3-eps-converted-to.pdf, id=201, 517.935pt 
x 427.5975pt>
File: Immagini/ProveSperimentali//immagine3-eps-converted-to.pdf Graphic file (
type pdf)
<use Immagini/ProveSperimentali//immagine3-eps-converted-to.pdf>
Package pdftex.def Info: Immagini/ProveSperimentali//immagine3-eps-converted-to
.pdf  used on input line 37.
(pdftex.def)             Requested size: 336.00128pt x 277.40659pt.
) [7] [8 <./Immagini/ProveSperimentali/Subfolder1//immagine1-eps-converted-to.p
df> <./Immagini/ProveSperimentali/Subfolder2//immagine2-eps-converted-to.pdf> <
./Immagini/ProveSperimentali//immagine3-eps-converted-to.pdf>]
(MainMatter/AnalisiNumeriche.tex [9] [10

]
Capitolo 3.
[11]) (MainMatter/Conclusioni.tex [12]) (MainMatter/Appendice1.tex [13


]
[14

]
Appendice A.

LaTeX Warning: Citation 'pantieri:2012:larte-di-scrivere-con-latex' on page 15 
undefined on input line 21.


(C:\Users\Fabrizio\AppData\Local\Programs\MiKTeX 2.9\tex/latex/listings\lstlang
1.sty
File: lstlang1.sty 2020/03/24 1.8d listings language file
)
LaTeX Font Info:    Trying to load font information for T1+lmtt on input line 2
1.

(C:\Users\Fabrizio\AppData\Local\Programs\MiKTeX 2.9\tex/latex/lm\t1lmtt.fd
File: t1lmtt.fd 2009/10/30 v1.6 Font defs for Latin Modern
)
Package microtype Info: Loading generic protrusion settings for font family
(microtype)             `lmtt' (encoding: T1).
(microtype)             For optimal results, create family-specific settings.
(microtype)             See the microtype manual for details.

(Codici/pulisci_TESI.m) (Codici/pulisci_TESI.m) [15] (Codici/pulisci_TESI.m
[16])) (MainMatter/Appendice2.tex [17] [18]
Appendice B.
) [19

] [20] (BackMatter/Acronimi.tex
LaTeX Font Info:    Trying to load font information for T1+lmss on input line 1
8.

(C:\Users\Fabrizio\AppData\Local\Programs\MiKTeX 2.9\tex/latex/lm\t1lmss.fd
File: t1lmss.fd 2009/10/30 v1.6 Font defs for Latin Modern
)
Package microtype Info: Loading generic protrusion settings for font family
(microtype)             `lmss' (encoding: T1).
(microtype)             For optimal results, create family-specific settings.
(microtype)             See the microtype manual for details.


LaTeX Warning: Hyper reference `acro:CFD' on page 21 undefined on input line 28
.


LaTeX Warning: Hyper reference `acro:CFD' on page 21 undefined on input line 28
.


LaTeX Warning: Hyper reference `acro:HPC' on page 21 undefined on input line 38
.


LaTeX Warning: Hyper reference `acro:HPC' on page 21 undefined on input line 38
.

LaTeX Font Info:    Trying to load font information for TS1+lmr on input line 5
0.
(C:\Users\Fabrizio\AppData\Local\Programs\MiKTeX 2.9\tex/latex/lm\ts1lmr.fd
File: ts1lmr.fd 2009/10/30 v1.6 Font defs for Latin Modern
)

LaTeX Warning: Hyper reference `acro:CINECA' on page 21 undefined on input line
 58.


LaTeX Warning: Hyper reference `acro:CINECA' on page 21 undefined on input line
 58.

) (BackMatter/Bibliografia.tex [21




] [22

]

LaTeX Warning: Empty bibliography on input line 44.


Package biblatex Warning: Type 'online' not found on input line 54.


LaTeX Warning: Empty bibliography on input line 54.


LaTeX Warning: Empty bibliography on input line 74.


Package biblatex Warning: Type 'online' not found on input line 84.


LaTeX Warning: Empty bibliography on input line 84.


Package biblatex Warning: Keyword 'LaTeX' not found on input line 94.


LaTeX Warning: Empty bibliography on input line 94.

) [23

]

Package frontespizio Warning: Remember to compile Tesi-frn with
(frontespizio)                pdflatex Tesi-frn
(frontespizio)                and then rerun pdflatex.

(Tesi.aux)

LaTeX Font Warning: Some font shapes were not available, defaults substituted.


LaTeX Warning: There were undefined references.


Package biblatex Warning: Please (re)run Biber on the file:
(biblatex)                Tesi
(biblatex)                and rerun LaTeX afterwards.

Package logreq Info: Writing requests to 'Tesi.run.xml'.
\openout1 = `Tesi.run.xml'.

 ) 
Here is how much of TeX's memory you used:
 34196 strings out of 478625
 648379 string characters out of 2840929
 1634854 words of memory out of 3000000
 51288 multiletter control sequences out of 15000+600000
 506107 words of font info for 181 fonts, out of 8000000 for 9000
 1144 hyphenation exceptions out of 8191
 71i,13n,79p,1151b,2670s stack positions out of 5000i,500n,10000p,200000b,80000s
{C:/Users/Fabrizio/AppData/Local/Programs/MiKTeX 2.9/fonts/enc/dvips/lm/lm-ec
.enc}{C:/Users/Fabrizio/AppData/Local/Programs/MiKTeX 2.9/fonts/enc/dvips/lm/lm
-ts1.enc}{C:/Users/Fabrizio/AppData/Local/Programs/MiKTeX 2.9/fonts/enc/dvips/l
m/lm-rm.enc}{C:/Users/Fabrizio/AppData/Local/Programs/MiKTeX 2.9/fonts/enc/dvip
s/lm/lm-mathex.enc}{C:/Users/Fabrizio/AppData/Local/Programs/MiKTeX 2.9/fonts/e
nc/dvips/lm/lm-mathsy.enc}{C:/Users/Fabrizio/AppData/Local/Programs/MiKTeX 2.9/
fonts/enc/dvips/lm/lm-mathit.enc}<C:/Users/Fabrizio/AppData/Local/Programs/MiKT
eX 2.9/fonts/type1/public/lm/lmbx10.pfb><C:/Users/Fabrizio/AppData/Local/Progra
ms/MiKTeX 2.9/fonts/type1/public/lm/lmbx12.pfb><C:/Users/Fabrizio/AppData/Local
/Programs/MiKTeX 2.9/fonts/type1/public/lm/lmbx8.pfb><C:/Users/Fabrizio/AppData
/Local/Programs/MiKTeX 2.9/fonts/type1/public/lm/lmex10.pfb><C:/Users/Fabrizio/
AppData/Local/Programs/MiKTeX 2.9/fonts/type1/public/lm/lmmi12.pfb><C:/Users/Fa
brizio/AppData/Local/Programs/MiKTeX 2.9/fonts/type1/public/lm/lmmi8.pfb><C:/Us
ers/Fabrizio/AppData/Local/Programs/MiKTeX 2.9/fonts/type1/public/lm/lmr10.pfb>
<C:/Users/Fabrizio/AppData/Local/Programs/MiKTeX 2.9/fonts/type1/public/lm/lmr1
2.pfb><C:/Users/Fabrizio/AppData/Local/Programs/MiKTeX 2.9/fonts/type1/public/l
m/lmr7.pfb><C:/Users/Fabrizio/AppData/Local/Programs/MiKTeX 2.9/fonts/type1/pub
lic/lm/lmr8.pfb><C:/Users/Fabrizio/AppData/Local/Programs/MiKTeX 2.9/fonts/type
1/public/lm/lmri10.pfb><C:/Users/Fabrizio/AppData/Local/Programs/MiKTeX 2.9/fon
ts/type1/public/lm/lmri12.pfb><C:/Users/Fabrizio/AppData/Local/Programs/MiKTeX 
2.9/fonts/type1/public/lm/lmssbx10.pfb><C:/Users/Fabrizio/AppData/Local/Program
s/MiKTeX 2.9/fonts/type1/public/lm/lmsy10.pfb><C:/Users/Fabrizio/AppData/Local/
Programs/MiKTeX 2.9/fonts/type1/public/lm/lmtt12.pfb>
Output written on Tesi.pdf (37 pages, 618401 bytes).
PDF statistics:
 625 PDF objects out of 1000 (max. 8388607)
 200 named destinations out of 1000 (max. 500000)
 60175 words of extra memory for PDF output out of 61914 (max. 10000000)

